2025-07-20 16:49:46.518 [info] Extension host with pid 14490 started
2025-07-20 16:49:46.518 [info] Skipping acquiring lock for /home/sclorentz/.config/VSCodium/User/workspaceStorage/231a3f420da5a307c1c61b8fc93dc72f.
2025-07-20 16:49:47.217 [info] ExtensionService#_doActivateExtension vscode.emmet, startup: false, activationEvent: 'onLanguage'
2025-07-20 16:49:47.278 [info] ExtensionService#_doActivateExtension cschlosser.doxdocgen, startup: false, activationEvent: 'onLanguage:cpp'
2025-07-20 16:49:47.585 [info] ExtensionService#_doActivateExtension vadimcn.vscode-lldb, startup: false, activationEvent: 'onLanguage:cpp', root cause: franneck94.c-cpp-runner
2025-07-20 16:49:49.376 [info] ExtensionService#_doActivateExtension vscode.git-base, startup: true, activationEvent: '*', root cause: vscode.git
2025-07-20 16:49:49.396 [info] ExtensionService#_doActivateExtension mesonbuild.mesonbuild, startup: true, activationEvent: 'workspaceContains:meson.build'
2025-07-20 16:49:49.931 [info] ExtensionService#_doActivateExtension franneck94.c-cpp-runner, startup: false, activationEvent: 'onLanguage:cpp'
2025-07-20 16:49:50.153 [info] ExtensionService#_doActivateExtension vscode.git, startup: true, activationEvent: '*'
2025-07-20 16:49:50.335 [info] ExtensionService#_doActivateExtension vscode.github, startup: true, activationEvent: '*'
2025-07-20 16:49:51.048 [error] CodeExpectedError: Unable to write to Workspace Settings because C_Cpp.default.compileCommands is not a registered configuration.
    at Sft.toConfigurationEditingError (vscode-file://vscode-app/nix/store/hkli1fcbdw2xqqs23clp6f6djac2dh1q-vscodium-1.100.13210/lib/vscode/resources/app/out/vs/workbench/workbench.desktop.main.js:3232:8351)
    at Sft.validate (vscode-file://vscode-app/nix/store/hkli1fcbdw2xqqs23clp6f6djac2dh1q-vscodium-1.100.13210/lib/vscode/resources/app/out/vs/workbench/workbench.desktop.main.js:3232:11157)
    at Sft.doWriteConfiguration (vscode-file://vscode-app/nix/store/hkli1fcbdw2xqqs23clp6f6djac2dh1q-vscodium-1.100.13210/lib/vscode/resources/app/out/vs/workbench/workbench.desktop.main.js:3232:4720)
    at Object.factory (vscode-file://vscode-app/nix/store/hkli1fcbdw2xqqs23clp6f6djac2dh1q-vscodium-1.100.13210/lib/vscode/resources/app/out/vs/workbench/workbench.desktop.main.js:3232:4576)
    at sy.consume (vscode-file://vscode-app/nix/store/hkli1fcbdw2xqqs23clp6f6djac2dh1q-vscodium-1.100.13210/lib/vscode/resources/app/out/vs/workbench/workbench.desktop.main.js:30:76910)
    at vscode-file://vscode-app/nix/store/hkli1fcbdw2xqqs23clp6f6djac2dh1q-vscodium-1.100.13210/lib/vscode/resources/app/out/vs/workbench/workbench.desktop.main.js:30:76725
    at new Promise (<anonymous>)
    at sy.queue (vscode-file://vscode-app/nix/store/hkli1fcbdw2xqqs23clp6f6djac2dh1q-vscodium-1.100.13210/lib/vscode/resources/app/out/vs/workbench/workbench.desktop.main.js:30:76649)
    at Sft.writeConfiguration (vscode-file://vscode-app/nix/store/hkli1fcbdw2xqqs23clp6f6djac2dh1q-vscodium-1.100.13210/lib/vscode/resources/app/out/vs/workbench/workbench.desktop.main.js:3232:4545)
    at kQs.writeConfigurationValue (vscode-file://vscode-app/nix/store/hkli1fcbdw2xqqs23clp6f6djac2dh1q-vscodium-1.100.13210/lib/vscode/resources/app/out/vs/workbench/workbench.desktop.main.js:3232:61397)
2025-07-20 16:49:51.090 [error] CodeExpectedError: Unable to write to Workspace Settings because C_Cpp.default.configurationProvider is not a registered configuration.
    at Sft.toConfigurationEditingError (vscode-file://vscode-app/nix/store/hkli1fcbdw2xqqs23clp6f6djac2dh1q-vscodium-1.100.13210/lib/vscode/resources/app/out/vs/workbench/workbench.desktop.main.js:3232:8351)
    at Sft.validate (vscode-file://vscode-app/nix/store/hkli1fcbdw2xqqs23clp6f6djac2dh1q-vscodium-1.100.13210/lib/vscode/resources/app/out/vs/workbench/workbench.desktop.main.js:3232:11157)
    at Sft.doWriteConfiguration (vscode-file://vscode-app/nix/store/hkli1fcbdw2xqqs23clp6f6djac2dh1q-vscodium-1.100.13210/lib/vscode/resources/app/out/vs/workbench/workbench.desktop.main.js:3232:4720)
    at Object.factory (vscode-file://vscode-app/nix/store/hkli1fcbdw2xqqs23clp6f6djac2dh1q-vscodium-1.100.13210/lib/vscode/resources/app/out/vs/workbench/workbench.desktop.main.js:3232:4576)
    at sy.consume (vscode-file://vscode-app/nix/store/hkli1fcbdw2xqqs23clp6f6djac2dh1q-vscodium-1.100.13210/lib/vscode/resources/app/out/vs/workbench/workbench.desktop.main.js:30:76910)
    at vscode-file://vscode-app/nix/store/hkli1fcbdw2xqqs23clp6f6djac2dh1q-vscodium-1.100.13210/lib/vscode/resources/app/out/vs/workbench/workbench.desktop.main.js:30:76725
    at new Promise (<anonymous>)
    at sy.queue (vscode-file://vscode-app/nix/store/hkli1fcbdw2xqqs23clp6f6djac2dh1q-vscodium-1.100.13210/lib/vscode/resources/app/out/vs/workbench/workbench.desktop.main.js:30:76649)
    at Sft.writeConfiguration (vscode-file://vscode-app/nix/store/hkli1fcbdw2xqqs23clp6f6djac2dh1q-vscodium-1.100.13210/lib/vscode/resources/app/out/vs/workbench/workbench.desktop.main.js:3232:4545)
    at kQs.writeConfigurationValue (vscode-file://vscode-app/nix/store/hkli1fcbdw2xqqs23clp6f6djac2dh1q-vscodium-1.100.13210/lib/vscode/resources/app/out/vs/workbench/workbench.desktop.main.js:3232:61397)
2025-07-20 16:49:51.423 [info] ExtensionService#_doActivateExtension vscode.github-authentication, startup: false, activationEvent: 'onAuthenticationRequest:github'
2025-07-20 16:49:54.212 [info] ExtensionService#_doActivateExtension vscode.configuration-editing, startup: false, activationEvent: 'onLanguage:jsonc'
2025-07-20 16:49:54.227 [info] ExtensionService#_doActivateExtension vscode.json-language-features, startup: false, activationEvent: 'onLanguage:jsonc'
2025-07-20 16:49:54.347 [info] ExtensionService#_doActivateExtension vscode.typescript-language-features, startup: false, activationEvent: 'onLanguage:jsonc'
2025-07-20 16:49:57.897 [info] ExtensionService#_doActivateExtension vscode.debug-auto-launch, startup: false, activationEvent: 'onStartupFinished'
2025-07-20 16:49:57.907 [info] ExtensionService#_doActivateExtension vscode.merge-conflict, startup: false, activationEvent: 'onStartupFinished'
2025-07-20 16:49:57.987 [info] ExtensionService#_doActivateExtension aaron-bond.better-comments, startup: false, activationEvent: 'onStartupFinished'
2025-07-20 16:49:58.003 [info] ExtensionService#_doActivateExtension franneck94.vscode-c-cpp-config, startup: false, activationEvent: 'onStartupFinished'
2025-07-20 18:42:23.687 [info] ExtensionService#_doActivateExtension vscode.npm, startup: false, activationEvent: 'onTerminalQuickFixRequest:ms-vscode.npm-command'
