[Error - 8:42:34 AM] Client Clang Language Server: connection to server is erroring.
write EPIPE
Shutting down server.
[Error - 8:42:34 AM] Client Clang Language Server: connection to server is erroring.
write EPIPE
[Error - 8:42:34 AM] Stopping server failed
Error: Client is not running and can't be stopped. It's current state is: starting
	at _4.shutdown (/home/sclorentz/.vscode-oss/extensions/llvm-vs-code-extensions.vscode-clangd-0.2.0-universal/out/bundle.js:41:8486)
	at _4.stop (/home/sclorentz/.vscode-oss/extensions/llvm-vs-code-extensions.vscode-clangd-0.2.0-universal/out/bundle.js:41:8065)
	at _4.stop (/home/sclorentz/.vscode-oss/extensions/llvm-vs-code-extensions.vscode-clangd-0.2.0-universal/out/bundle.js:44:31841)
	at _4.handleConnectionError (/home/sclorentz/.vscode-oss/extensions/llvm-vs-code-extensions.vscode-clangd-0.2.0-universal/out/bundle.js:43:63)
	at process.processTicksAndRejections (node:internal/process/task_queues:95:5)
[Error - 8:42:34 AM] Server initialization failed.
  Message: write EPIPE
  Code: -32099 
[Error - 8:42:34 AM] Clang Language Server client: couldn't create connection to server.
  Message: write EPIPE
  Code: -32099 
[Info  - 8:42:34 AM] Connection to server got closed. Server will restart.
true
Could not start dynamically linked executable: /home/sclorentz/.config/VSCodium/User/globalStorage/llvm-vs-code-extensions.vscode-clangd/install/20.1.8/clangd_20.1.8/bin/clangd
NixOS cannot run dynamically linked executables intended for generic
linux environments out of the box. For more information, see:
https://nix.dev/permalink/stub-ld
[Error - 8:42:34 AM] Server process exited with code 127.
[Error - 8:42:34 AM] Client Clang Language Server: connection to server is erroring.
write EPIPE
Shutting down server.
[Error - 8:42:34 AM] Client Clang Language Server: connection to server is erroring.
write EPIPE
[Error - 8:42:34 AM] Stopping server failed
Error: Client is not running and can't be stopped. It's current state is: starting
	at _4.shutdown (/home/sclorentz/.vscode-oss/extensions/llvm-vs-code-extensions.vscode-clangd-0.2.0-universal/out/bundle.js:41:8486)
	at _4.stop (/home/sclorentz/.vscode-oss/extensions/llvm-vs-code-extensions.vscode-clangd-0.2.0-universal/out/bundle.js:41:8065)
	at _4.stop (/home/sclorentz/.vscode-oss/extensions/llvm-vs-code-extensions.vscode-clangd-0.2.0-universal/out/bundle.js:44:31841)
	at _4.handleConnectionError (/home/sclorentz/.vscode-oss/extensions/llvm-vs-code-extensions.vscode-clangd-0.2.0-universal/out/bundle.js:43:63)
	at process.processTicksAndRejections (node:internal/process/task_queues:95:5)
[Error - 8:42:34 AM] Server initialization failed.
  Message: write EPIPE
  Code: -32099 
[Error - 8:42:34 AM] Clang Language Server client: couldn't create connection to server.
  Message: write EPIPE
  Code: -32099 
[Error - 8:42:34 AM] Restarting server failed
  Message: write EPIPE
  Code: -32099 
[Info  - 8:42:34 AM] Connection to server got closed. Server will restart.
true
Could not start dynamically linked executable: /home/sclorentz/.config/VSCodium/User/globalStorage/llvm-vs-code-extensions.vscode-clangd/install/20.1.8/clangd_20.1.8/bin/clangd
NixOS cannot run dynamically linked executables intended for generic
linux environments out of the box. For more information, see:
https://nix.dev/permalink/stub-ld
[Error - 8:42:34 AM] Server process exited with code 127.
[Error - 8:42:34 AM] Server process exited with code 127.
[Error - 8:42:34 AM] Client Clang Language Server: connection to server is erroring.
Cannot call write after a stream was destroyed
[Error - 8:42:34 AM] Server initialization failed.
  Message: Cannot call write after a stream was destroyed
  Code: -32099 
[Error - 8:42:34 AM] Clang Language Server client: couldn't create connection to server.
  Message: Cannot call write after a stream was destroyed
  Code: -32099 
[Error - 8:42:34 AM] Restarting server failed
  Message: Cannot call write after a stream was destroyed
  Code: -32099 
[Info  - 8:42:34 AM] Connection to server got closed. Server will restart.
true
Could not start dynamically linked executable: /home/sclorentz/.config/VSCodium/User/globalStorage/llvm-vs-code-extensions.vscode-clangd/install/20.1.8/clangd_20.1.8/bin/clangd
NixOS cannot run dynamically linked executables intended for generic
linux environments out of the box. For more information, see:
https://nix.dev/permalink/stub-ld
[Error - 8:42:34 AM] Client Clang Language Server: connection to server is erroring.
write EPIPE
Shutting down server.
[Error - 8:42:34 AM] Client Clang Language Server: connection to server is erroring.
write EPIPE
[Error - 8:42:34 AM] Stopping server failed
Error: Client is not running and can't be stopped. It's current state is: starting
	at _4.shutdown (/home/sclorentz/.vscode-oss/extensions/llvm-vs-code-extensions.vscode-clangd-0.2.0-universal/out/bundle.js:41:8486)
	at _4.stop (/home/sclorentz/.vscode-oss/extensions/llvm-vs-code-extensions.vscode-clangd-0.2.0-universal/out/bundle.js:41:8065)
	at _4.stop (/home/sclorentz/.vscode-oss/extensions/llvm-vs-code-extensions.vscode-clangd-0.2.0-universal/out/bundle.js:44:31841)
	at _4.handleConnectionError (/home/sclorentz/.vscode-oss/extensions/llvm-vs-code-extensions.vscode-clangd-0.2.0-universal/out/bundle.js:43:63)
	at process.processTicksAndRejections (node:internal/process/task_queues:95:5)
[Error - 8:42:34 AM] Server initialization failed.
  Message: write EPIPE
  Code: -32099 
[Error - 8:42:34 AM] Clang Language Server client: couldn't create connection to server.
  Message: write EPIPE
  Code: -32099 
[Error - 8:42:34 AM] Restarting server failed
  Message: write EPIPE
  Code: -32099 
[Info  - 8:42:34 AM] Connection to server got closed. Server will restart.
true
Could not start dynamically linked executable: /home/sclorentz/.config/VSCodium/User/globalStorage/llvm-vs-code-extensions.vscode-clangd/install/20.1.8/clangd_20.1.8/bin/clangd
NixOS cannot run dynamically linked executables intended for generic
linux environments out of the box. For more information, see:
https://nix.dev/permalink/stub-ld
[Error - 8:42:34 AM] Server process exited with code 127.
[Error - 8:42:34 AM] Server process exited with code 127.
[Error - 8:42:34 AM] Client Clang Language Server: connection to server is erroring.
Cannot call write after a stream was destroyed
[Error - 8:42:34 AM] Server initialization failed.
  Message: Cannot call write after a stream was destroyed
  Code: -32099 
[Error - 8:42:34 AM] Clang Language Server client: couldn't create connection to server.
  Message: Cannot call write after a stream was destroyed
  Code: -32099 
[Error - 8:42:34 AM] Restarting server failed
  Message: Cannot call write after a stream was destroyed
  Code: -32099 
[Error - 8:42:34 AM] The Clang Language Server server crashed 5 times in the last 3 minutes. The server will not be restarted. See the output for more information.
Could not start dynamically linked executable: /home/sclorentz/.config/VSCodium/User/globalStorage/llvm-vs-code-extensions.vscode-clangd/install/20.1.8/clangd_20.1.8/bin/clangd
NixOS cannot run dynamically linked executables intended for generic
linux environments out of the box. For more information, see:
https://nix.dev/permalink/stub-ld
