2025-07-12 14:37:02.516 [info] [main] Log level: Info
2025-07-12 14:37:02.516 [info] [main] Validating found git in: "git"
2025-07-12 14:37:02.516 [info] [main] Using git "2.47.2" from "git"
2025-07-12 14:37:02.516 [info] [Model][doInitialScan] Initial repository scan started
2025-07-12 14:37:02.516 [info] > git rev-parse --show-toplevel [108ms]
2025-07-12 14:37:02.516 [info] fatal: not a git repository (or any of the parent directories): .git
2025-07-12 14:37:02.516 [info] [Model][doInitialScan] Initial repository scan completed - repositories (0), closed repositories (0), parent repositories (0), unsafe repositories (0)
2025-07-12 14:37:33.803 [info] [main] Log level: Info
2025-07-12 14:37:33.803 [info] [main] Validating found git in: "git"
2025-07-12 14:37:33.803 [info] [main] Using git "2.47.2" from "git"
2025-07-12 14:37:33.803 [info] [Model][doInitialScan] Initial repository scan started
2025-07-12 14:37:33.803 [info] > git rev-parse --show-toplevel [14ms]
2025-07-12 14:37:33.803 [info] fatal: not a git repository (or any of the parent directories): .git
2025-07-12 14:37:33.814 [info] > git rev-parse --show-toplevel [3ms]
2025-07-12 14:37:33.814 [info] fatal: not a git repository (or any of the parent directories): .git
2025-07-12 14:37:33.824 [info] > git rev-parse --show-toplevel [2ms]
2025-07-12 14:37:33.825 [info] fatal: not a git repository (or any of the parent directories): .git
2025-07-12 14:37:33.836 [info] > git rev-parse --show-toplevel [3ms]
2025-07-12 14:37:33.836 [info] fatal: not a git repository (or any of the parent directories): .git
2025-07-12 14:37:33.841 [info] [Model][doInitialScan] Initial repository scan completed - repositories (0), closed repositories (0), parent repositories (0), unsafe repositories (0)
2025-07-12 14:37:35.426 [info] > git rev-parse --show-toplevel [3ms]
2025-07-12 14:37:35.426 [info] fatal: not a git repository (or any of the parent directories): .git
2025-07-12 14:37:36.121 [info] > git rev-parse --show-toplevel [3ms]
2025-07-12 14:37:36.121 [info] fatal: not a git repository (or any of the parent directories): .git
2025-07-12 14:37:37.602 [info] > git rev-parse --show-toplevel [3ms]
2025-07-12 14:37:37.602 [info] fatal: not a git repository (or any of the parent directories): .git
2025-07-12 14:38:13.825 [info] > git rev-parse --show-toplevel [3ms]
2025-07-12 14:38:13.825 [info] fatal: not a git repository (or any of the parent directories): .git
2025-07-12 14:44:00.544 [info] > git rev-parse --show-toplevel [7ms]
2025-07-12 14:44:00.547 [info] fatal: not a git repository (or any of the parent directories): .git
