2025-07-12 11:09:06.522 [info] Reading sessions from keychain...
2025-07-12 11:09:06.522 [info] Getting sessions for all scopes...
2025-07-12 11:09:06.522 [info] Getting sessions for all scopes...
2025-07-12 11:09:06.522 [info] Getting sessions for all scopes...
2025-07-12 11:09:06.522 [info] Getting sessions for all scopes...
2025-07-12 11:09:06.522 [info] Getting sessions for all scopes...
2025-07-12 11:09:06.522 [info] Getting sessions for all scopes...
2025-07-12 11:09:06.522 [info] Getting sessions for all scopes...
2025-07-12 11:09:06.522 [info] Getting sessions for all scopes...
2025-07-12 11:09:06.522 [info] Got 0 sessions for ...
2025-07-12 11:09:06.522 [info] Got 0 sessions for ...
2025-07-12 11:09:06.522 [info] Got 0 sessions for ...
2025-07-12 11:09:06.522 [info] Got 0 sessions for ...
2025-07-12 11:09:06.522 [info] Got 0 sessions for ...
2025-07-12 11:09:06.522 [info] Got 0 sessions for ...
2025-07-12 11:09:06.522 [info] Got 0 sessions for ...
2025-07-12 11:09:06.522 [info] Got 0 sessions for ...
2025-07-12 11:09:06.645 [info] Getting sessions for all scopes...
2025-07-12 11:09:06.645 [info] Got 0 sessions for ...
2025-07-12 11:09:07.355 [info] Getting sessions for all scopes...
2025-07-12 11:09:07.355 [info] Got 0 sessions for ...
2025-07-12 11:09:07.358 [info] Getting sessions for all scopes...
2025-07-12 11:09:07.358 [info] Got 0 sessions for ...
2025-07-12 11:09:08.224 [info] Getting sessions for all scopes...
2025-07-12 11:09:08.224 [info] Got 0 sessions for ...
2025-07-12 11:09:08.225 [info] Getting sessions for all scopes...
2025-07-12 11:09:08.225 [info] Got 0 sessions for ...
2025-07-12 11:10:35.763 [info] Getting sessions for all scopes...
2025-07-12 11:10:35.763 [info] Got 0 sessions for ...
2025-07-12 11:12:54.818 [info] Getting sessions for all scopes...
2025-07-12 11:12:54.821 [info] Got 0 sessions for ...
2025-07-12 11:13:08.289 [info] Reading sessions from keychain...
2025-07-12 11:13:08.289 [info] Getting sessions for all scopes...
2025-07-12 11:13:08.289 [info] Getting sessions for all scopes...
2025-07-12 11:13:08.289 [info] Getting sessions for all scopes...
2025-07-12 11:13:08.289 [info] Getting sessions for all scopes...
2025-07-12 11:13:08.289 [info] Getting sessions for all scopes...
2025-07-12 11:13:08.289 [info] Getting sessions for all scopes...
2025-07-12 11:13:08.289 [info] Getting sessions for all scopes...
2025-07-12 11:13:08.289 [info] Getting sessions for all scopes...
2025-07-12 11:13:08.289 [info] Got 0 sessions for ...
2025-07-12 11:13:08.289 [info] Got 0 sessions for ...
2025-07-12 11:13:08.289 [info] Got 0 sessions for ...
2025-07-12 11:13:08.289 [info] Got 0 sessions for ...
2025-07-12 11:13:08.289 [info] Got 0 sessions for ...
2025-07-12 11:13:08.289 [info] Got 0 sessions for ...
2025-07-12 11:13:08.289 [info] Got 0 sessions for ...
2025-07-12 11:13:08.289 [info] Got 0 sessions for ...
2025-07-12 11:13:08.818 [info] Getting sessions for all scopes...
2025-07-12 11:13:08.818 [info] Got 0 sessions for ...
2025-07-12 11:13:08.829 [info] Getting sessions for all scopes...
2025-07-12 11:13:08.830 [info] Got 0 sessions for ...
2025-07-12 11:13:09.274 [info] Getting sessions for all scopes...
2025-07-12 11:13:09.274 [info] Got 0 sessions for ...
2025-07-12 11:13:09.821 [info] Getting sessions for all scopes...
2025-07-12 11:13:09.821 [info] Got 0 sessions for ...
2025-07-12 11:13:18.324 [info] Reading sessions from keychain...
2025-07-12 11:13:18.324 [info] Getting sessions for all scopes...
2025-07-12 11:13:18.324 [info] Got 0 sessions for ...
2025-07-12 11:13:18.324 [info] Getting sessions for all scopes...
2025-07-12 11:13:18.324 [info] Got 0 sessions for ...
2025-07-12 11:13:18.324 [info] Getting sessions for all scopes...
2025-07-12 11:13:18.324 [info] Got 0 sessions for ...
2025-07-12 11:17:59.998 [info] Getting sessions for all scopes...
2025-07-12 11:17:59.998 [info] Got 0 sessions for ...
2025-07-12 11:18:49.912 [info] Getting sessions for user:email...
2025-07-12 11:18:49.912 [info] Got 0 sessions for user:email...
2025-07-12 11:19:55.222 [info] Getting sessions for all scopes...
2025-07-12 11:19:55.222 [info] Got 0 sessions for ...
2025-07-12 11:20:15.694 [info] Getting sessions for all scopes...
2025-07-12 11:20:15.694 [info] Got 0 sessions for ...
2025-07-12 12:06:43.415 [info] Getting sessions for all scopes...
2025-07-12 12:06:43.415 [info] Got 0 sessions for ...
