2025-07-19 08:42:37.555 [info] Reading sessions from keychain...
2025-07-19 08:42:37.555 [info] Getting sessions for all scopes...
2025-07-19 08:42:37.555 [info] Got stored sessions!
2025-07-19 08:42:37.555 [info] Got 1 verified sessions.
2025-07-19 08:42:37.555 [info] Got 1 sessions for ...
2025-07-19 08:42:37.555 [info] Getting sessions for read:user,repo,user:email,workflow...
2025-07-19 08:42:37.555 [info] Got 1 sessions for read:user,repo,user:email,workflow...
2025-07-19 08:42:37.773 [info] Getting sessions for all scopes...
2025-07-19 08:42:37.773 [info] Got 1 sessions for ...
2025-07-19 08:42:38.672 [info] Getting sessions for read:user,repo,user:email,workflow...
2025-07-19 08:42:38.672 [info] Got 1 sessions for read:user,repo,user:email,workflow...
2025-07-19 08:42:41.782 [info] Getting sessions for all scopes...
2025-07-19 08:42:41.782 [info] Got 1 sessions for ...
2025-07-19 09:32:15.464 [info] Getting sessions for read:user,repo,user:email,workflow...
2025-07-19 09:32:15.464 [info] Got 1 sessions for read:user,repo,user:email,workflow...
2025-07-19 10:29:37.985 [info] Getting sessions for read:user,repo,user:email,workflow...
2025-07-19 10:29:37.985 [info] Got 1 sessions for read:user,repo,user:email,workflow...
2025-07-19 10:29:38.446 [info] Getting sessions for read:user,repo,user:email,workflow...
2025-07-19 10:29:38.446 [info] Got 1 sessions for read:user,repo,user:email,workflow...
2025-07-19 10:30:15.890 [info] Getting sessions for read:user,repo,user:email,workflow...
2025-07-19 10:30:15.890 [info] Got 1 sessions for read:user,repo,user:email,workflow...
2025-07-19 17:11:56.828 [info] Getting sessions for read:user,repo,user:email,workflow...
2025-07-19 17:11:56.829 [info] Got 1 sessions for read:user,repo,user:email,workflow...
2025-07-19 18:33:34.623 [info] Reading sessions from keychain...
2025-07-19 18:33:34.630 [info] Getting sessions for all scopes...
2025-07-19 18:33:34.630 [info] Getting sessions for all scopes...
2025-07-19 18:33:34.630 [info] Got stored sessions!
2025-07-19 18:33:34.630 [info] Got 1 verified sessions.
2025-07-19 18:33:34.630 [info] Got 1 sessions for ...
2025-07-19 18:33:34.630 [info] Got 1 sessions for ...
2025-07-19 18:33:35.338 [info] Getting sessions for read:user,repo,user:email,workflow...
2025-07-19 18:33:35.339 [info] Got 1 sessions for read:user,repo,user:email,workflow...
2025-07-19 18:33:36.087 [info] Getting sessions for read:user,repo,user:email,workflow...
2025-07-19 18:33:36.087 [info] Got 1 sessions for read:user,repo,user:email,workflow...
2025-07-19 18:50:16.113 [info] Getting sessions for read:user,repo,user:email,workflow...
2025-07-19 18:50:16.113 [info] Got 1 sessions for read:user,repo,user:email,workflow...
2025-07-19 19:33:19.799 [info] Reading sessions from keychain...
2025-07-19 19:33:19.799 [info] Getting sessions for all scopes...
2025-07-19 19:33:19.800 [info] Getting sessions for all scopes...
2025-07-19 19:33:19.800 [info] Got stored sessions!
2025-07-19 19:33:19.800 [info] Got 1 verified sessions.
2025-07-19 19:33:19.800 [info] Got 1 sessions for ...
2025-07-19 19:33:19.800 [info] Got 1 sessions for ...
2025-07-19 19:33:20.578 [info] Getting sessions for read:user,repo,user:email,workflow...
2025-07-19 19:33:20.578 [info] Got 1 sessions for read:user,repo,user:email,workflow...
2025-07-19 19:33:21.367 [info] Getting sessions for read:user,repo,user:email,workflow...
2025-07-19 19:33:21.367 [info] Got 1 sessions for read:user,repo,user:email,workflow...
2025-07-19 20:00:44.458 [info] Getting sessions for read:user,repo,user:email,workflow...
2025-07-19 20:00:44.458 [info] Got 1 sessions for read:user,repo,user:email,workflow...
2025-07-19 22:09:50.344 [info] Getting sessions for read:user,repo,user:email,workflow...
2025-07-19 22:09:50.344 [info] Got 1 sessions for read:user,repo,user:email,workflow...
2025-07-19 22:13:31.376 [info] Reading sessions from keychain...
2025-07-19 22:13:31.376 [info] Getting sessions for all scopes...
2025-07-19 22:13:31.376 [info] Getting sessions for all scopes...
2025-07-19 22:13:31.376 [info] Got stored sessions!
2025-07-19 22:13:31.376 [info] Got 1 verified sessions.
2025-07-19 22:13:31.376 [info] Got 1 sessions for ...
2025-07-19 22:13:31.376 [info] Got 1 sessions for ...
2025-07-19 22:13:32.172 [info] Getting sessions for read:user,repo,user:email,workflow...
2025-07-19 22:13:32.172 [info] Got 1 sessions for read:user,repo,user:email,workflow...
2025-07-19 22:13:33.063 [info] Getting sessions for read:user,repo,user:email,workflow...
2025-07-19 22:13:33.063 [info] Got 1 sessions for read:user,repo,user:email,workflow...
2025-07-19 23:31:06.482 [info] Reading sessions from keychain...
2025-07-19 23:31:06.482 [info] Getting sessions for all scopes...
2025-07-19 23:31:06.482 [info] Getting sessions for all scopes...
2025-07-19 23:31:06.482 [info] Got stored sessions!
2025-07-19 23:31:06.482 [info] Got 1 verified sessions.
2025-07-19 23:31:06.482 [info] Got 1 sessions for ...
2025-07-19 23:31:06.482 [info] Got 1 sessions for ...
2025-07-19 23:31:07.051 [info] Getting sessions for read:user,repo,user:email,workflow...
2025-07-19 23:31:07.051 [info] Got 1 sessions for read:user,repo,user:email,workflow...
2025-07-19 23:31:07.799 [info] Getting sessions for read:user,repo,user:email,workflow...
2025-07-19 23:31:07.799 [info] Got 1 sessions for read:user,repo,user:email,workflow...
2025-07-19 23:32:27.528 [info] Reading sessions from keychain...
2025-07-19 23:32:27.528 [info] Getting sessions for all scopes...
2025-07-19 23:32:27.528 [info] Getting sessions for all scopes...
2025-07-19 23:32:27.528 [info] Got stored sessions!
2025-07-19 23:32:27.528 [info] Got 1 verified sessions.
2025-07-19 23:32:27.528 [info] Got 1 sessions for ...
2025-07-19 23:32:27.528 [info] Got 1 sessions for ...
2025-07-19 23:32:27.982 [info] Getting sessions for read:user,repo,user:email,workflow...
2025-07-19 23:32:27.982 [info] Got 1 sessions for read:user,repo,user:email,workflow...
2025-07-19 23:32:28.702 [info] Getting sessions for read:user,repo,user:email,workflow...
2025-07-19 23:32:28.702 [info] Got 1 sessions for read:user,repo,user:email,workflow...
2025-07-19 23:33:29.272 [info] Reading sessions from keychain...
2025-07-19 23:33:29.273 [info] Getting sessions for all scopes...
2025-07-19 23:33:29.274 [info] Getting sessions for all scopes...
2025-07-19 23:33:29.640 [info] Getting sessions for read:user,repo,user:email,workflow...
2025-07-19 23:33:29.647 [info] Got stored sessions!
2025-07-19 23:33:29.647 [info] Got 1 verified sessions.
2025-07-19 23:33:29.647 [info] Got 1 sessions for ...
2025-07-19 23:33:29.648 [info] Got 1 sessions for ...
2025-07-19 23:33:29.648 [info] Got 1 sessions for read:user,repo,user:email,workflow...
2025-07-19 23:33:30.688 [info] Getting sessions for read:user,repo,user:email,workflow...
2025-07-19 23:33:30.688 [info] Got 1 sessions for read:user,repo,user:email,workflow...
2025-07-19 23:33:30.876 [info] Getting sessions for all scopes...
2025-07-19 23:33:30.876 [info] Got 1 sessions for ...
2025-07-19 23:34:18.275 [info] Reading sessions from keychain...
2025-07-19 23:34:18.275 [info] Getting sessions for all scopes...
2025-07-19 23:34:18.275 [info] Getting sessions for all scopes...
2025-07-19 23:34:18.275 [info] Got stored sessions!
2025-07-19 23:34:18.275 [info] Got 1 verified sessions.
2025-07-19 23:34:18.275 [info] Got 1 sessions for ...
2025-07-19 23:34:18.275 [info] Got 1 sessions for ...
2025-07-19 23:34:19.097 [info] Getting sessions for read:user,repo,user:email,workflow...
2025-07-19 23:34:19.097 [info] Got 1 sessions for read:user,repo,user:email,workflow...
2025-07-19 23:34:19.706 [info] Getting sessions for read:user,repo,user:email,workflow...
2025-07-19 23:34:19.706 [info] Got 1 sessions for read:user,repo,user:email,workflow...
2025-07-19 23:36:23.748 [info] Getting sessions for all scopes...
2025-07-19 23:36:23.748 [info] Got 1 sessions for ...
2025-07-19 23:38:11.066 [info] Getting sessions for all scopes...
2025-07-19 23:38:11.066 [info] Got 1 sessions for ...
2025-07-19 23:41:34.725 [info] Getting sessions for read:user,repo,user:email,workflow...
2025-07-19 23:41:34.725 [info] Got 1 sessions for read:user,repo,user:email,workflow...
2025-07-19 23:41:35.180 [info] Getting sessions for read:user,repo,user:email,workflow...
2025-07-19 23:41:35.180 [info] Got 1 sessions for read:user,repo,user:email,workflow...
2025-07-20 10:23:06.195 [info] Getting sessions for read:user,repo,user:email,workflow...
2025-07-20 10:23:06.196 [info] Got 1 sessions for read:user,repo,user:email,workflow...
2025-07-20 13:08:31.338 [info] Getting sessions for read:user,repo,user:email,workflow...
2025-07-20 13:08:31.339 [info] Got 1 sessions for read:user,repo,user:email,workflow...
2025-07-20 13:42:46.975 [info] Getting sessions for read:user,repo,user:email,workflow...
2025-07-20 13:42:46.975 [info] Got 1 sessions for read:user,repo,user:email,workflow...
2025-07-20 14:05:06.497 [info] Getting sessions for read:user,repo,user:email,workflow...
2025-07-20 14:05:06.497 [info] Got 1 sessions for read:user,repo,user:email,workflow...
