2025-07-20 15:03:56.654 [info] Started local extension host with pid 2597.
2025-07-20 15:03:59.627 [info] ComputeTargetPlatform: linux-x64
2025-07-20 15:04:01.270 [error] [Extension Host] /bin/sh: line 1: gcc: command not found
2025-07-20 15:04:03.511 [error] Unable to write to Workspace Settings because C_Cpp.default.compileCommands is not a registered configuration.
2025-07-20 15:04:03.514 [error] Unable to write to Workspace Settings because C_Cpp.default.configurationProvider is not a registered configuration.
2025-07-20 15:04:04.392 [info] [perf] Render performance baseline is 117ms
2025-07-20 15:50:25.704 [error] Error: The editor could not be opened because the file was not found.
    at vEe.handleSetInputError (vscode-file://vscode-app/nix/store/hkli1fcbdw2xqqs23clp6f6djac2dh1q-vscodium-1.100.13210/lib/vscode/resources/app/out/vs/workbench/workbench.desktop.main.js:2163:138239)
    at async vEe.setInput (vscode-file://vscode-app/nix/store/hkli1fcbdw2xqqs23clp6f6djac2dh1q-vscodium-1.100.13210/lib/vscode/resources/app/out/vs/workbench/workbench.desktop.main.js:2163:137251)
    at async Q5e.doSetInput (vscode-file://vscode-app/nix/store/hkli1fcbdw2xqqs23clp6f6djac2dh1q-vscodium-1.100.13210/lib/vscode/resources/app/out/vs/workbench/workbench.desktop.main.js:685:25335)
    at async Q5e.doOpenEditor (vscode-file://vscode-app/nix/store/hkli1fcbdw2xqqs23clp6f6djac2dh1q-vscodium-1.100.13210/lib/vscode/resources/app/out/vs/workbench/workbench.desktop.main.js:685:23093)
    at async Q5e.openEditor (vscode-file://vscode-app/nix/store/hkli1fcbdw2xqqs23clp6f6djac2dh1q-vscodium-1.100.13210/lib/vscode/resources/app/out/vs/workbench/workbench.desktop.main.js:685:22020)
    at async vscode-file://vscode-app/nix/store/hkli1fcbdw2xqqs23clp6f6djac2dh1q-vscodium-1.100.13210/lib/vscode/resources/app/out/vs/workbench/workbench.desktop.main.js:797:31612
2025-07-20 15:50:28.463 [error] Error: The editor could not be opened because the file was not found.
    at vEe.handleSetInputError (vscode-file://vscode-app/nix/store/hkli1fcbdw2xqqs23clp6f6djac2dh1q-vscodium-1.100.13210/lib/vscode/resources/app/out/vs/workbench/workbench.desktop.main.js:2163:138239)
    at async vEe.setInput (vscode-file://vscode-app/nix/store/hkli1fcbdw2xqqs23clp6f6djac2dh1q-vscodium-1.100.13210/lib/vscode/resources/app/out/vs/workbench/workbench.desktop.main.js:2163:137251)
    at async Q5e.doSetInput (vscode-file://vscode-app/nix/store/hkli1fcbdw2xqqs23clp6f6djac2dh1q-vscodium-1.100.13210/lib/vscode/resources/app/out/vs/workbench/workbench.desktop.main.js:685:25335)
    at async Q5e.doOpenEditor (vscode-file://vscode-app/nix/store/hkli1fcbdw2xqqs23clp6f6djac2dh1q-vscodium-1.100.13210/lib/vscode/resources/app/out/vs/workbench/workbench.desktop.main.js:685:23093)
    at async Q5e.openEditor (vscode-file://vscode-app/nix/store/hkli1fcbdw2xqqs23clp6f6djac2dh1q-vscodium-1.100.13210/lib/vscode/resources/app/out/vs/workbench/workbench.desktop.main.js:685:22020)
    at async vscode-file://vscode-app/nix/store/hkli1fcbdw2xqqs23clp6f6djac2dh1q-vscodium-1.100.13210/lib/vscode/resources/app/out/vs/workbench/workbench.desktop.main.js:797:31612
    at async o (vscode-file://vscode-app/nix/store/hkli1fcbdw2xqqs23clp6f6djac2dh1q-vscodium-1.100.13210/lib/vscode/resources/app/out/vs/workbench/workbench.desktop.main.js:689:56864)
2025-07-20 15:50:29.503 [error] Error: The editor could not be opened because the file was not found.
    at vEe.handleSetInputError (vscode-file://vscode-app/nix/store/hkli1fcbdw2xqqs23clp6f6djac2dh1q-vscodium-1.100.13210/lib/vscode/resources/app/out/vs/workbench/workbench.desktop.main.js:2163:138239)
    at async vEe.setInput (vscode-file://vscode-app/nix/store/hkli1fcbdw2xqqs23clp6f6djac2dh1q-vscodium-1.100.13210/lib/vscode/resources/app/out/vs/workbench/workbench.desktop.main.js:2163:137251)
    at async Q5e.doSetInput (vscode-file://vscode-app/nix/store/hkli1fcbdw2xqqs23clp6f6djac2dh1q-vscodium-1.100.13210/lib/vscode/resources/app/out/vs/workbench/workbench.desktop.main.js:685:25335)
    at async Q5e.doOpenEditor (vscode-file://vscode-app/nix/store/hkli1fcbdw2xqqs23clp6f6djac2dh1q-vscodium-1.100.13210/lib/vscode/resources/app/out/vs/workbench/workbench.desktop.main.js:685:23093)
    at async Q5e.openEditor (vscode-file://vscode-app/nix/store/hkli1fcbdw2xqqs23clp6f6djac2dh1q-vscodium-1.100.13210/lib/vscode/resources/app/out/vs/workbench/workbench.desktop.main.js:685:22020)
    at async vscode-file://vscode-app/nix/store/hkli1fcbdw2xqqs23clp6f6djac2dh1q-vscodium-1.100.13210/lib/vscode/resources/app/out/vs/workbench/workbench.desktop.main.js:797:31612
2025-07-20 15:50:31.674 [error] Error: The editor could not be opened because the file was not found.
    at vEe.handleSetInputError (vscode-file://vscode-app/nix/store/hkli1fcbdw2xqqs23clp6f6djac2dh1q-vscodium-1.100.13210/lib/vscode/resources/app/out/vs/workbench/workbench.desktop.main.js:2163:138239)
    at async vEe.setInput (vscode-file://vscode-app/nix/store/hkli1fcbdw2xqqs23clp6f6djac2dh1q-vscodium-1.100.13210/lib/vscode/resources/app/out/vs/workbench/workbench.desktop.main.js:2163:137251)
    at async Q5e.doSetInput (vscode-file://vscode-app/nix/store/hkli1fcbdw2xqqs23clp6f6djac2dh1q-vscodium-1.100.13210/lib/vscode/resources/app/out/vs/workbench/workbench.desktop.main.js:685:25335)
    at async Q5e.doOpenEditor (vscode-file://vscode-app/nix/store/hkli1fcbdw2xqqs23clp6f6djac2dh1q-vscodium-1.100.13210/lib/vscode/resources/app/out/vs/workbench/workbench.desktop.main.js:685:23093)
    at async Q5e.openEditor (vscode-file://vscode-app/nix/store/hkli1fcbdw2xqqs23clp6f6djac2dh1q-vscodium-1.100.13210/lib/vscode/resources/app/out/vs/workbench/workbench.desktop.main.js:685:22020)
    at async vscode-file://vscode-app/nix/store/hkli1fcbdw2xqqs23clp6f6djac2dh1q-vscodium-1.100.13210/lib/vscode/resources/app/out/vs/workbench/workbench.desktop.main.js:797:31612
    at async o (vscode-file://vscode-app/nix/store/hkli1fcbdw2xqqs23clp6f6djac2dh1q-vscodium-1.100.13210/lib/vscode/resources/app/out/vs/workbench/workbench.desktop.main.js:689:56864)
2025-07-20 15:50:36.754 [error] Error: The editor could not be opened because the file was not found.
    at vEe.handleSetInputError (vscode-file://vscode-app/nix/store/hkli1fcbdw2xqqs23clp6f6djac2dh1q-vscodium-1.100.13210/lib/vscode/resources/app/out/vs/workbench/workbench.desktop.main.js:2163:138239)
    at async vEe.setInput (vscode-file://vscode-app/nix/store/hkli1fcbdw2xqqs23clp6f6djac2dh1q-vscodium-1.100.13210/lib/vscode/resources/app/out/vs/workbench/workbench.desktop.main.js:2163:137251)
    at async Q5e.doSetInput (vscode-file://vscode-app/nix/store/hkli1fcbdw2xqqs23clp6f6djac2dh1q-vscodium-1.100.13210/lib/vscode/resources/app/out/vs/workbench/workbench.desktop.main.js:685:25335)
    at async Q5e.doOpenEditor (vscode-file://vscode-app/nix/store/hkli1fcbdw2xqqs23clp6f6djac2dh1q-vscodium-1.100.13210/lib/vscode/resources/app/out/vs/workbench/workbench.desktop.main.js:685:23093)
    at async Q5e.openEditor (vscode-file://vscode-app/nix/store/hkli1fcbdw2xqqs23clp6f6djac2dh1q-vscodium-1.100.13210/lib/vscode/resources/app/out/vs/workbench/workbench.desktop.main.js:685:22020)
    at async vscode-file://vscode-app/nix/store/hkli1fcbdw2xqqs23clp6f6djac2dh1q-vscodium-1.100.13210/lib/vscode/resources/app/out/vs/workbench/workbench.desktop.main.js:797:31612
2025-07-20 15:54:50.103 [error] Unable to write to Workspace Settings because C_Cpp.default.configurationProvider is not a registered configuration.
2025-07-20 16:13:14.207 [warning] [File Watcher (node.js)] Watcher shutdown because watched path got deleted
