2025-07-12 15:53:41.133 [info] [main] Log level: Info
2025-07-12 15:53:41.133 [info] [main] Validating found git in: "git"
2025-07-12 15:53:41.133 [info] [main] Using git "2.47.2" from "git"
2025-07-12 15:53:41.133 [info] [Model][doInitialScan] Initial repository scan started
2025-07-12 15:53:41.133 [info] > git rev-parse --show-toplevel [18ms]
2025-07-12 15:53:41.133 [info] fatal: not a git repository (or any of the parent directories): .git
2025-07-12 15:53:41.133 [info] > git rev-parse --show-toplevel [87ms]
2025-07-12 15:53:41.133 [info] fatal: not a git repository (or any of the parent directories): .git
2025-07-12 15:53:41.133 [info] > git rev-parse --show-toplevel [3ms]
2025-07-12 15:53:41.133 [info] fatal: not a git repository (or any of the parent directories): .git
2025-07-12 15:53:41.148 [info] > git rev-parse --show-toplevel [6ms]
2025-07-12 15:53:41.148 [info] fatal: not a git repository (or any of the parent directories): .git
2025-07-12 15:53:41.158 [info] > git rev-parse --show-toplevel [2ms]
2025-07-12 15:53:41.158 [info] fatal: not a git repository (or any of the parent directories): .git
2025-07-12 15:53:41.163 [info] [Model][doInitialScan] Initial repository scan completed - repositories (0), closed repositories (0), parent repositories (0), unsafe repositories (0)
2025-07-12 15:53:43.243 [info] > git rev-parse --show-toplevel [47ms]
2025-07-12 15:53:43.243 [info] fatal: not a git repository (or any of the parent directories): .git
2025-07-12 15:53:44.085 [info] > git rev-parse --show-toplevel [161ms]
2025-07-12 15:53:44.085 [info] fatal: not a git repository (or any of the parent directories): .git
2025-07-12 15:53:44.278 [info] > git rev-parse --show-toplevel [2ms]
2025-07-12 15:53:44.278 [info] fatal: not a git repository (or any of the parent directories): .git
