2025-07-11 20:24:10.425 [info] Getting Manifest... ewen-lbh.hyprland
2025-07-11 20:24:11.392 [info] Installing extension: ewen-lbh.hyprland {"isMachineScoped":false,"installPreReleaseVersion":false,"pinned":false,"profileLocation":{"$mid":1,"external":"vscode-userdata:/home/sclorentz/.vscode/extensions/extensions.json","path":"/home/sclorentz/.vscode/extensions/extensions.json","scheme":"vscode-userdata"},"isApplicationScoped":false,"productVersion":{"version":"1.99.3","date":"2025-04-15T23:18:46.076Z"}}
2025-07-11 20:24:17.751 [info] Getting Manifest... fireblast.hyprlang-vscode
2025-07-11 20:24:18.435 [info] Getting Manifest... ewen-lbh.vscode-hyprls
2025-07-11 20:24:18.706 [info] Installing extension: fireblast.hyprlang-vscode {"isMachineScoped":false,"installPreReleaseVersion":false,"pinned":false,"profileLocation":{"$mid":1,"external":"vscode-userdata:/home/sclorentz/.vscode/extensions/extensions.json","path":"/home/sclorentz/.vscode/extensions/extensions.json","scheme":"vscode-userdata"},"isApplicationScoped":false,"productVersion":{"version":"1.99.3","date":"2025-04-15T23:18:46.076Z"},"context":{"dependecyOrPackExtensionInstall":true}}
2025-07-11 20:24:18.707 [info] Installing extension: ewen-lbh.vscode-hyprls {"isMachineScoped":false,"installPreReleaseVersion":false,"pinned":false,"profileLocation":{"$mid":1,"external":"vscode-userdata:/home/sclorentz/.vscode/extensions/extensions.json","path":"/home/sclorentz/.vscode/extensions/extensions.json","scheme":"vscode-userdata"},"isApplicationScoped":false,"productVersion":{"version":"1.99.3","date":"2025-04-15T23:18:46.076Z"},"context":{"dependecyOrPackExtensionInstall":true}}
2025-07-11 20:24:20.140 [info] Extension signature verification result for ewen-lbh.hyprland: UnknownError. Internal Code: 159. Executed: true. Duration: 73ms.
2025-07-11 20:24:20.219 [info] Extracted extension to file:///home/sclorentz/.vscode/extensions/ewen-lbh.hyprland-0.1.2: ewen-lbh.hyprland
2025-07-11 20:24:20.234 [info] Renamed to /home/sclorentz/.vscode/extensions/ewen-lbh.hyprland-0.1.2
2025-07-11 20:24:20.595 [info] Extension signature verification result for fireblast.hyprlang-vscode: UnknownError. Internal Code: 159. Executed: true. Duration: 40ms.
2025-07-11 20:24:20.694 [info] Extracted extension to file:///home/sclorentz/.vscode/extensions/fireblast.hyprlang-vscode-0.0.1: fireblast.hyprlang-vscode
2025-07-11 20:24:20.708 [info] Renamed to /home/sclorentz/.vscode/extensions/fireblast.hyprlang-vscode-0.0.1
2025-07-11 20:24:21.449 [info] Extension signature verification result for ewen-lbh.vscode-hyprls: UnknownError. Internal Code: 159. Executed: true. Duration: 28ms.
2025-07-11 20:24:22.119 [info] Extracted extension to file:///home/sclorentz/.vscode/extensions/ewen-lbh.vscode-hyprls-0.5.2: ewen-lbh.vscode-hyprls
2025-07-11 20:24:22.145 [info] Renamed to /home/sclorentz/.vscode/extensions/ewen-lbh.vscode-hyprls-0.5.2
2025-07-11 20:24:22.172 [info] Extension installed successfully: ewen-lbh.hyprland vscode-userdata:/home/sclorentz/.vscode/extensions/extensions.json
2025-07-11 20:24:22.173 [info] Extension installed successfully: fireblast.hyprlang-vscode vscode-userdata:/home/sclorentz/.vscode/extensions/extensions.json
2025-07-11 20:24:22.173 [info] Extension installed successfully: ewen-lbh.vscode-hyprls vscode-userdata:/home/sclorentz/.vscode/extensions/extensions.json
2025-07-11 20:24:28.412 [info] Getting Manifest... healknix.macos-titlebar-for-windows
2025-07-11 20:24:28.714 [info] Installing extension: healknix.macos-titlebar-for-windows {"isMachineScoped":false,"installPreReleaseVersion":false,"pinned":false,"profileLocation":{"$mid":1,"external":"vscode-userdata:/home/sclorentz/.vscode/extensions/extensions.json","path":"/home/sclorentz/.vscode/extensions/extensions.json","scheme":"vscode-userdata"},"isApplicationScoped":false,"productVersion":{"version":"1.99.3","date":"2025-04-15T23:18:46.076Z"}}
2025-07-11 20:24:28.932 [info] Getting Manifest... drcika.apc-extension
2025-07-11 20:24:29.467 [info] Installing extension: drcika.apc-extension {"isMachineScoped":false,"installPreReleaseVersion":false,"pinned":false,"profileLocation":{"$mid":1,"external":"vscode-userdata:/home/sclorentz/.vscode/extensions/extensions.json","path":"/home/sclorentz/.vscode/extensions/extensions.json","scheme":"vscode-userdata"},"isApplicationScoped":false,"productVersion":{"version":"1.99.3","date":"2025-04-15T23:18:46.076Z"},"context":{"dependecyOrPackExtensionInstall":true}}
2025-07-11 20:24:31.574 [info] Extension signature verification result for drcika.apc-extension: UnknownError. Internal Code: 159. Executed: true. Duration: 35ms.
2025-07-11 20:24:31.663 [info] Extracted extension to file:///home/sclorentz/.vscode/extensions/drcika.apc-extension-0.4.1: drcika.apc-extension
2025-07-11 20:24:31.674 [info] Renamed to /home/sclorentz/.vscode/extensions/drcika.apc-extension-0.4.1
2025-07-11 20:24:36.325 [info] Extension signature verification result for healknix.macos-titlebar-for-windows: UnknownError. Internal Code: 159. Executed: true. Duration: 53ms.
2025-07-11 20:24:36.412 [info] Extracted extension to file:///home/sclorentz/.vscode/extensions/healknix.macos-titlebar-for-windows-0.0.8: healknix.macos-titlebar-for-windows
2025-07-11 20:24:36.422 [info] Renamed to /home/sclorentz/.vscode/extensions/healknix.macos-titlebar-for-windows-0.0.8
2025-07-11 20:24:36.446 [info] Extension installed successfully: drcika.apc-extension vscode-userdata:/home/sclorentz/.vscode/extensions/extensions.json
2025-07-11 20:24:36.446 [info] Extension installed successfully: healknix.macos-titlebar-for-windows vscode-userdata:/home/sclorentz/.vscode/extensions/extensions.json
2025-07-11 20:24:39.774 [info] Uninstalling extension from the profile: healknix.macos-titlebar-for-windows@0.0.8 vscode-userdata:/home/sclorentz/.vscode/extensions/extensions.json
2025-07-11 20:24:39.822 [info] Marked extension as removed healknix.macos-titlebar-for-windows-0.0.8
2025-07-11 20:24:40.458 [info] Successfully uninstalled extension from the profile healknix.macos-titlebar-for-windows@0.0.8 vscode-userdata:/home/sclorentz/.vscode/extensions/extensions.json
