2025-07-19 08:42:32.224 [info] Extension host with pid 1790 started
2025-07-19 08:42:32.225 [info] Skipping acquiring lock for /home/sclorentz/.config/VSCodium/User/workspaceStorage/231a3f420da5a307c1c61b8fc93dc72f.
2025-07-19 08:42:32.860 [info] ExtensionService#_doActivateExtension vscode.emmet, startup: false, activationEvent: 'onLanguage'
2025-07-19 08:42:33.009 [info] ExtensionService#_doActivateExtension llvm-vs-code-extensions.vscode-clangd, startup: false, activationEvent: 'onLanguage:cpp'
2025-07-19 08:42:35.081 [error] Error: write EPIPE
	at afterWriteDispatched (node:internal/stream_base_commons:161:15)
	at writeGeneric (node:internal/stream_base_commons:152:3)
	at Socket._writeGeneric (node:net:958:11)
	at Socket._write (node:net:970:8)
	at writeOrBuffer (node:internal/streams/writable:572:12)
	at _write (node:internal/streams/writable:501:10)
	at Writable.write (node:internal/streams/writable:510:10)
	at /home/sclorentz/.vscode-oss/extensions/llvm-vs-code-extensions.vscode-clangd-0.2.0-universal/out/bundle.js:31:15287
	at new Promise (<anonymous>)
	at uf.write (/home/sclorentz/.vscode-oss/extensions/llvm-vs-code-extensions.vscode-clangd-0.2.0-universal/out/bundle.js:31:15194)
	at jl.doWrite (/home/sclorentz/.vscode-oss/extensions/llvm-vs-code-extensions.vscode-clangd-0.2.0-universal/out/bundle.js:3:1739)
	at /home/sclorentz/.vscode-oss/extensions/llvm-vs-code-extensions.vscode-clangd-0.2.0-universal/out/bundle.js:3:1638
2025-07-19 08:42:35.097 [error] Error: Client is not running and can't be stopped. It's current state is: starting
	at _4.shutdown (/home/sclorentz/.vscode-oss/extensions/llvm-vs-code-extensions.vscode-clangd-0.2.0-universal/out/bundle.js:41:8486)
	at _4.stop (/home/sclorentz/.vscode-oss/extensions/llvm-vs-code-extensions.vscode-clangd-0.2.0-universal/out/bundle.js:41:8065)
	at _4.stop (/home/sclorentz/.vscode-oss/extensions/llvm-vs-code-extensions.vscode-clangd-0.2.0-universal/out/bundle.js:44:31841)
	at _4.doInitialize (/home/sclorentz/.vscode-oss/extensions/llvm-vs-code-extensions.vscode-clangd-0.2.0-universal/out/bundle.js:41:7890)
	at process.processTicksAndRejections (node:internal/process/task_queues:95:5)
	at async _4.start (/home/sclorentz/.vscode-oss/extensions/llvm-vs-code-extensions.vscode-clangd-0.2.0-universal/out/bundle.js:41:4470)
2025-07-19 08:42:35.098 [error] Error: write EPIPE
	at /home/sclorentz/.vscode-oss/extensions/llvm-vs-code-extensions.vscode-clangd-0.2.0-universal/out/bundle.js:31:4200
	at process.processTicksAndRejections (node:internal/process/task_queues:95:5)
2025-07-19 08:42:35.241 [error] Error: write EPIPE
	at afterWriteDispatched (node:internal/stream_base_commons:161:15)
	at writeGeneric (node:internal/stream_base_commons:152:3)
	at Socket._writeGeneric (node:net:958:11)
	at Socket._write (node:net:970:8)
	at writeOrBuffer (node:internal/streams/writable:572:12)
	at _write (node:internal/streams/writable:501:10)
	at Writable.write (node:internal/streams/writable:510:10)
	at /home/sclorentz/.vscode-oss/extensions/llvm-vs-code-extensions.vscode-clangd-0.2.0-universal/out/bundle.js:31:15287
	at new Promise (<anonymous>)
	at uf.write (/home/sclorentz/.vscode-oss/extensions/llvm-vs-code-extensions.vscode-clangd-0.2.0-universal/out/bundle.js:31:15194)
	at jl.doWrite (/home/sclorentz/.vscode-oss/extensions/llvm-vs-code-extensions.vscode-clangd-0.2.0-universal/out/bundle.js:3:1739)
	at /home/sclorentz/.vscode-oss/extensions/llvm-vs-code-extensions.vscode-clangd-0.2.0-universal/out/bundle.js:3:1638
2025-07-19 08:42:35.244 [error] Error: Client is not running and can't be stopped. It's current state is: starting
	at _4.shutdown (/home/sclorentz/.vscode-oss/extensions/llvm-vs-code-extensions.vscode-clangd-0.2.0-universal/out/bundle.js:41:8486)
	at _4.stop (/home/sclorentz/.vscode-oss/extensions/llvm-vs-code-extensions.vscode-clangd-0.2.0-universal/out/bundle.js:41:8065)
	at _4.stop (/home/sclorentz/.vscode-oss/extensions/llvm-vs-code-extensions.vscode-clangd-0.2.0-universal/out/bundle.js:44:31841)
	at _4.doInitialize (/home/sclorentz/.vscode-oss/extensions/llvm-vs-code-extensions.vscode-clangd-0.2.0-universal/out/bundle.js:41:7890)
	at process.processTicksAndRejections (node:internal/process/task_queues:95:5)
	at async _4.start (/home/sclorentz/.vscode-oss/extensions/llvm-vs-code-extensions.vscode-clangd-0.2.0-universal/out/bundle.js:41:4470)
2025-07-19 08:42:35.300 [error] Error: Cannot call write after a stream was destroyed
	at _write (node:internal/streams/writable:491:11)
	at Writable.write (node:internal/streams/writable:510:10)
	at /home/sclorentz/.vscode-oss/extensions/llvm-vs-code-extensions.vscode-clangd-0.2.0-universal/out/bundle.js:31:15287
	at new Promise (<anonymous>)
	at uf.write (/home/sclorentz/.vscode-oss/extensions/llvm-vs-code-extensions.vscode-clangd-0.2.0-universal/out/bundle.js:31:15194)
	at jl.doWrite (/home/sclorentz/.vscode-oss/extensions/llvm-vs-code-extensions.vscode-clangd-0.2.0-universal/out/bundle.js:3:1739)
	at /home/sclorentz/.vscode-oss/extensions/llvm-vs-code-extensions.vscode-clangd-0.2.0-universal/out/bundle.js:3:1638
2025-07-19 08:42:35.303 [error] Error: Client is not running and can't be stopped. It's current state is: starting
	at _4.shutdown (/home/sclorentz/.vscode-oss/extensions/llvm-vs-code-extensions.vscode-clangd-0.2.0-universal/out/bundle.js:41:8486)
	at _4.stop (/home/sclorentz/.vscode-oss/extensions/llvm-vs-code-extensions.vscode-clangd-0.2.0-universal/out/bundle.js:41:8065)
	at _4.stop (/home/sclorentz/.vscode-oss/extensions/llvm-vs-code-extensions.vscode-clangd-0.2.0-universal/out/bundle.js:44:31841)
	at _4.doInitialize (/home/sclorentz/.vscode-oss/extensions/llvm-vs-code-extensions.vscode-clangd-0.2.0-universal/out/bundle.js:41:7890)
	at process.processTicksAndRejections (node:internal/process/task_queues:95:5)
	at async _4.start (/home/sclorentz/.vscode-oss/extensions/llvm-vs-code-extensions.vscode-clangd-0.2.0-universal/out/bundle.js:41:4470)
2025-07-19 08:42:35.339 [error] Error: write EPIPE
	at afterWriteDispatched (node:internal/stream_base_commons:161:15)
	at writeGeneric (node:internal/stream_base_commons:152:3)
	at Socket._writeGeneric (node:net:958:11)
	at Socket._write (node:net:970:8)
	at writeOrBuffer (node:internal/streams/writable:572:12)
	at _write (node:internal/streams/writable:501:10)
	at Writable.write (node:internal/streams/writable:510:10)
	at /home/sclorentz/.vscode-oss/extensions/llvm-vs-code-extensions.vscode-clangd-0.2.0-universal/out/bundle.js:31:15287
	at new Promise (<anonymous>)
	at uf.write (/home/sclorentz/.vscode-oss/extensions/llvm-vs-code-extensions.vscode-clangd-0.2.0-universal/out/bundle.js:31:15194)
	at jl.doWrite (/home/sclorentz/.vscode-oss/extensions/llvm-vs-code-extensions.vscode-clangd-0.2.0-universal/out/bundle.js:3:1739)
	at /home/sclorentz/.vscode-oss/extensions/llvm-vs-code-extensions.vscode-clangd-0.2.0-universal/out/bundle.js:3:1638
2025-07-19 08:42:35.346 [error] Error: Client is not running and can't be stopped. It's current state is: starting
	at _4.shutdown (/home/sclorentz/.vscode-oss/extensions/llvm-vs-code-extensions.vscode-clangd-0.2.0-universal/out/bundle.js:41:8486)
	at _4.stop (/home/sclorentz/.vscode-oss/extensions/llvm-vs-code-extensions.vscode-clangd-0.2.0-universal/out/bundle.js:41:8065)
	at _4.stop (/home/sclorentz/.vscode-oss/extensions/llvm-vs-code-extensions.vscode-clangd-0.2.0-universal/out/bundle.js:44:31841)
	at _4.doInitialize (/home/sclorentz/.vscode-oss/extensions/llvm-vs-code-extensions.vscode-clangd-0.2.0-universal/out/bundle.js:41:7890)
	at process.processTicksAndRejections (node:internal/process/task_queues:95:5)
	at async _4.start (/home/sclorentz/.vscode-oss/extensions/llvm-vs-code-extensions.vscode-clangd-0.2.0-universal/out/bundle.js:41:4470)
2025-07-19 08:42:35.371 [error] Error: Cannot call write after a stream was destroyed
	at _write (node:internal/streams/writable:491:11)
	at Writable.write (node:internal/streams/writable:510:10)
	at /home/sclorentz/.vscode-oss/extensions/llvm-vs-code-extensions.vscode-clangd-0.2.0-universal/out/bundle.js:31:15287
	at new Promise (<anonymous>)
	at uf.write (/home/sclorentz/.vscode-oss/extensions/llvm-vs-code-extensions.vscode-clangd-0.2.0-universal/out/bundle.js:31:15194)
	at jl.doWrite (/home/sclorentz/.vscode-oss/extensions/llvm-vs-code-extensions.vscode-clangd-0.2.0-universal/out/bundle.js:3:1739)
	at /home/sclorentz/.vscode-oss/extensions/llvm-vs-code-extensions.vscode-clangd-0.2.0-universal/out/bundle.js:3:1638
2025-07-19 08:42:35.372 [error] Error: Client is not running and can't be stopped. It's current state is: starting
	at _4.shutdown (/home/sclorentz/.vscode-oss/extensions/llvm-vs-code-extensions.vscode-clangd-0.2.0-universal/out/bundle.js:41:8486)
	at _4.stop (/home/sclorentz/.vscode-oss/extensions/llvm-vs-code-extensions.vscode-clangd-0.2.0-universal/out/bundle.js:41:8065)
	at _4.stop (/home/sclorentz/.vscode-oss/extensions/llvm-vs-code-extensions.vscode-clangd-0.2.0-universal/out/bundle.js:44:31841)
	at _4.doInitialize (/home/sclorentz/.vscode-oss/extensions/llvm-vs-code-extensions.vscode-clangd-0.2.0-universal/out/bundle.js:41:7890)
	at process.processTicksAndRejections (node:internal/process/task_queues:95:5)
	at async _4.start (/home/sclorentz/.vscode-oss/extensions/llvm-vs-code-extensions.vscode-clangd-0.2.0-universal/out/bundle.js:41:4470)
2025-07-19 08:42:35.404 [info] ExtensionService#_doActivateExtension vscode.git-base, startup: true, activationEvent: '*', root cause: vscode.git
2025-07-19 08:42:36.081 [info] ExtensionService#_doActivateExtension vscode.git, startup: true, activationEvent: '*'
2025-07-19 08:42:36.287 [info] ExtensionService#_doActivateExtension vscode.github, startup: true, activationEvent: '*'
2025-07-19 08:42:36.729 [info] Eager extensions activated
2025-07-19 08:42:36.899 [info] ExtensionService#_doActivateExtension vscode.debug-auto-launch, startup: false, activationEvent: 'onStartupFinished'
2025-07-19 08:42:36.929 [info] ExtensionService#_doActivateExtension vscode.merge-conflict, startup: false, activationEvent: 'onStartupFinished'
2025-07-19 08:42:37.367 [info] ExtensionService#_doActivateExtension vscode.github-authentication, startup: false, activationEvent: 'onAuthenticationRequest:github'
2025-07-19 08:42:38.094 [info] ExtensionService#_doActivateExtension vscode.configuration-editing, startup: false, activationEvent: 'onLanguage:jsonc'
2025-07-19 08:42:38.132 [info] ExtensionService#_doActivateExtension vscode.json-language-features, startup: false, activationEvent: 'onLanguage:jsonc'
2025-07-19 08:42:38.243 [info] ExtensionService#_doActivateExtension vscode.typescript-language-features, startup: false, activationEvent: 'onLanguage:jsonc'
2025-07-19 09:01:31.096 [info] ExtensionService#_doActivateExtension jnoortheen.nix-ide, startup: false, activationEvent: 'onLanguage:nix'
2025-07-19 09:03:44.843 [info] ExtensionService#_doActivateExtension vscode.npm, startup: false, activationEvent: 'onTerminalQuickFixRequest:ms-vscode.npm-command'
2025-07-19 10:20:40.400 [info] ExtensionService#_doActivateExtension vscode.media-preview, startup: false, activationEvent: 'onCustomEditor:imagePreview.previewEditor'
2025-07-19 10:34:40.183 [info] ExtensionService#_doActivateExtension vscode.css-language-features, startup: false, activationEvent: 'onLanguage:css'
2025-07-19 18:33:01.856 [info] ExtensionService#_doActivateExtension PKief.material-icon-theme, startup: false, activationEvent: 'onStartupFinished'
2025-07-19 18:33:31.413 [info] Extension host terminating: renderer closed the MessagePort
2025-07-19 18:33:31.470 [error] TypeError: Cannot read properties of undefined (reading 'dispose')
	at z4 (/home/sclorentz/.vscode-oss/extensions/jnoortheen.nix-ide-0.4.22-universal/dist/extension.js:44:45451)
	at Object.DO (/home/sclorentz/.vscode-oss/extensions/jnoortheen.nix-ide-0.4.22-universal/dist/extension.js:44:48473)
	at PQ._deactivate (file:///nix/store/hkli1fcbdw2xqqs23clp6f6djac2dh1q-vscodium-1.100.13210/lib/vscode/resources/app/out/vs/workbench/api/node/extensionHostProcess.js:123:14502)
	at file:///nix/store/hkli1fcbdw2xqqs23clp6f6djac2dh1q-vscodium-1.100.13210/lib/vscode/resources/app/out/vs/workbench/api/node/extensionHostProcess.js:123:12013
	at Array.map (<anonymous>)
	at PQ._deactivateAll (file:///nix/store/hkli1fcbdw2xqqs23clp6f6djac2dh1q-vscodium-1.100.13210/lib/vscode/resources/app/out/vs/workbench/api/node/extensionHostProcess.js:123:12001)
	at PQ.terminate (file:///nix/store/hkli1fcbdw2xqqs23clp6f6djac2dh1q-vscodium-1.100.13210/lib/vscode/resources/app/out/vs/workbench/api/node/extensionHostProcess.js:123:12354)
	at v8.terminate (file:///nix/store/hkli1fcbdw2xqqs23clp6f6djac2dh1q-vscodium-1.100.13210/lib/vscode/resources/app/out/vs/workbench/api/node/extensionHostProcess.js:124:1602)
	at ds (file:///nix/store/hkli1fcbdw2xqqs23clp6f6djac2dh1q-vscodium-1.100.13210/lib/vscode/resources/app/out/vs/workbench/api/node/extensionHostProcess.js:225:5829)
	at MessagePortMain.<anonymous> (file:///nix/store/hkli1fcbdw2xqqs23clp6f6djac2dh1q-vscodium-1.100.13210/lib/vscode/resources/app/out/vs/workbench/api/node/extensionHostProcess.js:225:2284)
	at MessagePortMain.emit (node:events:524:28)
	at MessagePortMain._internalPort.emit (node:electron/js2c/utility_init:2:2949)
2025-07-19 18:33:31.474 [info] Extension host with pid 1790 exiting with code 0
2025-07-19 18:33:33.421 [info] Extension host with pid 32672 started
2025-07-19 18:33:33.422 [info] Skipping acquiring lock for /home/sclorentz/.config/VSCodium/User/workspaceStorage/231a3f420da5a307c1c61b8fc93dc72f.
2025-07-19 18:33:33.443 [info] ExtensionService#_doActivateExtension vscode.emmet, startup: false, activationEvent: 'onLanguage'
2025-07-19 18:33:33.483 [info] ExtensionService#_doActivateExtension llvm-vs-code-extensions.vscode-clangd, startup: false, activationEvent: 'onLanguage:cpp'
2025-07-19 18:33:33.668 [info] ExtensionService#_doActivateExtension vscode.github-authentication, startup: false, activationEvent: 'onAuthenticationRequest:github'
2025-07-19 18:33:33.708 [info] ExtensionService#_doActivateExtension vscode.git-base, startup: false, activationEvent: 'onFileSystem:git', root cause: vscode.git
2025-07-19 18:33:33.717 [info] ExtensionService#_doActivateExtension vscode.configuration-editing, startup: false, activationEvent: 'onLanguage:jsonc'
2025-07-19 18:33:33.731 [info] ExtensionService#_doActivateExtension vscode.json-language-features, startup: false, activationEvent: 'onLanguage:jsonc'
2025-07-19 18:33:33.824 [info] ExtensionService#_doActivateExtension vscode.typescript-language-features, startup: false, activationEvent: 'onLanguage:jsonc'
2025-07-19 18:33:33.972 [info] ExtensionService#_doActivateExtension jnoortheen.nix-ide, startup: false, activationEvent: 'onLanguage:nix'
2025-07-19 18:33:34.049 [info] ExtensionService#_doActivateExtension vscode.npm, startup: false, activationEvent: 'onTerminalQuickFixRequest:ms-vscode.npm-command'
2025-07-19 18:33:34.105 [info] ExtensionService#_doActivateExtension vscode.media-preview, startup: false, activationEvent: 'onCustomEditor:imagePreview.previewEditor'
2025-07-19 18:33:34.116 [info] ExtensionService#_doActivateExtension vscode.css-language-features, startup: false, activationEvent: 'onLanguage:css'
2025-07-19 18:33:34.350 [info] ExtensionService#_doActivateExtension vscode.git, startup: false, activationEvent: 'onFileSystem:git'
2025-07-19 18:33:34.848 [info] ExtensionService#_doActivateExtension vscode.github, startup: true, activationEvent: '*'
2025-07-19 18:33:34.969 [info] Eager extensions activated
2025-07-19 18:33:34.980 [info] ExtensionService#_doActivateExtension vscode.debug-auto-launch, startup: false, activationEvent: 'onStartupFinished'
2025-07-19 18:33:34.986 [info] ExtensionService#_doActivateExtension vscode.merge-conflict, startup: false, activationEvent: 'onStartupFinished'
2025-07-19 18:33:35.549 [error] Error: Cannot call write after a stream was destroyed
	at _write (node:internal/streams/writable:491:11)
	at Writable.write (node:internal/streams/writable:510:10)
	at /home/sclorentz/.vscode-oss/extensions/llvm-vs-code-extensions.vscode-clangd-0.2.0-universal/out/bundle.js:31:15287
	at new Promise (<anonymous>)
	at uf.write (/home/sclorentz/.vscode-oss/extensions/llvm-vs-code-extensions.vscode-clangd-0.2.0-universal/out/bundle.js:31:15194)
	at jl.doWrite (/home/sclorentz/.vscode-oss/extensions/llvm-vs-code-extensions.vscode-clangd-0.2.0-universal/out/bundle.js:3:1739)
	at /home/sclorentz/.vscode-oss/extensions/llvm-vs-code-extensions.vscode-clangd-0.2.0-universal/out/bundle.js:3:1638
2025-07-19 18:33:35.550 [error] Error: Client is not running and can't be stopped. It's current state is: starting
	at _4.shutdown (/home/sclorentz/.vscode-oss/extensions/llvm-vs-code-extensions.vscode-clangd-0.2.0-universal/out/bundle.js:41:8486)
	at _4.stop (/home/sclorentz/.vscode-oss/extensions/llvm-vs-code-extensions.vscode-clangd-0.2.0-universal/out/bundle.js:41:8065)
	at _4.stop (/home/sclorentz/.vscode-oss/extensions/llvm-vs-code-extensions.vscode-clangd-0.2.0-universal/out/bundle.js:44:31841)
	at _4.doInitialize (/home/sclorentz/.vscode-oss/extensions/llvm-vs-code-extensions.vscode-clangd-0.2.0-universal/out/bundle.js:41:7890)
	at process.processTicksAndRejections (node:internal/process/task_queues:95:5)
	at async _4.start (/home/sclorentz/.vscode-oss/extensions/llvm-vs-code-extensions.vscode-clangd-0.2.0-universal/out/bundle.js:41:4470)
2025-07-19 18:33:35.551 [error] Error: Cannot call write after a stream was destroyed
	at /home/sclorentz/.vscode-oss/extensions/llvm-vs-code-extensions.vscode-clangd-0.2.0-universal/out/bundle.js:31:4200
	at process.processTicksAndRejections (node:internal/process/task_queues:95:5)
2025-07-19 18:33:35.561 [error] Error: write EPIPE
	at afterWriteDispatched (node:internal/stream_base_commons:161:15)
	at writeGeneric (node:internal/stream_base_commons:152:3)
	at Socket._writeGeneric (node:net:958:11)
	at Socket._write (node:net:970:8)
	at writeOrBuffer (node:internal/streams/writable:572:12)
	at _write (node:internal/streams/writable:501:10)
	at Writable.write (node:internal/streams/writable:510:10)
	at /home/sclorentz/.vscode-oss/extensions/llvm-vs-code-extensions.vscode-clangd-0.2.0-universal/out/bundle.js:31:15287
	at new Promise (<anonymous>)
	at uf.write (/home/sclorentz/.vscode-oss/extensions/llvm-vs-code-extensions.vscode-clangd-0.2.0-universal/out/bundle.js:31:15194)
	at jl.doWrite (/home/sclorentz/.vscode-oss/extensions/llvm-vs-code-extensions.vscode-clangd-0.2.0-universal/out/bundle.js:3:1739)
	at /home/sclorentz/.vscode-oss/extensions/llvm-vs-code-extensions.vscode-clangd-0.2.0-universal/out/bundle.js:3:1638
2025-07-19 18:33:35.562 [error] Error: Client is not running and can't be stopped. It's current state is: starting
	at _4.shutdown (/home/sclorentz/.vscode-oss/extensions/llvm-vs-code-extensions.vscode-clangd-0.2.0-universal/out/bundle.js:41:8486)
	at _4.stop (/home/sclorentz/.vscode-oss/extensions/llvm-vs-code-extensions.vscode-clangd-0.2.0-universal/out/bundle.js:41:8065)
	at _4.stop (/home/sclorentz/.vscode-oss/extensions/llvm-vs-code-extensions.vscode-clangd-0.2.0-universal/out/bundle.js:44:31841)
	at _4.doInitialize (/home/sclorentz/.vscode-oss/extensions/llvm-vs-code-extensions.vscode-clangd-0.2.0-universal/out/bundle.js:41:7890)
	at process.processTicksAndRejections (node:internal/process/task_queues:95:5)
	at async _4.start (/home/sclorentz/.vscode-oss/extensions/llvm-vs-code-extensions.vscode-clangd-0.2.0-universal/out/bundle.js:41:4470)
2025-07-19 18:33:35.588 [error] Error: Cannot call write after a stream was destroyed
	at _write (node:internal/streams/writable:491:11)
	at Writable.write (node:internal/streams/writable:510:10)
	at /home/sclorentz/.vscode-oss/extensions/llvm-vs-code-extensions.vscode-clangd-0.2.0-universal/out/bundle.js:31:15287
	at new Promise (<anonymous>)
	at uf.write (/home/sclorentz/.vscode-oss/extensions/llvm-vs-code-extensions.vscode-clangd-0.2.0-universal/out/bundle.js:31:15194)
	at jl.doWrite (/home/sclorentz/.vscode-oss/extensions/llvm-vs-code-extensions.vscode-clangd-0.2.0-universal/out/bundle.js:3:1739)
	at /home/sclorentz/.vscode-oss/extensions/llvm-vs-code-extensions.vscode-clangd-0.2.0-universal/out/bundle.js:3:1638
2025-07-19 18:33:35.589 [error] Error: Client is not running and can't be stopped. It's current state is: starting
	at _4.shutdown (/home/sclorentz/.vscode-oss/extensions/llvm-vs-code-extensions.vscode-clangd-0.2.0-universal/out/bundle.js:41:8486)
	at _4.stop (/home/sclorentz/.vscode-oss/extensions/llvm-vs-code-extensions.vscode-clangd-0.2.0-universal/out/bundle.js:41:8065)
	at _4.stop (/home/sclorentz/.vscode-oss/extensions/llvm-vs-code-extensions.vscode-clangd-0.2.0-universal/out/bundle.js:44:31841)
	at _4.doInitialize (/home/sclorentz/.vscode-oss/extensions/llvm-vs-code-extensions.vscode-clangd-0.2.0-universal/out/bundle.js:41:7890)
	at process.processTicksAndRejections (node:internal/process/task_queues:95:5)
	at async _4.start (/home/sclorentz/.vscode-oss/extensions/llvm-vs-code-extensions.vscode-clangd-0.2.0-universal/out/bundle.js:41:4470)
2025-07-19 18:33:35.847 [error] Error: write EPIPE
	at afterWriteDispatched (node:internal/stream_base_commons:161:15)
	at writeGeneric (node:internal/stream_base_commons:152:3)
	at Socket._writeGeneric (node:net:958:11)
	at Socket._write (node:net:970:8)
	at writeOrBuffer (node:internal/streams/writable:572:12)
	at _write (node:internal/streams/writable:501:10)
	at Writable.write (node:internal/streams/writable:510:10)
	at /home/sclorentz/.vscode-oss/extensions/llvm-vs-code-extensions.vscode-clangd-0.2.0-universal/out/bundle.js:31:15287
	at new Promise (<anonymous>)
	at uf.write (/home/sclorentz/.vscode-oss/extensions/llvm-vs-code-extensions.vscode-clangd-0.2.0-universal/out/bundle.js:31:15194)
	at jl.doWrite (/home/sclorentz/.vscode-oss/extensions/llvm-vs-code-extensions.vscode-clangd-0.2.0-universal/out/bundle.js:3:1739)
	at /home/sclorentz/.vscode-oss/extensions/llvm-vs-code-extensions.vscode-clangd-0.2.0-universal/out/bundle.js:3:1638
2025-07-19 18:33:35.849 [error] Error: Client is not running and can't be stopped. It's current state is: starting
	at _4.shutdown (/home/sclorentz/.vscode-oss/extensions/llvm-vs-code-extensions.vscode-clangd-0.2.0-universal/out/bundle.js:41:8486)
	at _4.stop (/home/sclorentz/.vscode-oss/extensions/llvm-vs-code-extensions.vscode-clangd-0.2.0-universal/out/bundle.js:41:8065)
	at _4.stop (/home/sclorentz/.vscode-oss/extensions/llvm-vs-code-extensions.vscode-clangd-0.2.0-universal/out/bundle.js:44:31841)
	at _4.doInitialize (/home/sclorentz/.vscode-oss/extensions/llvm-vs-code-extensions.vscode-clangd-0.2.0-universal/out/bundle.js:41:7890)
	at process.processTicksAndRejections (node:internal/process/task_queues:95:5)
	at async _4.start (/home/sclorentz/.vscode-oss/extensions/llvm-vs-code-extensions.vscode-clangd-0.2.0-universal/out/bundle.js:41:4470)
2025-07-19 18:33:35.925 [error] Error: Cannot call write after a stream was destroyed
	at _write (node:internal/streams/writable:491:11)
	at Writable.write (node:internal/streams/writable:510:10)
	at /home/sclorentz/.vscode-oss/extensions/llvm-vs-code-extensions.vscode-clangd-0.2.0-universal/out/bundle.js:31:15287
	at new Promise (<anonymous>)
	at uf.write (/home/sclorentz/.vscode-oss/extensions/llvm-vs-code-extensions.vscode-clangd-0.2.0-universal/out/bundle.js:31:15194)
	at jl.doWrite (/home/sclorentz/.vscode-oss/extensions/llvm-vs-code-extensions.vscode-clangd-0.2.0-universal/out/bundle.js:3:1739)
	at /home/sclorentz/.vscode-oss/extensions/llvm-vs-code-extensions.vscode-clangd-0.2.0-universal/out/bundle.js:3:1638
	at runNextTicks (node:internal/process/task_queues:60:5)
	at process.processImmediate (node:internal/timers:454:9)
2025-07-19 18:33:35.927 [error] Error: Client is not running and can't be stopped. It's current state is: starting
	at _4.shutdown (/home/sclorentz/.vscode-oss/extensions/llvm-vs-code-extensions.vscode-clangd-0.2.0-universal/out/bundle.js:41:8486)
	at _4.stop (/home/sclorentz/.vscode-oss/extensions/llvm-vs-code-extensions.vscode-clangd-0.2.0-universal/out/bundle.js:41:8065)
	at _4.stop (/home/sclorentz/.vscode-oss/extensions/llvm-vs-code-extensions.vscode-clangd-0.2.0-universal/out/bundle.js:44:31841)
	at _4.doInitialize (/home/sclorentz/.vscode-oss/extensions/llvm-vs-code-extensions.vscode-clangd-0.2.0-universal/out/bundle.js:41:7890)
	at processTicksAndRejections (node:internal/process/task_queues:95:5)
	at runNextTicks (node:internal/process/task_queues:64:3)
	at process.processImmediate (node:internal/timers:454:9)
	at async _4.start (/home/sclorentz/.vscode-oss/extensions/llvm-vs-code-extensions.vscode-clangd-0.2.0-universal/out/bundle.js:41:4470)
2025-07-19 19:25:06.273 [info] ExtensionService#_doActivateExtension mesonbuild.mesonbuild, startup: false, activationEvent: 'onLanguage:meson'
2025-07-19 19:25:19.145 [error] {"error":{"errno":-2,"code":"ENOENT","syscall":"spawn meson","path":"meson","spawnargs":["introspect","--tests"],"cmd":"meson introspect --tests"},"stdout":"","stderr":""}
2025-07-19 19:25:21.679 [error] Error: Cannot find reconfigure target undefined.
	at getTask (/home/sclorentz/.vscode-oss/extensions/mesonbuild.mesonbuild-1.27.0-universal/out/tasks.js:121:15)
	at async runFirstTask (/home/sclorentz/.vscode-oss/extensions/mesonbuild.mesonbuild-1.27.0-universal/out/tasks.js:146:13)
2025-07-19 19:33:16.493 [info] Extension host terminating: renderer closed the MessagePort
2025-07-19 19:33:16.553 [error] TypeError: Cannot read properties of undefined (reading 'dispose')
	at z4 (/home/sclorentz/.vscode-oss/extensions/jnoortheen.nix-ide-0.4.22-universal/dist/extension.js:44:45451)
	at Object.DO (/home/sclorentz/.vscode-oss/extensions/jnoortheen.nix-ide-0.4.22-universal/dist/extension.js:44:48473)
	at PQ._deactivate (file:///nix/store/hkli1fcbdw2xqqs23clp6f6djac2dh1q-vscodium-1.100.13210/lib/vscode/resources/app/out/vs/workbench/api/node/extensionHostProcess.js:123:14502)
	at file:///nix/store/hkli1fcbdw2xqqs23clp6f6djac2dh1q-vscodium-1.100.13210/lib/vscode/resources/app/out/vs/workbench/api/node/extensionHostProcess.js:123:12013
	at Array.map (<anonymous>)
	at PQ._deactivateAll (file:///nix/store/hkli1fcbdw2xqqs23clp6f6djac2dh1q-vscodium-1.100.13210/lib/vscode/resources/app/out/vs/workbench/api/node/extensionHostProcess.js:123:12001)
	at PQ.terminate (file:///nix/store/hkli1fcbdw2xqqs23clp6f6djac2dh1q-vscodium-1.100.13210/lib/vscode/resources/app/out/vs/workbench/api/node/extensionHostProcess.js:123:12354)
	at v8.terminate (file:///nix/store/hkli1fcbdw2xqqs23clp6f6djac2dh1q-vscodium-1.100.13210/lib/vscode/resources/app/out/vs/workbench/api/node/extensionHostProcess.js:124:1602)
	at ds (file:///nix/store/hkli1fcbdw2xqqs23clp6f6djac2dh1q-vscodium-1.100.13210/lib/vscode/resources/app/out/vs/workbench/api/node/extensionHostProcess.js:225:5829)
	at MessagePortMain.<anonymous> (file:///nix/store/hkli1fcbdw2xqqs23clp6f6djac2dh1q-vscodium-1.100.13210/lib/vscode/resources/app/out/vs/workbench/api/node/extensionHostProcess.js:225:2284)
	at MessagePortMain.emit (node:events:524:28)
	at MessagePortMain._internalPort.emit (node:electron/js2c/utility_init:2:2949)
2025-07-19 19:33:16.560 [info] Extension host with pid 32672 exiting with code 0
2025-07-19 19:33:18.458 [info] Extension host with pid 35236 started
2025-07-19 19:33:18.458 [info] Skipping acquiring lock for /home/sclorentz/.config/VSCodium/User/workspaceStorage/231a3f420da5a307c1c61b8fc93dc72f.
2025-07-19 19:33:18.487 [info] ExtensionService#_doActivateExtension vscode.emmet, startup: false, activationEvent: 'onLanguage'
2025-07-19 19:33:18.536 [info] ExtensionService#_doActivateExtension vscode.github-authentication, startup: false, activationEvent: 'onAuthenticationRequest:github'
2025-07-19 19:33:18.585 [info] ExtensionService#_doActivateExtension vscode.git-base, startup: false, activationEvent: 'onFileSystem:git', root cause: vscode.git
2025-07-19 19:33:18.589 [info] ExtensionService#_doActivateExtension vscode.configuration-editing, startup: false, activationEvent: 'onLanguage:jsonc'
2025-07-19 19:33:18.607 [info] ExtensionService#_doActivateExtension vscode.json-language-features, startup: false, activationEvent: 'onLanguage:jsonc'
2025-07-19 19:33:18.725 [info] ExtensionService#_doActivateExtension vscode.typescript-language-features, startup: false, activationEvent: 'onLanguage:jsonc'
2025-07-19 19:33:18.832 [info] ExtensionService#_doActivateExtension jnoortheen.nix-ide, startup: false, activationEvent: 'onLanguage:nix'
2025-07-19 19:33:18.905 [info] ExtensionService#_doActivateExtension vscode.npm, startup: false, activationEvent: 'onTerminalQuickFixRequest:ms-vscode.npm-command'
2025-07-19 19:33:18.985 [info] ExtensionService#_doActivateExtension vscode.media-preview, startup: false, activationEvent: 'onCustomEditor:imagePreview.previewEditor'
2025-07-19 19:33:19.009 [info] ExtensionService#_doActivateExtension vscode.css-language-features, startup: false, activationEvent: 'onLanguage:css'
2025-07-19 19:33:19.083 [info] ExtensionService#_doActivateExtension mesonbuild.mesonbuild, startup: false, activationEvent: 'onLanguage:meson'
2025-07-19 19:33:19.426 [info] ExtensionService#_doActivateExtension vscode.git, startup: false, activationEvent: 'onFileSystem:git'
2025-07-19 19:33:19.614 [info] ExtensionService#_doActivateExtension vscode.github, startup: true, activationEvent: '*'
2025-07-19 19:33:29.571 [info] ExtensionService#_doActivateExtension vscode.debug-auto-launch, startup: false, activationEvent: 'onStartupFinished'
2025-07-19 19:33:29.589 [info] ExtensionService#_doActivateExtension vscode.merge-conflict, startup: false, activationEvent: 'onStartupFinished'
2025-07-19 19:33:43.447 [info] ExtensionService#_doActivateExtension vadimcn.vscode-lldb, startup: false, activationEvent: 'onStartupFinished'
2025-07-19 19:33:43.503 [info] ExtensionService#_doActivateExtension cschlosser.doxdocgen, startup: false, activationEvent: 'onLanguage:cpp'
2025-07-19 19:33:43.728 [info] ExtensionService#_doActivateExtension franneck94.c-cpp-runner, startup: false, activationEvent: 'onLanguage:c'
2025-07-19 19:33:43.747 [info] ExtensionService#_doActivateExtension franneck94.vscode-c-cpp-config, startup: false, activationEvent: 'onStartupFinished'
2025-07-19 19:47:24.638 [info] ExtensionService#_doActivateExtension aaron-bond.better-comments, startup: false, activationEvent: 'onStartupFinished'
2025-07-19 22:13:26.081 [info] Extension host terminating: renderer closed the MessagePort
2025-07-19 22:13:26.215 [error] TypeError: Cannot read properties of undefined (reading 'dispose')
	at z4 (/home/sclorentz/.vscode-oss/extensions/jnoortheen.nix-ide-0.4.22-universal/dist/extension.js:44:45451)
	at Object.DO (/home/sclorentz/.vscode-oss/extensions/jnoortheen.nix-ide-0.4.22-universal/dist/extension.js:44:48473)
	at PQ._deactivate (file:///nix/store/hkli1fcbdw2xqqs23clp6f6djac2dh1q-vscodium-1.100.13210/lib/vscode/resources/app/out/vs/workbench/api/node/extensionHostProcess.js:123:14502)
	at file:///nix/store/hkli1fcbdw2xqqs23clp6f6djac2dh1q-vscodium-1.100.13210/lib/vscode/resources/app/out/vs/workbench/api/node/extensionHostProcess.js:123:12013
	at Array.map (<anonymous>)
	at PQ._deactivateAll (file:///nix/store/hkli1fcbdw2xqqs23clp6f6djac2dh1q-vscodium-1.100.13210/lib/vscode/resources/app/out/vs/workbench/api/node/extensionHostProcess.js:123:12001)
	at PQ.terminate (file:///nix/store/hkli1fcbdw2xqqs23clp6f6djac2dh1q-vscodium-1.100.13210/lib/vscode/resources/app/out/vs/workbench/api/node/extensionHostProcess.js:123:12354)
	at v8.terminate (file:///nix/store/hkli1fcbdw2xqqs23clp6f6djac2dh1q-vscodium-1.100.13210/lib/vscode/resources/app/out/vs/workbench/api/node/extensionHostProcess.js:124:1602)
	at ds (file:///nix/store/hkli1fcbdw2xqqs23clp6f6djac2dh1q-vscodium-1.100.13210/lib/vscode/resources/app/out/vs/workbench/api/node/extensionHostProcess.js:225:5829)
	at MessagePortMain.<anonymous> (file:///nix/store/hkli1fcbdw2xqqs23clp6f6djac2dh1q-vscodium-1.100.13210/lib/vscode/resources/app/out/vs/workbench/api/node/extensionHostProcess.js:225:2284)
	at MessagePortMain.emit (node:events:524:28)
	at MessagePortMain._internalPort.emit (node:electron/js2c/utility_init:2:2949)
2025-07-19 22:13:26.218 [info] Eager extensions activated
2025-07-19 22:13:26.226 [info] Extension host with pid 35236 exiting with code 0
2025-07-19 22:13:29.225 [info] Extension host with pid 43607 started
2025-07-19 22:13:29.225 [info] Skipping acquiring lock for /home/sclorentz/.config/VSCodium/User/workspaceStorage/231a3f420da5a307c1c61b8fc93dc72f.
2025-07-19 22:13:29.265 [info] ExtensionService#_doActivateExtension vscode.emmet, startup: false, activationEvent: 'onLanguage'
2025-07-19 22:13:29.349 [info] ExtensionService#_doActivateExtension cschlosser.doxdocgen, startup: false, activationEvent: 'onLanguage:cpp'
2025-07-19 22:13:29.574 [info] ExtensionService#_doActivateExtension vadimcn.vscode-lldb, startup: false, activationEvent: 'onLanguage:cpp', root cause: franneck94.c-cpp-runner
2025-07-19 22:13:29.606 [info] ExtensionService#_doActivateExtension vscode.github-authentication, startup: false, activationEvent: 'onAuthenticationRequest:github'
2025-07-19 22:13:29.658 [info] ExtensionService#_doActivateExtension vscode.git-base, startup: false, activationEvent: 'onFileSystem:git', root cause: vscode.git
2025-07-19 22:13:29.663 [info] ExtensionService#_doActivateExtension vscode.configuration-editing, startup: false, activationEvent: 'onLanguage:jsonc'
2025-07-19 22:13:29.686 [info] ExtensionService#_doActivateExtension vscode.json-language-features, startup: false, activationEvent: 'onLanguage:jsonc'
2025-07-19 22:13:29.796 [info] ExtensionService#_doActivateExtension vscode.typescript-language-features, startup: false, activationEvent: 'onLanguage:jsonc'
2025-07-19 22:13:29.925 [info] ExtensionService#_doActivateExtension jnoortheen.nix-ide, startup: false, activationEvent: 'onLanguage:nix'
2025-07-19 22:13:30.045 [info] ExtensionService#_doActivateExtension vscode.npm, startup: false, activationEvent: 'onTerminalQuickFixRequest:ms-vscode.npm-command'
2025-07-19 22:13:30.126 [info] ExtensionService#_doActivateExtension vscode.media-preview, startup: false, activationEvent: 'onCustomEditor:imagePreview.previewEditor'
2025-07-19 22:13:30.162 [info] ExtensionService#_doActivateExtension vscode.css-language-features, startup: false, activationEvent: 'onLanguage:css'
2025-07-19 22:13:30.235 [info] ExtensionService#_doActivateExtension mesonbuild.mesonbuild, startup: false, activationEvent: 'onLanguage:meson'
2025-07-19 22:13:30.682 [info] ExtensionService#_doActivateExtension franneck94.c-cpp-runner, startup: false, activationEvent: 'onLanguage:cpp'
2025-07-19 22:13:30.705 [info] ExtensionService#_doActivateExtension vscode.git, startup: false, activationEvent: 'onFileSystem:git'
2025-07-19 22:13:30.855 [info] ExtensionService#_doActivateExtension vscode.github, startup: true, activationEvent: '*'
2025-07-19 22:13:40.647 [info] ExtensionService#_doActivateExtension vscode.debug-auto-launch, startup: false, activationEvent: 'onStartupFinished'
2025-07-19 22:13:40.666 [info] ExtensionService#_doActivateExtension vscode.merge-conflict, startup: false, activationEvent: 'onStartupFinished'
2025-07-19 22:13:40.813 [info] ExtensionService#_doActivateExtension aaron-bond.better-comments, startup: false, activationEvent: 'onStartupFinished'
2025-07-19 22:13:40.864 [info] ExtensionService#_doActivateExtension franneck94.vscode-c-cpp-config, startup: false, activationEvent: 'onStartupFinished'
2025-07-19 22:13:41.196 [error] Error: Cannot find reconfigure target undefined.
	at getTask (/home/sclorentz/.vscode-oss/extensions/mesonbuild.mesonbuild-1.27.0-universal/out/tasks.js:121:15)
	at async runFirstTask (/home/sclorentz/.vscode-oss/extensions/mesonbuild.mesonbuild-1.27.0-universal/out/tasks.js:146:13)
2025-07-19 23:29:35.386 [info] ExtensionService#_doActivateExtension RichardLuo.frosted-glass-theme, startup: false, activationEvent: 'onStartupFinished'
2025-07-19 23:30:21.124 [info] ExtensionService#_doActivateExtension s-nlf-fh.glassit, startup: false, activationEvent: '*'
2025-07-19 23:30:21.323 [error] Activating extension s-nlf-fh.glassit failed due to an error:
2025-07-19 23:30:21.323 [error] Error: Command failed: pgrep 'code'
	at genericNodeError (node:internal/errors:984:15)
	at wrappedFn (node:internal/errors:538:14)
	at checkExecSyncError (node:child_process:906:11)
	at Object.execSync (node:child_process:978:15)
	at Object.execSync (node:electron/js2c/node_init:2:16318)
	at activate (/home/sclorentz/.vscode-oss/extensions/s-nlf-fh.glassit-0.2.3-universal/extension.js:46:31)
	at cy._callActivateOptional (file:///nix/store/hkli1fcbdw2xqqs23clp6f6djac2dh1q-vscodium-1.100.13210/lib/vscode/resources/app/out/vs/workbench/api/node/extensionHostProcess.js:123:18703)
	at cy._callActivate (file:///nix/store/hkli1fcbdw2xqqs23clp6f6djac2dh1q-vscodium-1.100.13210/lib/vscode/resources/app/out/vs/workbench/api/node/extensionHostProcess.js:123:18372)
	at file:///nix/store/hkli1fcbdw2xqqs23clp6f6djac2dh1q-vscodium-1.100.13210/lib/vscode/resources/app/out/vs/workbench/api/node/extensionHostProcess.js:123:16306
	at async Nw._activate (file:///nix/store/hkli1fcbdw2xqqs23clp6f6djac2dh1q-vscodium-1.100.13210/lib/vscode/resources/app/out/vs/workbench/api/node/extensionHostProcess.js:119:16269)
	at async Nw._waitForDepsThenActivate (file:///nix/store/hkli1fcbdw2xqqs23clp6f6djac2dh1q-vscodium-1.100.13210/lib/vscode/resources/app/out/vs/workbench/api/node/extensionHostProcess.js:119:16211)
	at async Nw._initialize (file:///nix/store/hkli1fcbdw2xqqs23clp6f6djac2dh1q-vscodium-1.100.13210/lib/vscode/resources/app/out/vs/workbench/api/node/extensionHostProcess.js:119:15574)
2025-07-19 23:31:02.568 [info] Extension host terminating: renderer closed the MessagePort
2025-07-19 23:31:02.618 [error] TypeError: Cannot read properties of undefined (reading 'dispose')
	at z4 (/home/sclorentz/.vscode-oss/extensions/jnoortheen.nix-ide-0.4.22-universal/dist/extension.js:44:45451)
	at Object.DO (/home/sclorentz/.vscode-oss/extensions/jnoortheen.nix-ide-0.4.22-universal/dist/extension.js:44:48473)
	at PQ._deactivate (file:///nix/store/hkli1fcbdw2xqqs23clp6f6djac2dh1q-vscodium-1.100.13210/lib/vscode/resources/app/out/vs/workbench/api/node/extensionHostProcess.js:123:14502)
	at file:///nix/store/hkli1fcbdw2xqqs23clp6f6djac2dh1q-vscodium-1.100.13210/lib/vscode/resources/app/out/vs/workbench/api/node/extensionHostProcess.js:123:12013
	at Array.map (<anonymous>)
	at PQ._deactivateAll (file:///nix/store/hkli1fcbdw2xqqs23clp6f6djac2dh1q-vscodium-1.100.13210/lib/vscode/resources/app/out/vs/workbench/api/node/extensionHostProcess.js:123:12001)
	at PQ.terminate (file:///nix/store/hkli1fcbdw2xqqs23clp6f6djac2dh1q-vscodium-1.100.13210/lib/vscode/resources/app/out/vs/workbench/api/node/extensionHostProcess.js:123:12354)
	at v8.terminate (file:///nix/store/hkli1fcbdw2xqqs23clp6f6djac2dh1q-vscodium-1.100.13210/lib/vscode/resources/app/out/vs/workbench/api/node/extensionHostProcess.js:124:1602)
	at ds (file:///nix/store/hkli1fcbdw2xqqs23clp6f6djac2dh1q-vscodium-1.100.13210/lib/vscode/resources/app/out/vs/workbench/api/node/extensionHostProcess.js:225:5829)
	at MessagePortMain.<anonymous> (file:///nix/store/hkli1fcbdw2xqqs23clp6f6djac2dh1q-vscodium-1.100.13210/lib/vscode/resources/app/out/vs/workbench/api/node/extensionHostProcess.js:225:2284)
	at MessagePortMain.emit (node:events:524:28)
	at MessagePortMain._internalPort.emit (node:electron/js2c/utility_init:2:2949)
2025-07-19 23:31:02.623 [info] Extension host with pid 43607 exiting with code 0
2025-07-19 23:31:04.245 [info] Extension host with pid 44540 started
2025-07-19 23:31:04.245 [info] Skipping acquiring lock for /home/sclorentz/.config/VSCodium/User/workspaceStorage/231a3f420da5a307c1c61b8fc93dc72f.
2025-07-19 23:31:04.275 [info] ExtensionService#_doActivateExtension vscode.emmet, startup: false, activationEvent: 'onLanguage'
2025-07-19 23:31:04.330 [info] ExtensionService#_doActivateExtension cschlosser.doxdocgen, startup: false, activationEvent: 'onLanguage:cpp'
2025-07-19 23:31:04.500 [info] ExtensionService#_doActivateExtension vadimcn.vscode-lldb, startup: false, activationEvent: 'onLanguage:cpp', root cause: franneck94.c-cpp-runner
2025-07-19 23:31:04.547 [info] ExtensionService#_doActivateExtension vscode.github-authentication, startup: false, activationEvent: 'onAuthenticationRequest:github'
2025-07-19 23:31:04.615 [info] ExtensionService#_doActivateExtension vscode.git-base, startup: false, activationEvent: 'onFileSystem:git', root cause: vscode.git
2025-07-19 23:31:04.622 [info] ExtensionService#_doActivateExtension vscode.configuration-editing, startup: false, activationEvent: 'onLanguage:jsonc'
2025-07-19 23:31:04.642 [info] ExtensionService#_doActivateExtension vscode.json-language-features, startup: false, activationEvent: 'onLanguage:jsonc'
2025-07-19 23:31:04.830 [info] ExtensionService#_doActivateExtension vscode.typescript-language-features, startup: false, activationEvent: 'onLanguage:jsonc'
2025-07-19 23:31:04.989 [info] ExtensionService#_doActivateExtension jnoortheen.nix-ide, startup: false, activationEvent: 'onLanguage:nix'
2025-07-19 23:31:05.065 [info] ExtensionService#_doActivateExtension vscode.npm, startup: false, activationEvent: 'onTerminalQuickFixRequest:ms-vscode.npm-command'
2025-07-19 23:31:05.143 [info] ExtensionService#_doActivateExtension vscode.media-preview, startup: false, activationEvent: 'onCustomEditor:imagePreview.previewEditor'
2025-07-19 23:31:05.175 [info] ExtensionService#_doActivateExtension vscode.css-language-features, startup: false, activationEvent: 'onLanguage:css'
2025-07-19 23:31:05.264 [info] ExtensionService#_doActivateExtension mesonbuild.mesonbuild, startup: false, activationEvent: 'onLanguage:meson'
2025-07-19 23:31:05.777 [info] ExtensionService#_doActivateExtension franneck94.c-cpp-runner, startup: false, activationEvent: 'onLanguage:cpp'
2025-07-19 23:31:05.803 [info] ExtensionService#_doActivateExtension vscode.git, startup: false, activationEvent: 'onFileSystem:git'
2025-07-19 23:31:05.920 [info] ExtensionService#_doActivateExtension vscode.github, startup: true, activationEvent: '*'
2025-07-19 23:31:15.511 [info] ExtensionService#_doActivateExtension vscode.debug-auto-launch, startup: false, activationEvent: 'onStartupFinished'
2025-07-19 23:31:15.525 [info] ExtensionService#_doActivateExtension vscode.merge-conflict, startup: false, activationEvent: 'onStartupFinished'
2025-07-19 23:31:15.591 [info] ExtensionService#_doActivateExtension aaron-bond.better-comments, startup: false, activationEvent: 'onStartupFinished'
2025-07-19 23:31:15.606 [info] ExtensionService#_doActivateExtension franneck94.vscode-c-cpp-config, startup: false, activationEvent: 'onStartupFinished'
2025-07-19 23:31:15.610 [info] ExtensionService#_doActivateExtension RichardLuo.frosted-glass-theme, startup: false, activationEvent: 'onStartupFinished'
2025-07-19 23:31:22.640 [error] {"error":{"errno":-2,"code":"ENOENT","syscall":"spawn meson","path":"meson","spawnargs":["introspect","--tests"],"cmd":"meson introspect --tests"},"stdout":"","stderr":""}
2025-07-19 23:32:07.465 [info] ExtensionService#_doActivateExtension leandro-rodrigues.fluent-ui-vscode, startup: false, activationEvent: '*'
2025-07-19 23:32:18.567 [error] TypeError: Cannot read properties of undefined (reading 'filename')
	at /home/sclorentz/.vscode-oss/extensions/leandro-rodrigues.fluent-ui-vscode-0.3.12-universal/src/extension.js:21:46
	at Vw._executeContributedCommand (file:///nix/store/hkli1fcbdw2xqqs23clp6f6djac2dh1q-vscodium-1.100.13210/lib/vscode/resources/app/out/vs/workbench/api/node/extensionHostProcess.js:119:49107)
	at Vw.$executeContributedCommand (file:///nix/store/hkli1fcbdw2xqqs23clp6f6djac2dh1q-vscodium-1.100.13210/lib/vscode/resources/app/out/vs/workbench/api/node/extensionHostProcess.js:119:50038)
	at fS._doInvokeHandler (file:///nix/store/hkli1fcbdw2xqqs23clp6f6djac2dh1q-vscodium-1.100.13210/lib/vscode/resources/app/out/vs/workbench/api/node/extensionHostProcess.js:29:125319)
	at fS._invokeHandler (file:///nix/store/hkli1fcbdw2xqqs23clp6f6djac2dh1q-vscodium-1.100.13210/lib/vscode/resources/app/out/vs/workbench/api/node/extensionHostProcess.js:29:125063)
	at fS._receiveRequest (file:///nix/store/hkli1fcbdw2xqqs23clp6f6djac2dh1q-vscodium-1.100.13210/lib/vscode/resources/app/out/vs/workbench/api/node/extensionHostProcess.js:29:123829)
	at fS._receiveOneMessage (file:///nix/store/hkli1fcbdw2xqqs23clp6f6djac2dh1q-vscodium-1.100.13210/lib/vscode/resources/app/out/vs/workbench/api/node/extensionHostProcess.js:29:122655)
	at eh.value (file:///nix/store/hkli1fcbdw2xqqs23clp6f6djac2dh1q-vscodium-1.100.13210/lib/vscode/resources/app/out/vs/workbench/api/node/extensionHostProcess.js:29:120754)
	at P._deliver (file:///nix/store/hkli1fcbdw2xqqs23clp6f6djac2dh1q-vscodium-1.100.13210/lib/vscode/resources/app/out/vs/workbench/api/node/extensionHostProcess.js:27:2937)
	at P.fire (file:///nix/store/hkli1fcbdw2xqqs23clp6f6djac2dh1q-vscodium-1.100.13210/lib/vscode/resources/app/out/vs/workbench/api/node/extensionHostProcess.js:27:3257)
	at co.fire (file:///nix/store/hkli1fcbdw2xqqs23clp6f6djac2dh1q-vscodium-1.100.13210/lib/vscode/resources/app/out/vs/workbench/api/node/extensionHostProcess.js:29:10941)
	at eh.value (file:///nix/store/hkli1fcbdw2xqqs23clp6f6djac2dh1q-vscodium-1.100.13210/lib/vscode/resources/app/out/vs/workbench/api/node/extensionHostProcess.js:225:4033)
	at P._deliver (file:///nix/store/hkli1fcbdw2xqqs23clp6f6djac2dh1q-vscodium-1.100.13210/lib/vscode/resources/app/out/vs/workbench/api/node/extensionHostProcess.js:27:2937)
	at P.fire (file:///nix/store/hkli1fcbdw2xqqs23clp6f6djac2dh1q-vscodium-1.100.13210/lib/vscode/resources/app/out/vs/workbench/api/node/extensionHostProcess.js:27:3257)
	at co.fire (file:///nix/store/hkli1fcbdw2xqqs23clp6f6djac2dh1q-vscodium-1.100.13210/lib/vscode/resources/app/out/vs/workbench/api/node/extensionHostProcess.js:29:10941)
	at MessagePortMain.<anonymous> (file:///nix/store/hkli1fcbdw2xqqs23clp6f6djac2dh1q-vscodium-1.100.13210/lib/vscode/resources/app/out/vs/workbench/api/node/extensionHostProcess.js:225:2244)
	at MessagePortMain.emit (node:events:524:28)
	at MessagePortMain._internalPort.emit (node:electron/js2c/utility_init:2:2949) fluent.enableEffects {"value":"leandro-rodrigues.fluent-ui-vscode","_lower":"leandro-rodrigues.fluent-ui-vscode"}
2025-07-19 23:32:24.800 [info] Extension host terminating: renderer closed the MessagePort
2025-07-19 23:32:24.836 [error] TypeError: Cannot read properties of undefined (reading 'dispose')
	at z4 (/home/sclorentz/.vscode-oss/extensions/jnoortheen.nix-ide-0.4.22-universal/dist/extension.js:44:45451)
	at Object.DO (/home/sclorentz/.vscode-oss/extensions/jnoortheen.nix-ide-0.4.22-universal/dist/extension.js:44:48473)
	at PQ._deactivate (file:///nix/store/hkli1fcbdw2xqqs23clp6f6djac2dh1q-vscodium-1.100.13210/lib/vscode/resources/app/out/vs/workbench/api/node/extensionHostProcess.js:123:14502)
	at file:///nix/store/hkli1fcbdw2xqqs23clp6f6djac2dh1q-vscodium-1.100.13210/lib/vscode/resources/app/out/vs/workbench/api/node/extensionHostProcess.js:123:12013
	at Array.map (<anonymous>)
	at PQ._deactivateAll (file:///nix/store/hkli1fcbdw2xqqs23clp6f6djac2dh1q-vscodium-1.100.13210/lib/vscode/resources/app/out/vs/workbench/api/node/extensionHostProcess.js:123:12001)
	at PQ.terminate (file:///nix/store/hkli1fcbdw2xqqs23clp6f6djac2dh1q-vscodium-1.100.13210/lib/vscode/resources/app/out/vs/workbench/api/node/extensionHostProcess.js:123:12354)
	at v8.terminate (file:///nix/store/hkli1fcbdw2xqqs23clp6f6djac2dh1q-vscodium-1.100.13210/lib/vscode/resources/app/out/vs/workbench/api/node/extensionHostProcess.js:124:1602)
	at ds (file:///nix/store/hkli1fcbdw2xqqs23clp6f6djac2dh1q-vscodium-1.100.13210/lib/vscode/resources/app/out/vs/workbench/api/node/extensionHostProcess.js:225:5829)
	at MessagePortMain.<anonymous> (file:///nix/store/hkli1fcbdw2xqqs23clp6f6djac2dh1q-vscodium-1.100.13210/lib/vscode/resources/app/out/vs/workbench/api/node/extensionHostProcess.js:225:2284)
	at MessagePortMain.emit (node:events:524:28)
	at MessagePortMain._internalPort.emit (node:electron/js2c/utility_init:2:2949)
2025-07-19 23:32:24.840 [info] Extension host with pid 44540 exiting with code 0
2025-07-19 23:32:26.154 [info] Extension host with pid 44715 started
2025-07-19 23:32:26.155 [info] Skipping acquiring lock for /home/sclorentz/.config/VSCodium/User/workspaceStorage/231a3f420da5a307c1c61b8fc93dc72f.
2025-07-19 23:32:26.182 [info] ExtensionService#_doActivateExtension vscode.emmet, startup: false, activationEvent: 'onLanguage'
2025-07-19 23:32:26.220 [info] ExtensionService#_doActivateExtension cschlosser.doxdocgen, startup: false, activationEvent: 'onLanguage:cpp'
2025-07-19 23:32:26.280 [info] ExtensionService#_doActivateExtension vadimcn.vscode-lldb, startup: false, activationEvent: 'onLanguage:cpp', root cause: franneck94.c-cpp-runner
2025-07-19 23:32:26.304 [info] ExtensionService#_doActivateExtension vscode.github-authentication, startup: false, activationEvent: 'onAuthenticationRequest:github'
2025-07-19 23:32:26.344 [info] ExtensionService#_doActivateExtension vscode.git-base, startup: false, activationEvent: 'onFileSystem:git', root cause: vscode.git
2025-07-19 23:32:26.350 [info] ExtensionService#_doActivateExtension vscode.configuration-editing, startup: false, activationEvent: 'onLanguage:jsonc'
2025-07-19 23:32:26.364 [info] ExtensionService#_doActivateExtension vscode.json-language-features, startup: false, activationEvent: 'onLanguage:jsonc'
2025-07-19 23:32:26.470 [info] ExtensionService#_doActivateExtension vscode.typescript-language-features, startup: false, activationEvent: 'onLanguage:jsonc'
2025-07-19 23:32:26.562 [info] ExtensionService#_doActivateExtension jnoortheen.nix-ide, startup: false, activationEvent: 'onLanguage:nix'
2025-07-19 23:32:26.625 [info] ExtensionService#_doActivateExtension vscode.npm, startup: false, activationEvent: 'onTerminalQuickFixRequest:ms-vscode.npm-command'
2025-07-19 23:32:26.684 [info] ExtensionService#_doActivateExtension vscode.media-preview, startup: false, activationEvent: 'onCustomEditor:imagePreview.previewEditor'
2025-07-19 23:32:26.708 [info] ExtensionService#_doActivateExtension vscode.css-language-features, startup: false, activationEvent: 'onLanguage:css'
2025-07-19 23:32:26.778 [info] ExtensionService#_doActivateExtension mesonbuild.mesonbuild, startup: false, activationEvent: 'onLanguage:meson'
2025-07-19 23:32:27.046 [info] ExtensionService#_doActivateExtension franneck94.c-cpp-runner, startup: false, activationEvent: 'onLanguage:cpp'
2025-07-19 23:32:27.059 [info] ExtensionService#_doActivateExtension vscode.git, startup: false, activationEvent: 'onFileSystem:git'
2025-07-19 23:32:27.458 [info] ExtensionService#_doActivateExtension vscode.github, startup: true, activationEvent: '*'
2025-07-19 23:32:37.240 [info] ExtensionService#_doActivateExtension vscode.debug-auto-launch, startup: false, activationEvent: 'onStartupFinished'
2025-07-19 23:32:37.259 [info] ExtensionService#_doActivateExtension vscode.merge-conflict, startup: false, activationEvent: 'onStartupFinished'
2025-07-19 23:32:37.322 [info] ExtensionService#_doActivateExtension aaron-bond.better-comments, startup: false, activationEvent: 'onStartupFinished'
2025-07-19 23:32:37.329 [info] ExtensionService#_doActivateExtension franneck94.vscode-c-cpp-config, startup: false, activationEvent: 'onStartupFinished'
2025-07-19 23:32:37.345 [info] ExtensionService#_doActivateExtension RichardLuo.frosted-glass-theme, startup: false, activationEvent: 'onStartupFinished'
2025-07-19 23:33:20.754 [info] Extension host terminating: renderer closed the MessagePort
2025-07-19 23:33:20.787 [error] TypeError: Cannot read properties of undefined (reading 'dispose')
	at z4 (/home/sclorentz/.vscode-oss/extensions/jnoortheen.nix-ide-0.4.22-universal/dist/extension.js:44:45451)
	at Object.DO (/home/sclorentz/.vscode-oss/extensions/jnoortheen.nix-ide-0.4.22-universal/dist/extension.js:44:48473)
	at PQ._deactivate (file:///nix/store/hkli1fcbdw2xqqs23clp6f6djac2dh1q-vscodium-1.100.13210/lib/vscode/resources/app/out/vs/workbench/api/node/extensionHostProcess.js:123:14502)
	at file:///nix/store/hkli1fcbdw2xqqs23clp6f6djac2dh1q-vscodium-1.100.13210/lib/vscode/resources/app/out/vs/workbench/api/node/extensionHostProcess.js:123:12013
	at Array.map (<anonymous>)
	at PQ._deactivateAll (file:///nix/store/hkli1fcbdw2xqqs23clp6f6djac2dh1q-vscodium-1.100.13210/lib/vscode/resources/app/out/vs/workbench/api/node/extensionHostProcess.js:123:12001)
	at PQ.terminate (file:///nix/store/hkli1fcbdw2xqqs23clp6f6djac2dh1q-vscodium-1.100.13210/lib/vscode/resources/app/out/vs/workbench/api/node/extensionHostProcess.js:123:12354)
	at v8.terminate (file:///nix/store/hkli1fcbdw2xqqs23clp6f6djac2dh1q-vscodium-1.100.13210/lib/vscode/resources/app/out/vs/workbench/api/node/extensionHostProcess.js:124:1602)
	at ds (file:///nix/store/hkli1fcbdw2xqqs23clp6f6djac2dh1q-vscodium-1.100.13210/lib/vscode/resources/app/out/vs/workbench/api/node/extensionHostProcess.js:225:5829)
	at MessagePortMain.<anonymous> (file:///nix/store/hkli1fcbdw2xqqs23clp6f6djac2dh1q-vscodium-1.100.13210/lib/vscode/resources/app/out/vs/workbench/api/node/extensionHostProcess.js:225:2284)
	at MessagePortMain.emit (node:events:524:28)
	at MessagePortMain._internalPort.emit (node:electron/js2c/utility_init:2:2949)
2025-07-19 23:33:20.795 [info] Extension host with pid 44715 exiting with code 0
2025-07-19 23:33:25.400 [info] Extension host with pid 44858 started
2025-07-19 23:33:25.400 [info] Skipping acquiring lock for /home/sclorentz/.config/VSCodium/User/workspaceStorage/231a3f420da5a307c1c61b8fc93dc72f.
2025-07-19 23:33:26.055 [info] ExtensionService#_doActivateExtension vscode.emmet, startup: false, activationEvent: 'onLanguage'
2025-07-19 23:33:26.106 [info] ExtensionService#_doActivateExtension cschlosser.doxdocgen, startup: false, activationEvent: 'onLanguage:cpp'
2025-07-19 23:33:26.207 [info] ExtensionService#_doActivateExtension vadimcn.vscode-lldb, startup: false, activationEvent: 'onLanguage:cpp', root cause: franneck94.c-cpp-runner
2025-07-19 23:33:27.385 [info] ExtensionService#_doActivateExtension franneck94.c-cpp-runner, startup: false, activationEvent: 'onLanguage:cpp'
2025-07-19 23:33:27.408 [info] ExtensionService#_doActivateExtension vscode.git-base, startup: true, activationEvent: '*', root cause: vscode.git
2025-07-19 23:33:27.416 [info] ExtensionService#_doActivateExtension mesonbuild.mesonbuild, startup: true, activationEvent: 'workspaceContains:meson.build'
2025-07-19 23:33:27.965 [info] ExtensionService#_doActivateExtension vscode.git, startup: true, activationEvent: '*'
2025-07-19 23:33:28.140 [info] ExtensionService#_doActivateExtension vscode.github, startup: true, activationEvent: '*'
2025-07-19 23:33:29.040 [info] ExtensionService#_doActivateExtension vscode.github-authentication, startup: false, activationEvent: 'onAuthenticationRequest:github'
2025-07-19 23:33:29.294 [info] ExtensionService#_doActivateExtension vscode.configuration-editing, startup: false, activationEvent: 'onLanguage:jsonc'
2025-07-19 23:33:29.320 [info] ExtensionService#_doActivateExtension vscode.json-language-features, startup: false, activationEvent: 'onLanguage:jsonc'
2025-07-19 23:33:29.478 [info] ExtensionService#_doActivateExtension vscode.typescript-language-features, startup: false, activationEvent: 'onLanguage:jsonc'
2025-07-19 23:33:36.677 [info] ExtensionService#_doActivateExtension vscode.debug-auto-launch, startup: false, activationEvent: 'onStartupFinished'
2025-07-19 23:33:36.687 [info] ExtensionService#_doActivateExtension vscode.merge-conflict, startup: false, activationEvent: 'onStartupFinished'
2025-07-19 23:33:36.728 [info] ExtensionService#_doActivateExtension aaron-bond.better-comments, startup: false, activationEvent: 'onStartupFinished'
2025-07-19 23:33:36.734 [info] ExtensionService#_doActivateExtension franneck94.vscode-c-cpp-config, startup: false, activationEvent: 'onStartupFinished'
2025-07-19 23:33:36.737 [info] ExtensionService#_doActivateExtension RichardLuo.frosted-glass-theme, startup: false, activationEvent: 'onStartupFinished'
2025-07-19 23:34:16.130 [info] Extension host terminating: renderer closed the MessagePort
2025-07-19 23:34:16.160 [info] Extension host with pid 44858 exiting with code 0
2025-07-19 23:34:17.554 [info] Extension host with pid 44996 started
2025-07-19 23:34:17.554 [info] Skipping acquiring lock for /home/sclorentz/.config/VSCodium/User/workspaceStorage/231a3f420da5a307c1c61b8fc93dc72f.
2025-07-19 23:34:17.583 [info] ExtensionService#_doActivateExtension vscode.emmet, startup: false, activationEvent: 'onLanguage'
2025-07-19 23:34:17.624 [info] ExtensionService#_doActivateExtension cschlosser.doxdocgen, startup: false, activationEvent: 'onLanguage:cpp'
2025-07-19 23:34:17.697 [info] ExtensionService#_doActivateExtension vadimcn.vscode-lldb, startup: false, activationEvent: 'onLanguage:cpp', root cause: franneck94.c-cpp-runner
2025-07-19 23:34:17.728 [info] ExtensionService#_doActivateExtension vscode.github-authentication, startup: false, activationEvent: 'onAuthenticationRequest:github'
2025-07-19 23:34:17.790 [info] ExtensionService#_doActivateExtension vscode.git-base, startup: false, activationEvent: 'onFileSystem:git', root cause: vscode.git
2025-07-19 23:34:17.795 [info] ExtensionService#_doActivateExtension vscode.configuration-editing, startup: false, activationEvent: 'onLanguage:jsonc'
2025-07-19 23:34:17.813 [info] ExtensionService#_doActivateExtension vscode.json-language-features, startup: false, activationEvent: 'onLanguage:jsonc'
2025-07-19 23:34:17.903 [info] ExtensionService#_doActivateExtension vscode.typescript-language-features, startup: false, activationEvent: 'onLanguage:jsonc'
2025-07-19 23:34:18.117 [info] ExtensionService#_doActivateExtension franneck94.c-cpp-runner, startup: false, activationEvent: 'onLanguage:cpp'
2025-07-19 23:34:18.129 [info] ExtensionService#_doActivateExtension vscode.git, startup: false, activationEvent: 'onFileSystem:git'
2025-07-19 23:34:18.730 [info] ExtensionService#_doActivateExtension vscode.github, startup: true, activationEvent: '*'
2025-07-19 23:34:18.805 [info] ExtensionService#_doActivateExtension mesonbuild.mesonbuild, startup: true, activationEvent: 'workspaceContains:meson.build'
2025-07-19 23:34:28.609 [info] ExtensionService#_doActivateExtension vscode.debug-auto-launch, startup: false, activationEvent: 'onStartupFinished'
2025-07-19 23:34:28.615 [info] ExtensionService#_doActivateExtension vscode.merge-conflict, startup: false, activationEvent: 'onStartupFinished'
2025-07-19 23:34:28.716 [info] ExtensionService#_doActivateExtension aaron-bond.better-comments, startup: false, activationEvent: 'onStartupFinished'
2025-07-19 23:34:28.725 [info] ExtensionService#_doActivateExtension franneck94.vscode-c-cpp-config, startup: false, activationEvent: 'onStartupFinished'
2025-07-20 09:29:12.431 [info] ExtensionService#_doActivateExtension uctakeoff.vscode-counter, startup: false, activationEvent: 'onCommand:extension.vscode-counter.countInWorkspace'
2025-07-20 09:29:12.684 [info] ExtensionService#_doActivateExtension vscode.markdown-language-features, startup: false, activationEvent: 'onCommand:markdown.showPreview'
2025-07-20 09:29:13.762 [info] ExtensionService#_doActivateExtension vscode.extension-editing, startup: false, activationEvent: 'onLanguage:markdown'
2025-07-20 09:29:13.801 [info] ExtensionService#_doActivateExtension vscode.markdown-math, startup: false, activationEvent: 'api', root cause: vscode.markdown-language-features
2025-07-20 09:58:14.828 [info] ExtensionService#_doActivateExtension jnoortheen.nix-ide, startup: false, activationEvent: 'onLanguage:nix'
2025-07-20 09:58:19.983 [info] ExtensionService#_doActivateExtension vscode.npm, startup: false, activationEvent: 'onTerminalQuickFixRequest:ms-vscode.npm-command'
2025-07-20 12:10:51.063 [error] CodeExpectedError: Unable to write to Workspace Settings because C_Cpp.default.configurationProvider is not a registered configuration.
    at Sft.toConfigurationEditingError (vscode-file://vscode-app/nix/store/hkli1fcbdw2xqqs23clp6f6djac2dh1q-vscodium-1.100.13210/lib/vscode/resources/app/out/vs/workbench/workbench.desktop.main.js:3232:8351)
    at Sft.validate (vscode-file://vscode-app/nix/store/hkli1fcbdw2xqqs23clp6f6djac2dh1q-vscodium-1.100.13210/lib/vscode/resources/app/out/vs/workbench/workbench.desktop.main.js:3232:11157)
    at Sft.doWriteConfiguration (vscode-file://vscode-app/nix/store/hkli1fcbdw2xqqs23clp6f6djac2dh1q-vscodium-1.100.13210/lib/vscode/resources/app/out/vs/workbench/workbench.desktop.main.js:3232:4720)
    at Object.factory (vscode-file://vscode-app/nix/store/hkli1fcbdw2xqqs23clp6f6djac2dh1q-vscodium-1.100.13210/lib/vscode/resources/app/out/vs/workbench/workbench.desktop.main.js:3232:4576)
    at sy.consume (vscode-file://vscode-app/nix/store/hkli1fcbdw2xqqs23clp6f6djac2dh1q-vscodium-1.100.13210/lib/vscode/resources/app/out/vs/workbench/workbench.desktop.main.js:30:76910)
    at vscode-file://vscode-app/nix/store/hkli1fcbdw2xqqs23clp6f6djac2dh1q-vscodium-1.100.13210/lib/vscode/resources/app/out/vs/workbench/workbench.desktop.main.js:30:76725
    at new Promise (<anonymous>)
    at sy.queue (vscode-file://vscode-app/nix/store/hkli1fcbdw2xqqs23clp6f6djac2dh1q-vscodium-1.100.13210/lib/vscode/resources/app/out/vs/workbench/workbench.desktop.main.js:30:76649)
    at Sft.writeConfiguration (vscode-file://vscode-app/nix/store/hkli1fcbdw2xqqs23clp6f6djac2dh1q-vscodium-1.100.13210/lib/vscode/resources/app/out/vs/workbench/workbench.desktop.main.js:3232:4545)
    at kQs.writeConfigurationValue (vscode-file://vscode-app/nix/store/hkli1fcbdw2xqqs23clp6f6djac2dh1q-vscodium-1.100.13210/lib/vscode/resources/app/out/vs/workbench/workbench.desktop.main.js:3232:61397)
2025-07-20 12:41:52.794 [error] CodeExpectedError: Unable to write to Workspace Settings because C_Cpp.default.compileCommands is not a registered configuration.
    at Sft.toConfigurationEditingError (vscode-file://vscode-app/nix/store/hkli1fcbdw2xqqs23clp6f6djac2dh1q-vscodium-1.100.13210/lib/vscode/resources/app/out/vs/workbench/workbench.desktop.main.js:3232:8351)
    at Sft.validate (vscode-file://vscode-app/nix/store/hkli1fcbdw2xqqs23clp6f6djac2dh1q-vscodium-1.100.13210/lib/vscode/resources/app/out/vs/workbench/workbench.desktop.main.js:3232:11157)
    at Sft.doWriteConfiguration (vscode-file://vscode-app/nix/store/hkli1fcbdw2xqqs23clp6f6djac2dh1q-vscodium-1.100.13210/lib/vscode/resources/app/out/vs/workbench/workbench.desktop.main.js:3232:4720)
    at Object.factory (vscode-file://vscode-app/nix/store/hkli1fcbdw2xqqs23clp6f6djac2dh1q-vscodium-1.100.13210/lib/vscode/resources/app/out/vs/workbench/workbench.desktop.main.js:3232:4576)
    at sy.consume (vscode-file://vscode-app/nix/store/hkli1fcbdw2xqqs23clp6f6djac2dh1q-vscodium-1.100.13210/lib/vscode/resources/app/out/vs/workbench/workbench.desktop.main.js:30:76910)
    at vscode-file://vscode-app/nix/store/hkli1fcbdw2xqqs23clp6f6djac2dh1q-vscodium-1.100.13210/lib/vscode/resources/app/out/vs/workbench/workbench.desktop.main.js:30:76725
    at new Promise (<anonymous>)
    at sy.queue (vscode-file://vscode-app/nix/store/hkli1fcbdw2xqqs23clp6f6djac2dh1q-vscodium-1.100.13210/lib/vscode/resources/app/out/vs/workbench/workbench.desktop.main.js:30:76649)
    at Sft.writeConfiguration (vscode-file://vscode-app/nix/store/hkli1fcbdw2xqqs23clp6f6djac2dh1q-vscodium-1.100.13210/lib/vscode/resources/app/out/vs/workbench/workbench.desktop.main.js:3232:4545)
    at kQs.writeConfigurationValue (vscode-file://vscode-app/nix/store/hkli1fcbdw2xqqs23clp6f6djac2dh1q-vscodium-1.100.13210/lib/vscode/resources/app/out/vs/workbench/workbench.desktop.main.js:3232:61397)
2025-07-20 12:41:52.795 [error] CodeExpectedError: Unable to write to Workspace Settings because C_Cpp.default.configurationProvider is not a registered configuration.
    at Sft.toConfigurationEditingError (vscode-file://vscode-app/nix/store/hkli1fcbdw2xqqs23clp6f6djac2dh1q-vscodium-1.100.13210/lib/vscode/resources/app/out/vs/workbench/workbench.desktop.main.js:3232:8351)
    at Sft.validate (vscode-file://vscode-app/nix/store/hkli1fcbdw2xqqs23clp6f6djac2dh1q-vscodium-1.100.13210/lib/vscode/resources/app/out/vs/workbench/workbench.desktop.main.js:3232:11157)
    at Sft.doWriteConfiguration (vscode-file://vscode-app/nix/store/hkli1fcbdw2xqqs23clp6f6djac2dh1q-vscodium-1.100.13210/lib/vscode/resources/app/out/vs/workbench/workbench.desktop.main.js:3232:4720)
    at Object.factory (vscode-file://vscode-app/nix/store/hkli1fcbdw2xqqs23clp6f6djac2dh1q-vscodium-1.100.13210/lib/vscode/resources/app/out/vs/workbench/workbench.desktop.main.js:3232:4576)
    at sy.consume (vscode-file://vscode-app/nix/store/hkli1fcbdw2xqqs23clp6f6djac2dh1q-vscodium-1.100.13210/lib/vscode/resources/app/out/vs/workbench/workbench.desktop.main.js:30:76910)
    at vscode-file://vscode-app/nix/store/hkli1fcbdw2xqqs23clp6f6djac2dh1q-vscodium-1.100.13210/lib/vscode/resources/app/out/vs/workbench/workbench.desktop.main.js:30:76725
    at new Promise (<anonymous>)
    at sy.queue (vscode-file://vscode-app/nix/store/hkli1fcbdw2xqqs23clp6f6djac2dh1q-vscodium-1.100.13210/lib/vscode/resources/app/out/vs/workbench/workbench.desktop.main.js:30:76649)
    at Sft.writeConfiguration (vscode-file://vscode-app/nix/store/hkli1fcbdw2xqqs23clp6f6djac2dh1q-vscodium-1.100.13210/lib/vscode/resources/app/out/vs/workbench/workbench.desktop.main.js:3232:4545)
    at kQs.writeConfigurationValue (vscode-file://vscode-app/nix/store/hkli1fcbdw2xqqs23clp6f6djac2dh1q-vscodium-1.100.13210/lib/vscode/resources/app/out/vs/workbench/workbench.desktop.main.js:3232:61397)
