2025-07-20 15:04:04.390 [info] Reading sessions from keychain...
2025-07-20 15:04:04.390 [info] Getting sessions for all scopes...
2025-07-20 15:04:04.390 [info] Got stored sessions!
2025-07-20 15:04:04.390 [info] Got 1 verified sessions.
2025-07-20 15:04:04.390 [info] Got 1 sessions for ...
2025-07-20 15:04:04.390 [info] Getting sessions for read:user,repo,user:email,workflow...
2025-07-20 15:04:04.390 [info] Got 1 sessions for read:user,repo,user:email,workflow...
2025-07-20 15:04:04.390 [info] Getting sessions for all scopes...
2025-07-20 15:04:04.390 [info] Got 1 sessions for ...
2025-07-20 15:04:05.375 [info] Getting sessions for read:user,repo,user:email,workflow...
2025-07-20 15:04:05.375 [info] Got 1 sessions for read:user,repo,user:email,workflow...
2025-07-20 15:49:57.036 [info] Getting sessions for read:user,repo,user:email,workflow...
2025-07-20 15:49:57.037 [info] Got 1 sessions for read:user,repo,user:email,workflow...
2025-07-20 15:49:57.697 [info] Getting sessions for read:user,repo,user:email,workflow...
2025-07-20 15:49:57.697 [info] Got 1 sessions for read:user,repo,user:email,workflow...
2025-07-20 15:50:09.292 [info] Getting sessions for read:user,repo,user:email,workflow...
2025-07-20 15:50:09.292 [info] Got 1 sessions for read:user,repo,user:email,workflow...
2025-07-20 15:51:57.892 [info] Getting sessions for read:user,repo,user:email,workflow...
2025-07-20 15:51:57.892 [info] Got 1 sessions for read:user,repo,user:email,workflow...
2025-07-20 16:11:47.710 [info] Getting sessions for read:user,repo,user:email,workflow...
2025-07-20 16:11:47.710 [info] Got 1 sessions for read:user,repo,user:email,workflow...
