2025-07-19 08:42:31.093 [info] ComputeTargetPlatform: linux-x64
2025-07-19 08:42:35.895 [info] ComputeTargetPlatform: linux-x64
2025-07-19 18:32:37.661 [info] Getting Manifest... ardonplay.vscode-jetbrains-icon-theme
2025-07-19 18:32:40.134 [info] Installing extension: ardonplay.vscode-jetbrains-icon-theme {"isMachineScoped":false,"installPreReleaseVersion":false,"pinned":false,"profileLocation":{"$mid":1,"external":"vscode-userdata:/home/sclorentz/.vscode-oss/extensions/extensions.json","path":"/home/sclorentz/.vscode-oss/extensions/extensions.json","scheme":"vscode-userdata"},"isApplicationScoped":false,"productVersion":{"version":"1.100.13210","date":"2025-05-13T18:26:25.331Z"}}
2025-07-19 18:32:44.159 [info] Extracted extension to file:///home/sclorentz/.vscode-oss/extensions/ardonplay.vscode-jetbrains-icon-theme-0.0.4-universal: ardonplay.vscode-jetbrains-icon-theme
2025-07-19 18:32:44.227 [info] Renamed to /home/sclorentz/.vscode-oss/extensions/ardonplay.vscode-jetbrains-icon-theme-0.0.4-universal
2025-07-19 18:32:44.294 [info] Extension installed successfully: ardonplay.vscode-jetbrains-icon-theme vscode-userdata:/home/sclorentz/.vscode-oss/extensions/extensions.json
2025-07-19 18:32:58.080 [info] Getting Manifest... pkief.material-icon-theme
2025-07-19 18:32:58.677 [info] Installing extension: pkief.material-icon-theme {"isMachineScoped":false,"installPreReleaseVersion":false,"pinned":false,"profileLocation":{"$mid":1,"external":"vscode-userdata:/home/sclorentz/.vscode-oss/extensions/extensions.json","path":"/home/sclorentz/.vscode-oss/extensions/extensions.json","scheme":"vscode-userdata"},"isApplicationScoped":false,"productVersion":{"version":"1.100.13210","date":"2025-05-13T18:26:25.331Z"}}
2025-07-19 18:33:01.446 [info] Extracted extension to file:///home/sclorentz/.vscode-oss/extensions/pkief.material-icon-theme-5.24.0-universal: pkief.material-icon-theme
2025-07-19 18:33:01.537 [info] Renamed to /home/sclorentz/.vscode-oss/extensions/pkief.material-icon-theme-5.24.0-universal
2025-07-19 18:33:01.561 [info] Extension installed successfully: pkief.material-icon-theme vscode-userdata:/home/sclorentz/.vscode-oss/extensions/extensions.json
2025-07-19 18:33:29.049 [info] Uninstalling extension from the profile: pkief.material-icon-theme@5.24.0 vscode-userdata:/home/sclorentz/.vscode-oss/extensions/extensions.json
2025-07-19 18:33:29.158 [info] Marked extension as removed pkief.material-icon-theme-5.24.0-universal
2025-07-19 18:33:29.818 [info] Successfully uninstalled extension from the profile pkief.material-icon-theme@5.24.0 vscode-userdata:/home/sclorentz/.vscode-oss/extensions/extensions.json
2025-07-19 19:24:59.217 [info] Getting Manifest... mesonbuild.mesonbuild
2025-07-19 19:25:02.126 [info] Installing extension: mesonbuild.mesonbuild {"isMachineScoped":false,"installPreReleaseVersion":false,"pinned":false,"profileLocation":{"$mid":1,"external":"vscode-userdata:/home/sclorentz/.vscode-oss/extensions/extensions.json","path":"/home/sclorentz/.vscode-oss/extensions/extensions.json","scheme":"vscode-userdata"},"isApplicationScoped":false,"productVersion":{"version":"1.100.13210","date":"2025-05-13T18:26:25.331Z"}}
2025-07-19 19:25:04.962 [info] Extracted extension to file:///home/sclorentz/.vscode-oss/extensions/mesonbuild.mesonbuild-1.27.0-universal: mesonbuild.mesonbuild
2025-07-19 19:25:05.006 [info] Renamed to /home/sclorentz/.vscode-oss/extensions/mesonbuild.mesonbuild-1.27.0-universal
2025-07-19 19:25:05.031 [info] Extension installed successfully: mesonbuild.mesonbuild vscode-userdata:/home/sclorentz/.vscode-oss/extensions/extensions.json
2025-07-19 19:33:13.250 [info] Uninstalling extension from the profile: llvm-vs-code-extensions.vscode-clangd@0.2.0 vscode-userdata:/home/sclorentz/.vscode-oss/extensions/extensions.json
2025-07-19 19:33:13.294 [info] Marked extension as removed llvm-vs-code-extensions.vscode-clangd-0.2.0-universal
2025-07-19 19:33:14.413 [info] Successfully uninstalled extension from the profile llvm-vs-code-extensions.vscode-clangd@0.2.0 vscode-userdata:/home/sclorentz/.vscode-oss/extensions/extensions.json
2025-07-19 19:33:29.895 [info] Getting Manifest... franneck94.vscode-c-cpp-dev-extension-pack
2025-07-19 19:33:31.210 [info] Installing extension: franneck94.vscode-c-cpp-dev-extension-pack {"isMachineScoped":false,"installPreReleaseVersion":false,"pinned":false,"profileLocation":{"$mid":1,"external":"vscode-userdata:/home/sclorentz/.vscode-oss/extensions/extensions.json","path":"/home/sclorentz/.vscode-oss/extensions/extensions.json","scheme":"vscode-userdata"},"isApplicationScoped":false,"productVersion":{"version":"1.100.13210","date":"2025-05-13T18:26:25.331Z"}}
2025-07-19 19:33:31.438 [info] Getting Manifest... jeff-hykin.better-cpp-syntax
2025-07-19 19:33:32.237 [info] Getting Manifest... cheshirekow.cmake-format
2025-07-19 19:33:32.658 [info] Getting Manifest... bbenoist.doxygen
2025-07-19 19:33:33.084 [info] Getting Manifest... cschlosser.doxdocgen
2025-07-19 19:33:33.570 [info] Getting Manifest... twxs.cmake
2025-07-19 19:33:34.066 [info] Getting Manifest... vadimcn.vscode-lldb
2025-07-19 19:33:34.997 [info] Getting Manifest... franneck94.c-cpp-runner
2025-07-19 19:33:35.613 [info] Getting Manifest... franneck94.vscode-c-cpp-config
2025-07-19 19:33:36.089 [info] Getting Manifest... 13xforever.language-x86-64-assembly
2025-07-19 19:33:36.871 [info] Installing extension: jeff-hykin.better-cpp-syntax {"isMachineScoped":false,"installPreReleaseVersion":false,"pinned":false,"profileLocation":{"$mid":1,"external":"vscode-userdata:/home/sclorentz/.vscode-oss/extensions/extensions.json","path":"/home/sclorentz/.vscode-oss/extensions/extensions.json","scheme":"vscode-userdata"},"isApplicationScoped":false,"productVersion":{"version":"1.100.13210","date":"2025-05-13T18:26:25.331Z"},"installGivenVersion":false,"context":{"dependecyOrPackExtensionInstall":true}}
2025-07-19 19:33:36.871 [info] Installing extension: cheshirekow.cmake-format {"isMachineScoped":false,"installPreReleaseVersion":false,"pinned":false,"profileLocation":{"$mid":1,"external":"vscode-userdata:/home/sclorentz/.vscode-oss/extensions/extensions.json","path":"/home/sclorentz/.vscode-oss/extensions/extensions.json","scheme":"vscode-userdata"},"isApplicationScoped":false,"productVersion":{"version":"1.100.13210","date":"2025-05-13T18:26:25.331Z"},"installGivenVersion":false,"context":{"dependecyOrPackExtensionInstall":true}}
2025-07-19 19:33:36.872 [info] Installing extension: bbenoist.doxygen {"isMachineScoped":false,"installPreReleaseVersion":false,"pinned":false,"profileLocation":{"$mid":1,"external":"vscode-userdata:/home/sclorentz/.vscode-oss/extensions/extensions.json","path":"/home/sclorentz/.vscode-oss/extensions/extensions.json","scheme":"vscode-userdata"},"isApplicationScoped":false,"productVersion":{"version":"1.100.13210","date":"2025-05-13T18:26:25.331Z"},"installGivenVersion":false,"context":{"dependecyOrPackExtensionInstall":true}}
2025-07-19 19:33:36.872 [info] Installing extension: cschlosser.doxdocgen {"isMachineScoped":false,"installPreReleaseVersion":false,"pinned":false,"profileLocation":{"$mid":1,"external":"vscode-userdata:/home/sclorentz/.vscode-oss/extensions/extensions.json","path":"/home/sclorentz/.vscode-oss/extensions/extensions.json","scheme":"vscode-userdata"},"isApplicationScoped":false,"productVersion":{"version":"1.100.13210","date":"2025-05-13T18:26:25.331Z"},"installGivenVersion":false,"context":{"dependecyOrPackExtensionInstall":true}}
2025-07-19 19:33:36.872 [info] Installing extension: twxs.cmake {"isMachineScoped":false,"installPreReleaseVersion":false,"pinned":false,"profileLocation":{"$mid":1,"external":"vscode-userdata:/home/sclorentz/.vscode-oss/extensions/extensions.json","path":"/home/sclorentz/.vscode-oss/extensions/extensions.json","scheme":"vscode-userdata"},"isApplicationScoped":false,"productVersion":{"version":"1.100.13210","date":"2025-05-13T18:26:25.331Z"},"installGivenVersion":false,"context":{"dependecyOrPackExtensionInstall":true}}
2025-07-19 19:33:36.874 [info] Installing extension: vadimcn.vscode-lldb {"isMachineScoped":false,"installPreReleaseVersion":false,"pinned":false,"profileLocation":{"$mid":1,"external":"vscode-userdata:/home/sclorentz/.vscode-oss/extensions/extensions.json","path":"/home/sclorentz/.vscode-oss/extensions/extensions.json","scheme":"vscode-userdata"},"isApplicationScoped":false,"productVersion":{"version":"1.100.13210","date":"2025-05-13T18:26:25.331Z"},"installGivenVersion":false,"context":{"dependecyOrPackExtensionInstall":true}}
2025-07-19 19:33:36.875 [info] Installing extension: franneck94.c-cpp-runner {"isMachineScoped":false,"installPreReleaseVersion":false,"pinned":false,"profileLocation":{"$mid":1,"external":"vscode-userdata:/home/sclorentz/.vscode-oss/extensions/extensions.json","path":"/home/sclorentz/.vscode-oss/extensions/extensions.json","scheme":"vscode-userdata"},"isApplicationScoped":false,"productVersion":{"version":"1.100.13210","date":"2025-05-13T18:26:25.331Z"},"installGivenVersion":false,"context":{"dependecyOrPackExtensionInstall":true}}
2025-07-19 19:33:36.875 [info] Installing extension: franneck94.vscode-c-cpp-config {"isMachineScoped":false,"installPreReleaseVersion":false,"pinned":false,"profileLocation":{"$mid":1,"external":"vscode-userdata:/home/sclorentz/.vscode-oss/extensions/extensions.json","path":"/home/sclorentz/.vscode-oss/extensions/extensions.json","scheme":"vscode-userdata"},"isApplicationScoped":false,"productVersion":{"version":"1.100.13210","date":"2025-05-13T18:26:25.331Z"},"installGivenVersion":false,"context":{"dependecyOrPackExtensionInstall":true}}
2025-07-19 19:33:36.876 [info] Installing extension: 13xforever.language-x86-64-assembly {"isMachineScoped":false,"installPreReleaseVersion":false,"pinned":false,"profileLocation":{"$mid":1,"external":"vscode-userdata:/home/sclorentz/.vscode-oss/extensions/extensions.json","path":"/home/sclorentz/.vscode-oss/extensions/extensions.json","scheme":"vscode-userdata"},"isApplicationScoped":false,"productVersion":{"version":"1.100.13210","date":"2025-05-13T18:26:25.331Z"},"installGivenVersion":false,"context":{"dependecyOrPackExtensionInstall":true}}
2025-07-19 19:33:37.350 [info] Extracted extension to file:///home/sclorentz/.vscode-oss/extensions/franneck94.vscode-c-cpp-dev-extension-pack-0.10.0-universal: franneck94.vscode-c-cpp-dev-extension-pack
2025-07-19 19:33:37.355 [info] Renamed to /home/sclorentz/.vscode-oss/extensions/franneck94.vscode-c-cpp-dev-extension-pack-0.10.0-universal
2025-07-19 19:33:38.105 [info] Extracted extension to file:///home/sclorentz/.vscode-oss/extensions/cheshirekow.cmake-format-0.6.13-universal: cheshirekow.cmake-format
2025-07-19 19:33:38.120 [info] Renamed to /home/sclorentz/.vscode-oss/extensions/cheshirekow.cmake-format-0.6.13-universal
2025-07-19 19:33:38.269 [info] Extracted extension to file:///home/sclorentz/.vscode-oss/extensions/bbenoist.doxygen-1.0.0-universal: bbenoist.doxygen
2025-07-19 19:33:38.289 [info] Renamed to /home/sclorentz/.vscode-oss/extensions/bbenoist.doxygen-1.0.0-universal
2025-07-19 19:33:38.392 [info] Extracted extension to file:///home/sclorentz/.vscode-oss/extensions/jeff-hykin.better-cpp-syntax-1.27.1-universal: jeff-hykin.better-cpp-syntax
2025-07-19 19:33:38.407 [info] Renamed to /home/sclorentz/.vscode-oss/extensions/jeff-hykin.better-cpp-syntax-1.27.1-universal
2025-07-19 19:33:38.512 [info] Extracted extension to file:///home/sclorentz/.vscode-oss/extensions/13xforever.language-x86-64-assembly-3.1.5-universal: 13xforever.language-x86-64-assembly
2025-07-19 19:33:38.520 [info] Renamed to /home/sclorentz/.vscode-oss/extensions/13xforever.language-x86-64-assembly-3.1.5-universal
2025-07-19 19:33:38.682 [info] Extracted extension to file:///home/sclorentz/.vscode-oss/extensions/vadimcn.vscode-lldb-1.11.5-universal: vadimcn.vscode-lldb
2025-07-19 19:33:38.700 [info] Renamed to /home/sclorentz/.vscode-oss/extensions/vadimcn.vscode-lldb-1.11.5-universal
2025-07-19 19:33:38.979 [info] Extracted extension to file:///home/sclorentz/.vscode-oss/extensions/franneck94.c-cpp-runner-9.4.7-universal: franneck94.c-cpp-runner
2025-07-19 19:33:38.994 [info] Renamed to /home/sclorentz/.vscode-oss/extensions/franneck94.c-cpp-runner-9.4.7-universal
2025-07-19 19:33:39.214 [info] Extracted extension to file:///home/sclorentz/.vscode-oss/extensions/franneck94.vscode-c-cpp-config-6.3.0-universal: franneck94.vscode-c-cpp-config
2025-07-19 19:33:39.232 [info] Renamed to /home/sclorentz/.vscode-oss/extensions/franneck94.vscode-c-cpp-config-6.3.0-universal
2025-07-19 19:33:42.224 [info] Extracted extension to file:///home/sclorentz/.vscode-oss/extensions/twxs.cmake-0.0.17-universal: twxs.cmake
2025-07-19 19:33:42.235 [info] Renamed to /home/sclorentz/.vscode-oss/extensions/twxs.cmake-0.0.17-universal
2025-07-19 19:33:42.354 [info] Extracted extension to file:///home/sclorentz/.vscode-oss/extensions/cschlosser.doxdocgen-1.4.0-universal: cschlosser.doxdocgen
2025-07-19 19:33:42.402 [info] Renamed to /home/sclorentz/.vscode-oss/extensions/cschlosser.doxdocgen-1.4.0-universal
2025-07-19 19:33:42.461 [info] Extension installed successfully: franneck94.vscode-c-cpp-dev-extension-pack vscode-userdata:/home/sclorentz/.vscode-oss/extensions/extensions.json
2025-07-19 19:33:42.461 [info] Extension installed successfully: cheshirekow.cmake-format vscode-userdata:/home/sclorentz/.vscode-oss/extensions/extensions.json
2025-07-19 19:33:42.462 [info] Extension installed successfully: bbenoist.doxygen vscode-userdata:/home/sclorentz/.vscode-oss/extensions/extensions.json
2025-07-19 19:33:42.463 [info] Extension installed successfully: jeff-hykin.better-cpp-syntax vscode-userdata:/home/sclorentz/.vscode-oss/extensions/extensions.json
2025-07-19 19:33:42.463 [info] Extension installed successfully: 13xforever.language-x86-64-assembly vscode-userdata:/home/sclorentz/.vscode-oss/extensions/extensions.json
2025-07-19 19:33:42.464 [info] Extension installed successfully: vadimcn.vscode-lldb vscode-userdata:/home/sclorentz/.vscode-oss/extensions/extensions.json
2025-07-19 19:33:42.464 [info] Extension installed successfully: franneck94.c-cpp-runner vscode-userdata:/home/sclorentz/.vscode-oss/extensions/extensions.json
2025-07-19 19:33:42.465 [info] Extension installed successfully: franneck94.vscode-c-cpp-config vscode-userdata:/home/sclorentz/.vscode-oss/extensions/extensions.json
2025-07-19 19:33:42.466 [info] Extension installed successfully: twxs.cmake vscode-userdata:/home/sclorentz/.vscode-oss/extensions/extensions.json
2025-07-19 19:33:42.467 [info] Extension installed successfully: cschlosser.doxdocgen vscode-userdata:/home/sclorentz/.vscode-oss/extensions/extensions.json
2025-07-19 19:33:54.179 [info] Installing extension: vadimcn.vscode-lldb {"installGivenVersion":true,"pinned":false,"profileLocation":{"$mid":1,"external":"vscode-userdata:/home/sclorentz/.vscode-oss/extensions/extensions.json","path":"/home/sclorentz/.vscode-oss/extensions/extensions.json","scheme":"vscode-userdata"},"isApplicationScoped":false,"productVersion":{"version":"1.100.13210","date":"2025-05-13T18:26:25.331Z"}}
2025-07-19 19:33:54.244 [info] Deleted existing extension from disk vadimcn.vscode-lldb /home/sclorentz/.vscode-oss/extensions/vadimcn.vscode-lldb-1.11.5-universal
2025-07-19 19:33:57.435 [info] Extracted extension to file:///home/sclorentz/.vscode-oss/extensions/vadimcn.vscode-lldb-1.11.5: vadimcn.vscode-lldb
2025-07-19 19:33:57.518 [info] Renamed to /home/sclorentz/.vscode-oss/extensions/vadimcn.vscode-lldb-1.11.5
2025-07-19 19:33:57.553 [info] Extension installed successfully: vadimcn.vscode-lldb vscode-userdata:/home/sclorentz/.vscode-oss/extensions/extensions.json
2025-07-19 19:47:21.239 [info] Getting Manifest... aaron-bond.better-comments
2025-07-19 19:47:22.948 [info] Installing extension: aaron-bond.better-comments {"isMachineScoped":false,"installPreReleaseVersion":false,"pinned":false,"profileLocation":{"$mid":1,"external":"vscode-userdata:/home/sclorentz/.vscode-oss/extensions/extensions.json","path":"/home/sclorentz/.vscode-oss/extensions/extensions.json","scheme":"vscode-userdata"},"isApplicationScoped":false,"productVersion":{"version":"1.100.13210","date":"2025-05-13T18:26:25.331Z"}}
2025-07-19 19:47:24.302 [info] Extracted extension to file:///home/sclorentz/.vscode-oss/extensions/aaron-bond.better-comments-3.0.2-universal: aaron-bond.better-comments
2025-07-19 19:47:24.310 [info] Renamed to /home/sclorentz/.vscode-oss/extensions/aaron-bond.better-comments-3.0.2-universal
2025-07-19 19:47:24.374 [info] Extension installed successfully: aaron-bond.better-comments vscode-userdata:/home/sclorentz/.vscode-oss/extensions/extensions.json
2025-07-19 23:28:29.141 [info] Getting Manifest... dez64ru.macos-modern-theme
2025-07-19 23:28:31.117 [info] Installing extension: dez64ru.macos-modern-theme {"isMachineScoped":false,"installPreReleaseVersion":false,"pinned":false,"profileLocation":{"$mid":1,"external":"vscode-userdata:/home/sclorentz/.vscode-oss/extensions/extensions.json","path":"/home/sclorentz/.vscode-oss/extensions/extensions.json","scheme":"vscode-userdata"},"isApplicationScoped":false,"productVersion":{"version":"1.100.13210","date":"2025-05-13T18:26:25.331Z"}}
2025-07-19 23:28:58.401 [info] Extracted extension to file:///home/sclorentz/.vscode-oss/extensions/dez64ru.macos-modern-theme-2.3.18-universal: dez64ru.macos-modern-theme
2025-07-19 23:28:58.440 [info] Renamed to /home/sclorentz/.vscode-oss/extensions/dez64ru.macos-modern-theme-2.3.18-universal
2025-07-19 23:28:58.476 [info] Extension installed successfully: dez64ru.macos-modern-theme vscode-userdata:/home/sclorentz/.vscode-oss/extensions/extensions.json
2025-07-19 23:29:33.872 [info] Getting Manifest... richardluo.frosted-glass-theme
2025-07-19 23:29:34.288 [info] Installing extension: richardluo.frosted-glass-theme {"isMachineScoped":false,"installPreReleaseVersion":false,"pinned":false,"profileLocation":{"$mid":1,"external":"vscode-userdata:/home/sclorentz/.vscode-oss/extensions/extensions.json","path":"/home/sclorentz/.vscode-oss/extensions/extensions.json","scheme":"vscode-userdata"},"isApplicationScoped":false,"productVersion":{"version":"1.100.13210","date":"2025-05-13T18:26:25.331Z"}}
2025-07-19 23:29:35.057 [info] Extracted extension to file:///home/sclorentz/.vscode-oss/extensions/richardluo.frosted-glass-theme-0.8.23-universal: richardluo.frosted-glass-theme
2025-07-19 23:29:35.080 [info] Renamed to /home/sclorentz/.vscode-oss/extensions/richardluo.frosted-glass-theme-0.8.23-universal
2025-07-19 23:29:35.165 [info] Extension installed successfully: richardluo.frosted-glass-theme vscode-userdata:/home/sclorentz/.vscode-oss/extensions/extensions.json
2025-07-19 23:30:19.456 [info] Getting Manifest... s-nlf-fh.glassit
2025-07-19 23:30:19.895 [info] Installing extension: s-nlf-fh.glassit {"isMachineScoped":false,"installPreReleaseVersion":false,"pinned":false,"profileLocation":{"$mid":1,"external":"vscode-userdata:/home/sclorentz/.vscode-oss/extensions/extensions.json","path":"/home/sclorentz/.vscode-oss/extensions/extensions.json","scheme":"vscode-userdata"},"isApplicationScoped":false,"productVersion":{"version":"1.100.13210","date":"2025-05-13T18:26:25.331Z"}}
2025-07-19 23:30:20.822 [info] Extracted extension to file:///home/sclorentz/.vscode-oss/extensions/s-nlf-fh.glassit-0.2.3-universal: s-nlf-fh.glassit
2025-07-19 23:30:20.873 [info] Renamed to /home/sclorentz/.vscode-oss/extensions/s-nlf-fh.glassit-0.2.3-universal
2025-07-19 23:30:20.900 [info] Extension installed successfully: s-nlf-fh.glassit vscode-userdata:/home/sclorentz/.vscode-oss/extensions/extensions.json
2025-07-19 23:31:00.687 [info] Uninstalling extension from the profile: s-nlf-fh.glassit@0.2.3 vscode-userdata:/home/sclorentz/.vscode-oss/extensions/extensions.json
2025-07-19 23:31:00.746 [info] Marked extension as removed s-nlf-fh.glassit-0.2.3-universal
2025-07-19 23:31:01.116 [info] Successfully uninstalled extension from the profile s-nlf-fh.glassit@0.2.3 vscode-userdata:/home/sclorentz/.vscode-oss/extensions/extensions.json
2025-07-19 23:32:01.286 [info] Getting Manifest... leandro-rodrigues.fluent-ui-vscode
2025-07-19 23:32:01.814 [info] Installing extension: leandro-rodrigues.fluent-ui-vscode {"isMachineScoped":false,"installPreReleaseVersion":false,"pinned":false,"profileLocation":{"$mid":1,"external":"vscode-userdata:/home/sclorentz/.vscode-oss/extensions/extensions.json","path":"/home/sclorentz/.vscode-oss/extensions/extensions.json","scheme":"vscode-userdata"},"isApplicationScoped":false,"productVersion":{"version":"1.100.13210","date":"2025-05-13T18:26:25.331Z"}}
2025-07-19 23:32:06.879 [info] Extracted extension to file:///home/sclorentz/.vscode-oss/extensions/leandro-rodrigues.fluent-ui-vscode-0.3.12-universal: leandro-rodrigues.fluent-ui-vscode
2025-07-19 23:32:06.913 [info] Renamed to /home/sclorentz/.vscode-oss/extensions/leandro-rodrigues.fluent-ui-vscode-0.3.12-universal
2025-07-19 23:32:06.946 [info] Extension installed successfully: leandro-rodrigues.fluent-ui-vscode vscode-userdata:/home/sclorentz/.vscode-oss/extensions/extensions.json
2025-07-19 23:32:23.273 [info] Uninstalling extension from the profile: leandro-rodrigues.fluent-ui-vscode@0.3.12 vscode-userdata:/home/sclorentz/.vscode-oss/extensions/extensions.json
2025-07-19 23:32:23.327 [info] Marked extension as removed leandro-rodrigues.fluent-ui-vscode-0.3.12-universal
2025-07-19 23:32:23.747 [info] Successfully uninstalled extension from the profile leandro-rodrigues.fluent-ui-vscode@0.3.12 vscode-userdata:/home/sclorentz/.vscode-oss/extensions/extensions.json
2025-07-19 23:32:32.693 [info] Getting Manifest... nightsky-studio.vscode-fluent-ui-continued
2025-07-19 23:32:33.182 [info] Installing extension: nightsky-studio.vscode-fluent-ui-continued {"isMachineScoped":false,"installPreReleaseVersion":false,"pinned":false,"profileLocation":{"$mid":1,"external":"vscode-userdata:/home/sclorentz/.vscode-oss/extensions/extensions.json","path":"/home/sclorentz/.vscode-oss/extensions/extensions.json","scheme":"vscode-userdata"},"isApplicationScoped":false,"productVersion":{"version":"1.100.13210","date":"2025-05-13T18:26:25.331Z"}}
2025-07-19 23:32:38.373 [info] Extracted extension to file:///home/sclorentz/.vscode-oss/extensions/nightsky-studio.vscode-fluent-ui-continued-4.7.1-linux-x64: nightsky-studio.vscode-fluent-ui-continued
2025-07-19 23:32:38.409 [info] Renamed to /home/sclorentz/.vscode-oss/extensions/nightsky-studio.vscode-fluent-ui-continued-4.7.1-linux-x64
2025-07-19 23:32:38.440 [info] Extension installed successfully: nightsky-studio.vscode-fluent-ui-continued vscode-userdata:/home/sclorentz/.vscode-oss/extensions/extensions.json
2025-07-19 23:32:44.804 [info] Uninstalling extension from the profile: nightsky-studio.vscode-fluent-ui-continued@4.7.1 vscode-userdata:/home/sclorentz/.vscode-oss/extensions/extensions.json
2025-07-19 23:32:44.860 [info] Marked extension as removed nightsky-studio.vscode-fluent-ui-continued-4.7.1-linux-x64
2025-07-19 23:32:45.251 [info] Successfully uninstalled extension from the profile nightsky-studio.vscode-fluent-ui-continued@4.7.1 vscode-userdata:/home/sclorentz/.vscode-oss/extensions/extensions.json
2025-07-19 23:34:13.766 [info] Uninstalling extension from the profile: richardluo.frosted-glass-theme@0.8.23 vscode-userdata:/home/sclorentz/.vscode-oss/extensions/extensions.json
2025-07-19 23:34:13.819 [info] Marked extension as removed richardluo.frosted-glass-theme-0.8.23-universal
2025-07-19 23:34:14.548 [info] Successfully uninstalled extension from the profile richardluo.frosted-glass-theme@0.8.23 vscode-userdata:/home/sclorentz/.vscode-oss/extensions/extensions.json
2025-07-20 09:28:43.618 [info] Getting Manifest... uctakeoff.vscode-counter
2025-07-20 09:28:45.155 [info] Installing extension: uctakeoff.vscode-counter {"isMachineScoped":false,"installPreReleaseVersion":false,"pinned":false,"profileLocation":{"$mid":1,"external":"vscode-userdata:/home/sclorentz/.vscode-oss/extensions/extensions.json","path":"/home/sclorentz/.vscode-oss/extensions/extensions.json","scheme":"vscode-userdata"},"isApplicationScoped":false,"productVersion":{"version":"1.100.13210","date":"2025-05-13T18:26:25.331Z"}}
2025-07-20 09:28:46.331 [info] Extracted extension to file:///home/sclorentz/.vscode-oss/extensions/uctakeoff.vscode-counter-3.5.0-universal: uctakeoff.vscode-counter
2025-07-20 09:28:46.363 [info] Renamed to /home/sclorentz/.vscode-oss/extensions/uctakeoff.vscode-counter-3.5.0-universal
2025-07-20 09:28:46.394 [info] Extension installed successfully: uctakeoff.vscode-counter vscode-userdata:/home/sclorentz/.vscode-oss/extensions/extensions.json
