2025-07-20 16:49:51.104 [info] [main] Log level: Info
2025-07-20 16:49:51.104 [info] [main] Validating found git in: "git"
2025-07-20 16:49:51.104 [info] [main] Using git "2.49.0" from "git"
2025-07-20 16:49:51.104 [info] [Model][doInitialScan] Initial repository scan started
2025-07-20 16:49:51.104 [info] > git rev-parse --show-toplevel [102ms]
2025-07-20 16:49:51.104 [info] > git rev-parse --git-dir --git-common-dir [47ms]
2025-07-20 16:49:51.104 [info] [Model][openRepository] Opened repository (path): /home/sclorentz/Documents/github/gtkgreet
2025-07-20 16:49:51.104 [info] [Model][openRepository] Opened repository (real path): /home/sclorentz/Documents/github/gtkgreet
2025-07-20 16:49:51.178 [info] > git rev-parse --show-toplevel [31ms]
2025-07-20 16:49:51.179 [info] > git config --get commit.template [49ms]
2025-07-20 16:49:51.203 [info] > git rev-parse --show-toplevel [13ms]
2025-07-20 16:49:51.220 [info] > git for-each-ref --format=%(refname)%00%(upstream:short)%00%(objectname)%00%(upstream:track)%00%(upstream:remotename)%00%(upstream:remoteref) refs/heads/gtk3 refs/remotes/gtk3 [18ms]
2025-07-20 16:49:51.222 [info] > git rev-parse --show-toplevel [4ms]
2025-07-20 16:49:51.280 [info] > git status -z -uall [27ms]
2025-07-20 16:49:51.281 [info] > git for-each-ref --sort -committerdate --format %(refname)%00%(objectname)%00%(*objectname) [12ms]
2025-07-20 16:49:51.366 [info] > git rev-parse --show-toplevel [134ms]
2025-07-20 16:49:51.388 [info] > git for-each-ref --format=%(refname)%00%(upstream:short)%00%(objectname)%00%(upstream:track)%00%(upstream:remotename)%00%(upstream:remoteref) refs/heads/gtk3 refs/remotes/gtk3 [27ms]
2025-07-20 16:49:51.413 [info] > git config --get --local branch.gtk3.vscode-merge-base [17ms]
2025-07-20 16:49:51.421 [info] > git rev-parse --show-toplevel [38ms]
2025-07-20 16:49:51.422 [info] > git config --get commit.template [48ms]
2025-07-20 16:49:51.474 [info] > git for-each-ref --format=%(refname)%00%(upstream:short)%00%(objectname)%00%(upstream:track)%00%(upstream:remotename)%00%(upstream:remoteref) refs/heads/origin/master refs/remotes/origin/master [53ms]
2025-07-20 16:49:51.499 [info] > git merge-base refs/heads/gtk3 refs/remotes/origin/gtk3 [16ms]
2025-07-20 16:49:51.507 [info] > git rev-parse --show-toplevel [34ms]
2025-07-20 16:49:51.530 [info] > git for-each-ref --format=%(refname)%00%(upstream:short)%00%(objectname)%00%(upstream:track)%00%(upstream:remotename)%00%(upstream:remoteref) refs/heads/gtk3 refs/remotes/gtk3 [32ms]
2025-07-20 16:49:51.533 [info] > git rev-parse --show-toplevel [4ms]
2025-07-20 16:49:51.533 [info] > git diff --name-status -z --diff-filter=ADMR 5857e17633146bdfda80296c2b588fe8bb8db09b...refs/remotes/origin/gtk3 [26ms]
2025-07-20 16:49:51.598 [info] > git status -z -uall [21ms]
2025-07-20 16:49:51.598 [info] > git rev-parse --show-toplevel [49ms]
2025-07-20 16:49:51.605 [info] [Model][doInitialScan] Initial repository scan completed - repositories (1), closed repositories (0), parent repositories (0), unsafe repositories (0)
2025-07-20 16:49:51.665 [info] > git show --textconv :gtkgreet/actions.cpp [34ms]
2025-07-20 16:49:51.667 [info] > git check-ignore -v -z --stdin [3ms]
2025-07-20 16:49:51.672 [info] > git ls-files --stage -- gtkgreet/actions.cpp [25ms]
2025-07-20 16:49:51.689 [info] > git for-each-ref --sort -committerdate --format %(refname)%00%(objectname)%00%(*objectname) [92ms]
2025-07-20 16:49:51.752 [info] > git cat-file -s ea63c0dbc188f9348593d4f0ac172f99b6b82411 [65ms]
2025-07-20 16:49:51.885 [info] > git blame --root --incremental 5857e17633146bdfda80296c2b588fe8bb8db09b -- gtkgreet/actions.cpp [45ms]
2025-07-20 16:49:54.777 [info] > git config --get commit.template [7ms]
2025-07-20 16:49:54.803 [info] > git for-each-ref --format=%(refname)%00%(upstream:short)%00%(objectname)%00%(upstream:track)%00%(upstream:remotename)%00%(upstream:remoteref) refs/heads/gtk3 refs/remotes/gtk3 [10ms]
2025-07-20 16:49:54.839 [info] > git status -z -uall [23ms]
2025-07-20 16:49:54.847 [info] > git for-each-ref --sort -committerdate --format %(refname)%00%(objectname)%00%(*objectname) [13ms]
2025-07-20 16:49:59.934 [info] > git config --get commit.template [25ms]
2025-07-20 16:49:59.939 [info] > git for-each-ref --format=%(refname)%00%(upstream:short)%00%(objectname)%00%(upstream:track)%00%(upstream:remotename)%00%(upstream:remoteref) refs/heads/gtk3 refs/remotes/gtk3 [7ms]
2025-07-20 16:49:59.970 [info] > git status -z -uall [10ms]
2025-07-20 16:49:59.972 [info] > git for-each-ref --sort -committerdate --format %(refname)%00%(objectname)%00%(*objectname) [3ms]
2025-07-20 16:50:12.613 [info] > git config --get commit.template [9ms]
2025-07-20 16:50:12.615 [info] > git for-each-ref --format=%(refname)%00%(upstream:short)%00%(objectname)%00%(upstream:track)%00%(upstream:remotename)%00%(upstream:remoteref) refs/heads/gtk3 refs/remotes/gtk3 [3ms]
2025-07-20 16:50:12.643 [info] > git status -z -uall [15ms]
2025-07-20 16:50:12.644 [info] > git for-each-ref --sort -committerdate --format %(refname)%00%(objectname)%00%(*objectname) [6ms]
2025-07-20 16:50:17.670 [info] > git config --get commit.template [8ms]
2025-07-20 16:50:17.672 [info] > git for-each-ref --format=%(refname)%00%(upstream:short)%00%(objectname)%00%(upstream:track)%00%(upstream:remotename)%00%(upstream:remoteref) refs/heads/gtk3 refs/remotes/gtk3 [3ms]
2025-07-20 16:50:17.687 [info] > git status -z -uall [8ms]
2025-07-20 16:50:17.690 [info] > git for-each-ref --sort -committerdate --format %(refname)%00%(objectname)%00%(*objectname) [3ms]
2025-07-20 16:50:54.061 [info] > git config --get commit.template [28ms]
2025-07-20 16:50:54.065 [info] > git for-each-ref --format=%(refname)%00%(upstream:short)%00%(objectname)%00%(upstream:track)%00%(upstream:remotename)%00%(upstream:remoteref) refs/heads/gtk3 refs/remotes/gtk3 [7ms]
2025-07-20 16:50:54.094 [info] > git status -z -uall [15ms]
2025-07-20 16:50:54.099 [info] > git for-each-ref --sort -committerdate --format %(refname)%00%(objectname)%00%(*objectname) [6ms]
2025-07-20 16:50:59.151 [info] > git config --get commit.template [21ms]
2025-07-20 16:50:59.154 [info] > git for-each-ref --format=%(refname)%00%(upstream:short)%00%(objectname)%00%(upstream:track)%00%(upstream:remotename)%00%(upstream:remoteref) refs/heads/gtk3 refs/remotes/gtk3 [4ms]
2025-07-20 16:50:59.172 [info] > git status -z -uall [10ms]
2025-07-20 16:50:59.175 [info] > git for-each-ref --sort -committerdate --format %(refname)%00%(objectname)%00%(*objectname) [3ms]
2025-07-20 16:51:09.697 [info] > git config --get commit.template [21ms]
2025-07-20 16:51:09.700 [info] > git for-each-ref --format=%(refname)%00%(upstream:short)%00%(objectname)%00%(upstream:track)%00%(upstream:remotename)%00%(upstream:remoteref) refs/heads/gtk3 refs/remotes/gtk3 [5ms]
2025-07-20 16:51:09.721 [info] > git status -z -uall [10ms]
2025-07-20 16:51:09.723 [info] > git for-each-ref --sort -committerdate --format %(refname)%00%(objectname)%00%(*objectname) [4ms]
2025-07-20 16:51:14.787 [info] > git config --get commit.template [24ms]
2025-07-20 16:51:14.794 [info] > git for-each-ref --format=%(refname)%00%(upstream:short)%00%(objectname)%00%(upstream:track)%00%(upstream:remotename)%00%(upstream:remoteref) refs/heads/gtk3 refs/remotes/gtk3 [9ms]
2025-07-20 16:51:14.840 [info] > git status -z -uall [26ms]
2025-07-20 16:51:14.846 [info] > git for-each-ref --sort -committerdate --format %(refname)%00%(objectname)%00%(*objectname) [7ms]
2025-07-20 16:51:19.870 [info] > git config --get commit.template [9ms]
2025-07-20 16:51:19.873 [info] > git for-each-ref --format=%(refname)%00%(upstream:short)%00%(objectname)%00%(upstream:track)%00%(upstream:remotename)%00%(upstream:remoteref) refs/heads/gtk3 refs/remotes/gtk3 [4ms]
2025-07-20 16:51:19.890 [info] > git status -z -uall [9ms]
2025-07-20 16:51:19.893 [info] > git for-each-ref --sort -committerdate --format %(refname)%00%(objectname)%00%(*objectname) [3ms]
2025-07-20 16:51:24.940 [info] > git config --get commit.template [21ms]
2025-07-20 16:51:24.942 [info] > git for-each-ref --format=%(refname)%00%(upstream:short)%00%(objectname)%00%(upstream:track)%00%(upstream:remotename)%00%(upstream:remoteref) refs/heads/gtk3 refs/remotes/gtk3 [7ms]
2025-07-20 16:51:24.980 [info] > git status -z -uall [20ms]
2025-07-20 16:51:24.982 [info] > git for-each-ref --sort -committerdate --format %(refname)%00%(objectname)%00%(*objectname) [6ms]
2025-07-20 16:51:37.278 [info] > git config --get commit.template [23ms]
2025-07-20 16:51:37.281 [info] > git for-each-ref --format=%(refname)%00%(upstream:short)%00%(objectname)%00%(upstream:track)%00%(upstream:remotename)%00%(upstream:remoteref) refs/heads/gtk3 refs/remotes/gtk3 [6ms]
2025-07-20 16:51:37.300 [info] > git status -z -uall [10ms]
2025-07-20 16:51:37.301 [info] > git for-each-ref --sort -committerdate --format %(refname)%00%(objectname)%00%(*objectname) [4ms]
2025-07-20 16:51:42.347 [info] > git config --get commit.template [18ms]
2025-07-20 16:51:42.350 [info] > git for-each-ref --format=%(refname)%00%(upstream:short)%00%(objectname)%00%(upstream:track)%00%(upstream:remotename)%00%(upstream:remoteref) refs/heads/gtk3 refs/remotes/gtk3 [5ms]
2025-07-20 16:51:42.373 [info] > git status -z -uall [12ms]
2025-07-20 16:51:42.374 [info] > git for-each-ref --sort -committerdate --format %(refname)%00%(objectname)%00%(*objectname) [3ms]
2025-07-20 16:52:03.205 [info] > git config --get commit.template [23ms]
2025-07-20 16:52:03.210 [info] > git for-each-ref --format=%(refname)%00%(upstream:short)%00%(objectname)%00%(upstream:track)%00%(upstream:remotename)%00%(upstream:remoteref) refs/heads/gtk3 refs/remotes/gtk3 [9ms]
2025-07-20 16:52:03.245 [info] > git status -z -uall [19ms]
2025-07-20 16:52:03.247 [info] > git for-each-ref --sort -committerdate --format %(refname)%00%(objectname)%00%(*objectname) [5ms]
2025-07-20 16:52:44.662 [info] > git show --textconv :gtkgreet/config.cpp [16ms]
2025-07-20 16:52:44.664 [info] > git ls-files --stage -- gtkgreet/config.cpp [3ms]
2025-07-20 16:52:44.675 [info] > git cat-file -s d30c16e5258bba24e9fd9e93a0f9be0f93d4a8e2 [2ms]
2025-07-20 16:52:44.708 [info] > git blame --root --incremental 5857e17633146bdfda80296c2b588fe8bb8db09b -- gtkgreet/config.cpp [15ms]
2025-07-20 16:52:48.711 [info] > git show --textconv :gtkgreet/gtkgreet.cpp [23ms]
2025-07-20 16:52:48.721 [info] > git ls-files --stage -- gtkgreet/gtkgreet.cpp [13ms]
2025-07-20 16:52:48.741 [info] > git cat-file -s 82135ded1e76a3b0c77fcc7069a40ae0cae803f9 [9ms]
2025-07-20 16:52:48.819 [info] > git blame --root --incremental 5857e17633146bdfda80296c2b588fe8bb8db09b -- gtkgreet/gtkgreet.cpp [32ms]
2025-07-20 16:53:04.836 [info] > git show --textconv :gtkgreet/main.cpp [15ms]
2025-07-20 16:53:04.838 [info] > git ls-files --stage -- gtkgreet/main.cpp [4ms]
2025-07-20 16:53:04.865 [info] > git cat-file -s 62537e8651f4b5b7c7028b1472bb895306c76a5f [16ms]
2025-07-20 16:53:04.920 [info] > git blame --root --incremental 5857e17633146bdfda80296c2b588fe8bb8db09b -- gtkgreet/main.cpp [27ms]
2025-07-20 16:53:07.192 [info] > git show --textconv :gtkgreet/proto.c [11ms]
2025-07-20 16:53:07.195 [info] > git ls-files --stage -- gtkgreet/proto.c [3ms]
2025-07-20 16:53:07.205 [info] > git cat-file -s a93a7bcfcb54ea5dd5593fe7ce628a974581c751 [3ms]
2025-07-20 16:53:07.244 [info] > git blame --root --incremental 5857e17633146bdfda80296c2b588fe8bb8db09b -- gtkgreet/proto.c [12ms]
2025-07-20 16:53:21.734 [info] > git config --get commit.template [30ms]
2025-07-20 16:53:21.741 [info] > git for-each-ref --format=%(refname)%00%(upstream:short)%00%(objectname)%00%(upstream:track)%00%(upstream:remotename)%00%(upstream:remoteref) refs/heads/gtk3 refs/remotes/gtk3 [11ms]
2025-07-20 16:53:21.791 [info] > git status -z -uall [28ms]
2025-07-20 16:53:21.800 [info] > git for-each-ref --sort -committerdate --format %(refname)%00%(objectname)%00%(*objectname) [12ms]
2025-07-20 16:53:26.850 [info] > git config --get commit.template [14ms]
2025-07-20 16:53:26.852 [info] > git for-each-ref --format=%(refname)%00%(upstream:short)%00%(objectname)%00%(upstream:track)%00%(upstream:remotename)%00%(upstream:remoteref) refs/heads/gtk3 refs/remotes/gtk3 [3ms]
2025-07-20 16:53:26.868 [info] > git status -z -uall [8ms]
2025-07-20 16:53:26.871 [info] > git for-each-ref --sort -committerdate --format %(refname)%00%(objectname)%00%(*objectname) [4ms]
2025-07-20 16:53:28.458 [info] > git show --textconv :gtkgreet/config.cpp [14ms]
2025-07-20 16:53:28.460 [info] > git ls-files --stage -- gtkgreet/config.cpp [4ms]
2025-07-20 16:53:28.475 [info] > git cat-file -s d30c16e5258bba24e9fd9e93a0f9be0f93d4a8e2 [5ms]
2025-07-20 16:53:38.905 [info] > git config --get commit.template [16ms]
2025-07-20 16:53:38.909 [info] > git for-each-ref --format=%(refname)%00%(upstream:short)%00%(objectname)%00%(upstream:track)%00%(upstream:remotename)%00%(upstream:remoteref) refs/heads/gtk3 refs/remotes/gtk3 [6ms]
2025-07-20 16:53:38.936 [info] > git status -z -uall [14ms]
2025-07-20 16:53:38.939 [info] > git for-each-ref --sort -committerdate --format %(refname)%00%(objectname)%00%(*objectname) [4ms]
2025-07-20 16:53:43.968 [info] > git config --get commit.template [11ms]
2025-07-20 16:53:43.969 [info] > git for-each-ref --format=%(refname)%00%(upstream:short)%00%(objectname)%00%(upstream:track)%00%(upstream:remotename)%00%(upstream:remoteref) refs/heads/gtk3 refs/remotes/gtk3 [2ms]
2025-07-20 16:53:43.990 [info] > git status -z -uall [13ms]
2025-07-20 16:53:43.993 [info] > git for-each-ref --sort -committerdate --format %(refname)%00%(objectname)%00%(*objectname) [4ms]
2025-07-20 16:53:45.161 [info] > git show --textconv :gtkgreet/main.cpp [10ms]
2025-07-20 16:53:45.164 [info] > git ls-files --stage -- gtkgreet/main.cpp [4ms]
2025-07-20 16:53:45.175 [info] > git cat-file -s 62537e8651f4b5b7c7028b1472bb895306c76a5f [2ms]
2025-07-20 16:54:16.204 [info] > git config --get commit.template [17ms]
2025-07-20 16:54:16.206 [info] > git for-each-ref --format=%(refname)%00%(upstream:short)%00%(objectname)%00%(upstream:track)%00%(upstream:remotename)%00%(upstream:remoteref) refs/heads/gtk3 refs/remotes/gtk3 [3ms]
2025-07-20 16:54:16.223 [info] > git status -z -uall [10ms]
2025-07-20 16:54:16.225 [info] > git for-each-ref --sort -committerdate --format %(refname)%00%(objectname)%00%(*objectname) [3ms]
2025-07-20 16:54:21.285 [info] > git config --get commit.template [19ms]
2025-07-20 16:54:21.288 [info] > git for-each-ref --format=%(refname)%00%(upstream:short)%00%(objectname)%00%(upstream:track)%00%(upstream:remotename)%00%(upstream:remoteref) refs/heads/gtk3 refs/remotes/gtk3 [4ms]
2025-07-20 16:54:21.307 [info] > git status -z -uall [9ms]
2025-07-20 16:54:21.309 [info] > git for-each-ref --sort -committerdate --format %(refname)%00%(objectname)%00%(*objectname) [3ms]
2025-07-20 16:54:26.380 [info] > git config --get commit.template [41ms]
2025-07-20 16:54:26.382 [info] > git for-each-ref --format=%(refname)%00%(upstream:short)%00%(objectname)%00%(upstream:track)%00%(upstream:remotename)%00%(upstream:remoteref) refs/heads/gtk3 refs/remotes/gtk3 [13ms]
2025-07-20 16:54:26.435 [info] > git status -z -uall [18ms]
2025-07-20 16:54:26.439 [info] > git for-each-ref --sort -committerdate --format %(refname)%00%(objectname)%00%(*objectname) [5ms]
2025-07-20 16:54:35.724 [info] > git config --get commit.template [24ms]
2025-07-20 16:54:35.725 [info] > git for-each-ref --format=%(refname)%00%(upstream:short)%00%(objectname)%00%(upstream:track)%00%(upstream:remotename)%00%(upstream:remoteref) refs/heads/gtk3 refs/remotes/gtk3 [4ms]
2025-07-20 16:54:35.772 [info] > git status -z -uall [25ms]
2025-07-20 16:54:35.824 [info] > git for-each-ref --sort -committerdate --format %(refname)%00%(objectname)%00%(*objectname) [53ms]
2025-07-20 16:54:40.868 [info] > git config --get commit.template [17ms]
2025-07-20 16:54:40.877 [info] > git for-each-ref --format=%(refname)%00%(upstream:short)%00%(objectname)%00%(upstream:track)%00%(upstream:remotename)%00%(upstream:remoteref) refs/heads/gtk3 refs/remotes/gtk3 [11ms]
2025-07-20 16:54:40.921 [info] > git status -z -uall [28ms]
2025-07-20 16:54:40.932 [info] > git for-each-ref --sort -committerdate --format %(refname)%00%(objectname)%00%(*objectname) [14ms]
2025-07-20 16:55:11.925 [info] > git show --textconv :gtkgreet/window.c [20ms]
2025-07-20 16:55:11.929 [info] > git ls-files --stage -- gtkgreet/window.c [6ms]
2025-07-20 16:55:11.944 [info] > git cat-file -s 5ba647e7ce0e94711bf4bd443e4faaa855f09dbb [5ms]
2025-07-20 16:55:12.004 [info] > git blame --root --incremental 5857e17633146bdfda80296c2b588fe8bb8db09b -- gtkgreet/window.c [18ms]
2025-07-20 16:55:45.354 [info] > git config --get commit.template [18ms]
2025-07-20 16:55:45.356 [info] > git for-each-ref --format=%(refname)%00%(upstream:short)%00%(objectname)%00%(upstream:track)%00%(upstream:remotename)%00%(upstream:remoteref) refs/heads/gtk3 refs/remotes/gtk3 [5ms]
2025-07-20 16:55:45.383 [info] > git status -z -uall [15ms]
2025-07-20 16:55:45.385 [info] > git for-each-ref --sort -committerdate --format %(refname)%00%(objectname)%00%(*objectname) [6ms]
2025-07-20 16:55:50.407 [info] > git config --get commit.template [10ms]
2025-07-20 16:55:50.408 [info] > git for-each-ref --format=%(refname)%00%(upstream:short)%00%(objectname)%00%(upstream:track)%00%(upstream:remotename)%00%(upstream:remoteref) refs/heads/gtk3 refs/remotes/gtk3 [2ms]
2025-07-20 16:55:50.426 [info] > git status -z -uall [10ms]
2025-07-20 16:55:50.428 [info] > git for-each-ref --sort -committerdate --format %(refname)%00%(objectname)%00%(*objectname) [3ms]
2025-07-20 16:55:55.482 [info] > git config --get commit.template [28ms]
2025-07-20 16:55:55.488 [info] > git for-each-ref --format=%(refname)%00%(upstream:short)%00%(objectname)%00%(upstream:track)%00%(upstream:remotename)%00%(upstream:remoteref) refs/heads/gtk3 refs/remotes/gtk3 [10ms]
2025-07-20 16:55:55.524 [info] > git status -z -uall [17ms]
2025-07-20 16:55:55.528 [info] > git for-each-ref --sort -committerdate --format %(refname)%00%(objectname)%00%(*objectname) [4ms]
2025-07-20 16:56:12.123 [info] > git config --get commit.template [20ms]
2025-07-20 16:56:12.126 [info] > git for-each-ref --format=%(refname)%00%(upstream:short)%00%(objectname)%00%(upstream:track)%00%(upstream:remotename)%00%(upstream:remoteref) refs/heads/gtk3 refs/remotes/gtk3 [5ms]
2025-07-20 16:56:12.143 [info] > git status -z -uall [9ms]
2025-07-20 16:56:12.145 [info] > git for-each-ref --sort -committerdate --format %(refname)%00%(objectname)%00%(*objectname) [4ms]
2025-07-20 16:56:26.906 [info] > git config --get commit.template [17ms]
2025-07-20 16:56:26.910 [info] > git for-each-ref --format=%(refname)%00%(upstream:short)%00%(objectname)%00%(upstream:track)%00%(upstream:remotename)%00%(upstream:remoteref) refs/heads/gtk3 refs/remotes/gtk3 [6ms]
2025-07-20 16:56:26.932 [info] > git status -z -uall [11ms]
2025-07-20 16:56:26.934 [info] > git for-each-ref --sort -committerdate --format %(refname)%00%(objectname)%00%(*objectname) [3ms]
2025-07-20 16:56:31.972 [info] > git config --get commit.template [12ms]
2025-07-20 16:56:31.974 [info] > git for-each-ref --format=%(refname)%00%(upstream:short)%00%(objectname)%00%(upstream:track)%00%(upstream:remotename)%00%(upstream:remoteref) refs/heads/gtk3 refs/remotes/gtk3 [3ms]
2025-07-20 16:56:31.993 [info] > git status -z -uall [11ms]
2025-07-20 16:56:31.994 [info] > git for-each-ref --sort -committerdate --format %(refname)%00%(objectname)%00%(*objectname) [3ms]
2025-07-20 16:56:37.020 [info] > git config --get commit.template [9ms]
2025-07-20 16:56:37.022 [info] > git for-each-ref --format=%(refname)%00%(upstream:short)%00%(objectname)%00%(upstream:track)%00%(upstream:remotename)%00%(upstream:remoteref) refs/heads/gtk3 refs/remotes/gtk3 [4ms]
2025-07-20 16:56:37.038 [info] > git status -z -uall [8ms]
2025-07-20 16:56:37.040 [info] > git for-each-ref --sort -committerdate --format %(refname)%00%(objectname)%00%(*objectname) [3ms]
2025-07-20 16:56:55.337 [info] > git config --get commit.template [4ms]
2025-07-20 16:56:55.346 [info] > git for-each-ref --format=%(refname)%00%(upstream:short)%00%(objectname)%00%(upstream:track)%00%(upstream:remotename)%00%(upstream:remoteref) refs/heads/gtk3 refs/remotes/gtk3 [2ms]
2025-07-20 16:56:55.365 [info] > git status -z -uall [10ms]
2025-07-20 16:56:55.367 [info] > git for-each-ref --sort -committerdate --format %(refname)%00%(objectname)%00%(*objectname) [4ms]
2025-07-20 16:57:00.421 [info] > git config --get commit.template [23ms]
2025-07-20 16:57:00.425 [info] > git for-each-ref --format=%(refname)%00%(upstream:short)%00%(objectname)%00%(upstream:track)%00%(upstream:remotename)%00%(upstream:remoteref) refs/heads/gtk3 refs/remotes/gtk3 [6ms]
2025-07-20 16:57:00.448 [info] > git status -z -uall [13ms]
2025-07-20 16:57:00.451 [info] > git for-each-ref --sort -committerdate --format %(refname)%00%(objectname)%00%(*objectname) [4ms]
2025-07-20 16:57:21.747 [info] > git show --textconv :gtkgreet/window.cpp [23ms]
2025-07-20 16:57:21.766 [info] > git hash-object -t tree /dev/null [5ms]
2025-07-20 16:57:21.766 [warning] [GitFileSystemProvider][readFile] File not found - git:/home/sclorentz/Documents/github/gtkgreet/gtkgreet/window.cpp.git?%7B%22path%22%3A%22%2Fhome%2Fsclorentz%2FDocuments%2Fgithub%2Fgtkgreet%2Fgtkgreet%2Fwindow.cpp%22%2C%22ref%22%3A%22%22%7D
2025-07-20 16:57:21.769 [info] > git ls-files --stage -- gtkgreet/window.cpp [27ms]
2025-07-20 16:57:21.770 [warning] [GitFileSystemProvider][stat] File not found - git:/home/sclorentz/Documents/github/gtkgreet/gtkgreet/window.cpp.git?%7B%22path%22%3A%22%2Fhome%2Fsclorentz%2FDocuments%2Fgithub%2Fgtkgreet%2Fgtkgreet%2Fwindow.cpp%22%2C%22ref%22%3A%22%22%7D
2025-07-20 16:57:21.789 [info] > git blame --root --incremental 5857e17633146bdfda80296c2b588fe8bb8db09b -- gtkgreet/window.cpp [4ms]
2025-07-20 16:57:21.789 [info] fatal: no such path gtkgreet/window.cpp in 5857e17633146bdfda80296c2b588fe8bb8db09b
2025-07-20 16:57:21.943 [info] > git check-ignore -v -z --stdin [3ms]
2025-07-20 16:57:22.475 [info] > git config --get commit.template [9ms]
2025-07-20 16:57:22.511 [info] > git for-each-ref --format=%(refname)%00%(upstream:short)%00%(objectname)%00%(upstream:track)%00%(upstream:remotename)%00%(upstream:remoteref) refs/heads/gtk3 refs/remotes/gtk3 [6ms]
2025-07-20 16:57:22.547 [info] > git status -z -uall [20ms]
2025-07-20 16:57:22.554 [info] > git for-each-ref --sort -committerdate --format %(refname)%00%(objectname)%00%(*objectname) [9ms]
2025-07-20 16:57:40.918 [info] > git config --get commit.template [23ms]
2025-07-20 16:57:40.920 [info] > git for-each-ref --format=%(refname)%00%(upstream:short)%00%(objectname)%00%(upstream:track)%00%(upstream:remotename)%00%(upstream:remoteref) refs/heads/gtk3 refs/remotes/gtk3 [4ms]
2025-07-20 16:57:40.940 [info] > git status -z -uall [9ms]
2025-07-20 16:57:40.943 [info] > git for-each-ref --sort -committerdate --format %(refname)%00%(objectname)%00%(*objectname) [4ms]
2025-07-20 16:57:46.001 [info] > git config --get commit.template [28ms]
2025-07-20 16:57:46.006 [info] > git for-each-ref --format=%(refname)%00%(upstream:short)%00%(objectname)%00%(upstream:track)%00%(upstream:remotename)%00%(upstream:remoteref) refs/heads/gtk3 refs/remotes/gtk3 [7ms]
2025-07-20 16:57:46.025 [info] > git status -z -uall [9ms]
2025-07-20 16:57:46.028 [info] > git for-each-ref --sort -committerdate --format %(refname)%00%(objectname)%00%(*objectname) [3ms]
2025-07-20 16:57:54.416 [info] > git config --get commit.template [22ms]
2025-07-20 16:57:54.424 [info] > git for-each-ref --format=%(refname)%00%(upstream:short)%00%(objectname)%00%(upstream:track)%00%(upstream:remotename)%00%(upstream:remoteref) refs/heads/gtk3 refs/remotes/gtk3 [11ms]
2025-07-20 16:57:54.465 [info] > git status -z -uall [20ms]
2025-07-20 16:57:54.472 [info] > git for-each-ref --sort -committerdate --format %(refname)%00%(objectname)%00%(*objectname) [8ms]
2025-07-20 16:58:03.858 [info] > git config --get commit.template [19ms]
2025-07-20 16:58:03.861 [info] > git for-each-ref --format=%(refname)%00%(upstream:short)%00%(objectname)%00%(upstream:track)%00%(upstream:remotename)%00%(upstream:remoteref) refs/heads/gtk3 refs/remotes/gtk3 [4ms]
2025-07-20 16:58:03.876 [info] > git status -z -uall [8ms]
2025-07-20 16:58:03.879 [info] > git for-each-ref --sort -committerdate --format %(refname)%00%(objectname)%00%(*objectname) [4ms]
2025-07-20 16:58:22.641 [info] > git show --textconv :gtkgreet/gtkgreet.cpp [16ms]
2025-07-20 16:58:22.646 [info] > git ls-files --stage -- gtkgreet/gtkgreet.cpp [7ms]
2025-07-20 16:58:22.664 [info] > git cat-file -s 82135ded1e76a3b0c77fcc7069a40ae0cae803f9 [6ms]
2025-07-20 16:58:57.341 [info] > git check-ignore -v -z --stdin [6ms]
2025-07-20 16:59:03.413 [info] > git config --get commit.template [5ms]
2025-07-20 16:59:03.439 [info] > git for-each-ref --format=%(refname)%00%(upstream:short)%00%(objectname)%00%(upstream:track)%00%(upstream:remotename)%00%(upstream:remoteref) refs/heads/gtk3 refs/remotes/gtk3 [9ms]
2025-07-20 16:59:03.479 [info] > git status -z -uall [27ms]
2025-07-20 16:59:03.480 [info] > git for-each-ref --sort -committerdate --format %(refname)%00%(objectname)%00%(*objectname) [6ms]
2025-07-20 16:59:08.523 [info] > git config --get commit.template [16ms]
2025-07-20 16:59:08.526 [info] > git for-each-ref --format=%(refname)%00%(upstream:short)%00%(objectname)%00%(upstream:track)%00%(upstream:remotename)%00%(upstream:remoteref) refs/heads/gtk3 refs/remotes/gtk3 [4ms]
2025-07-20 16:59:08.550 [info] > git status -z -uall [15ms]
2025-07-20 16:59:08.555 [info] > git for-each-ref --sort -committerdate --format %(refname)%00%(objectname)%00%(*objectname) [7ms]
2025-07-20 16:59:11.221 [info] > git show --textconv :gtkgreet/gtkgreet.cpp [29ms]
2025-07-20 16:59:11.226 [info] > git ls-files --stage -- gtkgreet/gtkgreet.cpp [8ms]
2025-07-20 16:59:11.251 [info] > git cat-file -s 82135ded1e76a3b0c77fcc7069a40ae0cae803f9 [8ms]
2025-07-20 16:59:39.536 [info] > git show --textconv :gtkgreet/meson.build [19ms]
2025-07-20 16:59:39.538 [info] > git ls-files --stage -- gtkgreet/meson.build [4ms]
2025-07-20 16:59:39.552 [info] > git cat-file -s e4088e0f431397ec5bdeb3aad07a980616bf3c6d [3ms]
2025-07-20 16:59:39.576 [info] > git blame --root --incremental 5857e17633146bdfda80296c2b588fe8bb8db09b -- gtkgreet/meson.build [10ms]
2025-07-20 16:59:46.600 [info] > git config --get commit.template [12ms]
2025-07-20 16:59:46.603 [info] > git for-each-ref --format=%(refname)%00%(upstream:short)%00%(objectname)%00%(upstream:track)%00%(upstream:remotename)%00%(upstream:remoteref) refs/heads/gtk3 refs/remotes/gtk3 [4ms]
2025-07-20 16:59:46.628 [info] > git status -z -uall [15ms]
2025-07-20 16:59:46.631 [info] > git for-each-ref --sort -committerdate --format %(refname)%00%(objectname)%00%(*objectname) [5ms]
2025-07-20 16:59:51.693 [info] > git config --get commit.template [26ms]
2025-07-20 16:59:51.697 [info] > git for-each-ref --format=%(refname)%00%(upstream:short)%00%(objectname)%00%(upstream:track)%00%(upstream:remotename)%00%(upstream:remoteref) refs/heads/gtk3 refs/remotes/gtk3 [6ms]
2025-07-20 16:59:51.724 [info] > git status -z -uall [14ms]
2025-07-20 16:59:51.728 [info] > git for-each-ref --sort -committerdate --format %(refname)%00%(objectname)%00%(*objectname) [6ms]
2025-07-20 17:00:08.472 [info] > git show --textconv :gtkgreet/window.c [18ms]
2025-07-20 17:00:08.474 [info] > git ls-files --stage -- gtkgreet/window.c [5ms]
2025-07-20 17:00:08.491 [info] > git cat-file -s 5ba647e7ce0e94711bf4bd443e4faaa855f09dbb [4ms]
2025-07-20 17:00:09.205 [info] > git config --get commit.template [36ms]
2025-07-20 17:00:09.212 [info] > git for-each-ref --format=%(refname)%00%(upstream:short)%00%(objectname)%00%(upstream:track)%00%(upstream:remotename)%00%(upstream:remoteref) refs/heads/gtk3 refs/remotes/gtk3 [10ms]
2025-07-20 17:00:09.245 [info] > git status -z -uall [16ms]
2025-07-20 17:00:09.249 [info] > git for-each-ref --sort -committerdate --format %(refname)%00%(objectname)%00%(*objectname) [5ms]
2025-07-20 17:00:10.174 [info] > git show --textconv :gtkgreet/window.cpp [22ms]
2025-07-20 17:00:10.178 [warning] [GitFileSystemProvider][readFile] File not found - git:/home/sclorentz/Documents/github/gtkgreet/gtkgreet/window.cpp.git?%7B%22path%22%3A%22%2Fhome%2Fsclorentz%2FDocuments%2Fgithub%2Fgtkgreet%2Fgtkgreet%2Fwindow.cpp%22%2C%22ref%22%3A%22%22%7D
2025-07-20 17:00:10.179 [info] > git ls-files --stage -- gtkgreet/window.cpp [10ms]
2025-07-20 17:00:10.180 [warning] [GitFileSystemProvider][stat] File not found - git:/home/sclorentz/Documents/github/gtkgreet/gtkgreet/window.cpp.git?%7B%22path%22%3A%22%2Fhome%2Fsclorentz%2FDocuments%2Fgithub%2Fgtkgreet%2Fgtkgreet%2Fwindow.cpp%22%2C%22ref%22%3A%22%22%7D
2025-07-20 17:00:14.307 [info] > git config --get commit.template [26ms]
2025-07-20 17:00:14.314 [info] > git for-each-ref --format=%(refname)%00%(upstream:short)%00%(objectname)%00%(upstream:track)%00%(upstream:remotename)%00%(upstream:remoteref) refs/heads/gtk3 refs/remotes/gtk3 [10ms]
2025-07-20 17:00:14.360 [info] > git status -z -uall [26ms]
2025-07-20 17:00:14.366 [info] > git for-each-ref --sort -committerdate --format %(refname)%00%(objectname)%00%(*objectname) [9ms]
2025-07-20 17:00:20.653 [info] > git config --get commit.template [21ms]
2025-07-20 17:00:20.655 [info] > git for-each-ref --format=%(refname)%00%(upstream:short)%00%(objectname)%00%(upstream:track)%00%(upstream:remotename)%00%(upstream:remoteref) refs/heads/gtk3 refs/remotes/gtk3 [5ms]
2025-07-20 17:00:20.684 [info] > git status -z -uall [16ms]
2025-07-20 17:00:20.688 [info] > git for-each-ref --sort -committerdate --format %(refname)%00%(objectname)%00%(*objectname) [9ms]
2025-07-20 17:00:28.075 [info] > git show --textconv :gtkgreet/window.c [17ms]
2025-07-20 17:00:28.079 [info] > git ls-files --stage -- gtkgreet/window.c [5ms]
2025-07-20 17:00:28.097 [info] > git cat-file -s 5ba647e7ce0e94711bf4bd443e4faaa855f09dbb [5ms]
2025-07-20 17:00:28.832 [info] > git config --get commit.template [37ms]
2025-07-20 17:00:28.838 [info] > git for-each-ref --format=%(refname)%00%(upstream:short)%00%(objectname)%00%(upstream:track)%00%(upstream:remotename)%00%(upstream:remoteref) refs/heads/gtk3 refs/remotes/gtk3 [11ms]
2025-07-20 17:00:28.891 [info] > git status -z -uall [30ms]
2025-07-20 17:00:28.900 [info] > git for-each-ref --sort -committerdate --format %(refname)%00%(objectname)%00%(*objectname) [12ms]
2025-07-20 17:00:32.810 [info] > git show --textconv :gtkgreet/meson.build [30ms]
2025-07-20 17:00:32.819 [info] > git ls-files --stage -- gtkgreet/meson.build [12ms]
2025-07-20 17:00:32.847 [info] > git cat-file -s e4088e0f431397ec5bdeb3aad07a980616bf3c6d [6ms]
2025-07-20 17:00:39.629 [info] > git config --get commit.template [21ms]
2025-07-20 17:00:39.633 [info] > git for-each-ref --format=%(refname)%00%(upstream:short)%00%(objectname)%00%(upstream:track)%00%(upstream:remotename)%00%(upstream:remoteref) refs/heads/gtk3 refs/remotes/gtk3 [5ms]
2025-07-20 17:00:39.662 [info] > git status -z -uall [14ms]
2025-07-20 17:00:39.664 [info] > git for-each-ref --sort -committerdate --format %(refname)%00%(objectname)%00%(*objectname) [5ms]
2025-07-20 17:00:41.488 [info] > git show --textconv :gtkgreet/actions.cpp [33ms]
2025-07-20 17:00:41.492 [info] > git ls-files --stage -- gtkgreet/actions.cpp [6ms]
2025-07-20 17:00:41.506 [info] > git cat-file -s ea63c0dbc188f9348593d4f0ac172f99b6b82411 [3ms]
2025-07-20 17:00:48.894 [info] > git config --get commit.template [23ms]
2025-07-20 17:00:48.902 [info] > git for-each-ref --format=%(refname)%00%(upstream:short)%00%(objectname)%00%(upstream:track)%00%(upstream:remotename)%00%(upstream:remoteref) refs/heads/gtk3 refs/remotes/gtk3 [11ms]
2025-07-20 17:00:48.950 [info] > git status -z -uall [26ms]
2025-07-20 17:00:48.953 [info] > git for-each-ref --sort -committerdate --format %(refname)%00%(objectname)%00%(*objectname) [9ms]
2025-07-20 17:00:54.092 [info] > git config --get commit.template [14ms]
2025-07-20 17:00:54.095 [info] > git for-each-ref --format=%(refname)%00%(upstream:short)%00%(objectname)%00%(upstream:track)%00%(upstream:remotename)%00%(upstream:remoteref) refs/heads/gtk3 refs/remotes/gtk3 [4ms]
2025-07-20 17:00:54.111 [info] > git status -z -uall [8ms]
2025-07-20 17:00:54.113 [info] > git for-each-ref --sort -committerdate --format %(refname)%00%(objectname)%00%(*objectname) [3ms]
2025-07-20 17:01:05.475 [info] > git config --get commit.template [9ms]
2025-07-20 17:01:05.477 [info] > git for-each-ref --format=%(refname)%00%(upstream:short)%00%(objectname)%00%(upstream:track)%00%(upstream:remotename)%00%(upstream:remoteref) refs/heads/gtk3 refs/remotes/gtk3 [3ms]
2025-07-20 17:01:05.495 [info] > git status -z -uall [10ms]
2025-07-20 17:01:05.497 [info] > git for-each-ref --sort -committerdate --format %(refname)%00%(objectname)%00%(*objectname) [4ms]
2025-07-20 17:01:10.530 [info] > git config --get commit.template [17ms]
2025-07-20 17:01:10.537 [info] > git for-each-ref --format=%(refname)%00%(upstream:short)%00%(objectname)%00%(upstream:track)%00%(upstream:remotename)%00%(upstream:remoteref) refs/heads/gtk3 refs/remotes/gtk3 [9ms]
2025-07-20 17:01:10.557 [info] > git status -z -uall [9ms]
2025-07-20 17:01:10.560 [info] > git for-each-ref --sort -committerdate --format %(refname)%00%(objectname)%00%(*objectname) [4ms]
2025-07-20 17:01:14.444 [info] > git ls-files --stage -- gtkgreet/actions.cpp [9ms]
2025-07-20 17:01:14.474 [info] > git cat-file -s 909e2da18c3aabbcd57d976cf3c445c9ab732547 [11ms]
2025-07-20 17:01:14.514 [info] > git show --textconv :gtkgreet/actions.cpp [10ms]
2025-07-20 17:01:15.599 [info] > git config --get commit.template [18ms]
2025-07-20 17:01:15.604 [info] > git for-each-ref --format=%(refname)%00%(upstream:short)%00%(objectname)%00%(upstream:track)%00%(upstream:remotename)%00%(upstream:remoteref) refs/heads/gtk3 refs/remotes/gtk3 [6ms]
2025-07-20 17:01:15.642 [info] > git status -z -uall [25ms]
2025-07-20 17:01:15.646 [info] > git for-each-ref --sort -committerdate --format %(refname)%00%(objectname)%00%(*objectname) [10ms]
2025-07-20 17:01:15.996 [info] > git show --textconv HEAD:gtkgreet/actions.cpp [21ms]
2025-07-20 17:01:16.001 [info] > git ls-tree -l HEAD -- gtkgreet/actions.cpp [7ms]
2025-07-20 17:01:26.635 [info] > git config --get commit.template [16ms]
2025-07-20 17:01:26.638 [info] > git for-each-ref --format=%(refname)%00%(upstream:short)%00%(objectname)%00%(upstream:track)%00%(upstream:remotename)%00%(upstream:remoteref) refs/heads/gtk3 refs/remotes/gtk3 [4ms]
2025-07-20 17:01:26.654 [info] > git status -z -uall [9ms]
2025-07-20 17:01:26.656 [info] > git for-each-ref --sort -committerdate --format %(refname)%00%(objectname)%00%(*objectname) [3ms]
2025-07-20 17:01:26.687 [info] > git merge-base refs/heads/gtk3 refs/remotes/origin/gtk3 [4ms]
2025-07-20 17:01:26.699 [info] > git blame --root --incremental c3c96d22676e44af1246ac5705576ee6caee5a4a -- gtkgreet/actions.cpp [29ms]
2025-07-20 17:01:26.702 [info] > git diff --name-status -z --diff-filter=ADMR 5857e17633146bdfda80296c2b588fe8bb8db09b...refs/remotes/origin/gtk3 [4ms]
2025-07-20 17:01:26.723 [info] > git ls-files --stage -- gtkgreet/actions.cpp [9ms]
2025-07-20 17:01:26.731 [info] > git ls-tree -l HEAD -- gtkgreet/actions.cpp [9ms]
2025-07-20 17:01:26.733 [info] > git cat-file -s 909e2da18c3aabbcd57d976cf3c445c9ab732547 [3ms]
2025-07-20 17:01:26.749 [info] > git show --textconv HEAD:gtkgreet/actions.cpp [8ms]
2025-07-20 17:01:26.752 [info] > git show --textconv :gtkgreet/actions.cpp [4ms]
2025-07-20 17:04:05.842 [info] > git ls-files --stage -- gtkgreet/actions.cpp [2ms]
2025-07-20 17:04:05.867 [info] > git config --get commit.template [78ms]
2025-07-20 17:04:05.888 [info] > git cat-file -s 909e2da18c3aabbcd57d976cf3c445c9ab732547 [21ms]
2025-07-20 17:04:05.897 [info] > git for-each-ref --format=%(refname)%00%(upstream:short)%00%(objectname)%00%(upstream:track)%00%(upstream:remotename)%00%(upstream:remoteref) refs/heads/gtk3 refs/remotes/gtk3 [11ms]
2025-07-20 17:04:05.939 [info] > git status -z -uall [21ms]
2025-07-20 17:04:05.967 [info] > git show --textconv :gtkgreet/actions.cpp [5ms]
2025-07-20 17:04:05.968 [info] > git for-each-ref --sort -committerdate --format %(refname)%00%(objectname)%00%(*objectname) [31ms]
2025-07-20 17:04:06.010 [info] > git merge-base refs/heads/gtk3 refs/remotes/origin/gtk3 [6ms]
2025-07-20 17:04:06.054 [info] > git diff --name-status -z --diff-filter=ADMR c3c96d22676e44af1246ac5705576ee6caee5a4a...refs/remotes/origin/gtk3 [9ms]
2025-07-20 17:04:20.505 [info] > git show --textconv :gtkgreet/main.cpp [24ms]
2025-07-20 17:04:20.510 [info] > git ls-files --stage -- gtkgreet/main.cpp [6ms]
2025-07-20 17:04:20.530 [info] > git cat-file -s 8fc9f6e96aac8d4fd1ad73761bb0d79fd3442b6b [7ms]
2025-07-20 17:04:20.608 [info] > git blame --root --incremental c3c96d22676e44af1246ac5705576ee6caee5a4a -- gtkgreet/main.cpp [33ms]
2025-07-20 17:04:51.205 [info] > git show --textconv :gtkgreet/window.c [38ms]
2025-07-20 17:04:51.208 [info] > git ls-files --stage -- gtkgreet/window.c [8ms]
2025-07-20 17:04:51.255 [info] > git cat-file -s 19300328af027d81a148a1c990c9cd670b6e2d33 [16ms]
2025-07-20 17:04:51.342 [info] > git blame --root --incremental c3c96d22676e44af1246ac5705576ee6caee5a4a -- gtkgreet/window.c [37ms]
2025-07-20 17:05:39.717 [info] > git config --get commit.template [10ms]
2025-07-20 17:05:39.719 [info] > git for-each-ref --format=%(refname)%00%(upstream:short)%00%(objectname)%00%(upstream:track)%00%(upstream:remotename)%00%(upstream:remoteref) refs/heads/gtk3 refs/remotes/gtk3 [3ms]
2025-07-20 17:05:39.738 [info] > git status -z -uall [10ms]
2025-07-20 17:05:39.741 [info] > git for-each-ref --sort -committerdate --format %(refname)%00%(objectname)%00%(*objectname) [4ms]
2025-07-20 17:05:44.791 [info] > git config --get commit.template [21ms]
2025-07-20 17:05:44.796 [info] > git for-each-ref --format=%(refname)%00%(upstream:short)%00%(objectname)%00%(upstream:track)%00%(upstream:remotename)%00%(upstream:remoteref) refs/heads/gtk3 refs/remotes/gtk3 [7ms]
2025-07-20 17:05:44.840 [info] > git status -z -uall [23ms]
2025-07-20 17:05:44.849 [info] > git for-each-ref --sort -committerdate --format %(refname)%00%(objectname)%00%(*objectname) [11ms]
2025-07-20 17:08:02.616 [info] > git config --get commit.template [25ms]
2025-07-20 17:08:02.621 [info] > git for-each-ref --format=%(refname)%00%(upstream:short)%00%(objectname)%00%(upstream:track)%00%(upstream:remotename)%00%(upstream:remoteref) refs/heads/gtk3 refs/remotes/gtk3 [8ms]
2025-07-20 17:08:02.661 [info] > git status -z -uall [20ms]
2025-07-20 17:08:02.664 [info] > git for-each-ref --sort -committerdate --format %(refname)%00%(objectname)%00%(*objectname) [5ms]
2025-07-20 17:08:07.714 [info] > git config --get commit.template [22ms]
2025-07-20 17:08:07.719 [info] > git for-each-ref --format=%(refname)%00%(upstream:short)%00%(objectname)%00%(upstream:track)%00%(upstream:remotename)%00%(upstream:remoteref) refs/heads/gtk3 refs/remotes/gtk3 [7ms]
2025-07-20 17:08:07.757 [info] > git status -z -uall [19ms]
2025-07-20 17:08:07.761 [info] > git for-each-ref --sort -committerdate --format %(refname)%00%(objectname)%00%(*objectname) [5ms]
2025-07-20 17:08:12.785 [info] > git config --get commit.template [11ms]
2025-07-20 17:08:12.787 [info] > git for-each-ref --format=%(refname)%00%(upstream:short)%00%(objectname)%00%(upstream:track)%00%(upstream:remotename)%00%(upstream:remoteref) refs/heads/gtk3 refs/remotes/gtk3 [3ms]
2025-07-20 17:08:12.806 [info] > git status -z -uall [11ms]
2025-07-20 17:08:12.808 [info] > git for-each-ref --sort -committerdate --format %(refname)%00%(objectname)%00%(*objectname) [5ms]
2025-07-20 17:08:17.851 [info] > git config --get commit.template [19ms]
2025-07-20 17:08:17.852 [info] > git for-each-ref --format=%(refname)%00%(upstream:short)%00%(objectname)%00%(upstream:track)%00%(upstream:remotename)%00%(upstream:remoteref) refs/heads/gtk3 refs/remotes/gtk3 [3ms]
2025-07-20 17:08:17.868 [info] > git status -z -uall [8ms]
2025-07-20 17:08:17.873 [info] > git for-each-ref --sort -committerdate --format %(refname)%00%(objectname)%00%(*objectname) [5ms]
2025-07-20 17:08:33.668 [info] > git show --textconv :gtkgreet/gtkgreet.cpp [19ms]
2025-07-20 17:08:33.673 [info] > git ls-files --stage -- gtkgreet/gtkgreet.cpp [6ms]
2025-07-20 17:08:33.685 [info] > git cat-file -s 82135ded1e76a3b0c77fcc7069a40ae0cae803f9 [3ms]
2025-07-20 17:08:33.715 [info] > git blame --root --incremental c3c96d22676e44af1246ac5705576ee6caee5a4a -- gtkgreet/gtkgreet.cpp [13ms]
2025-07-20 17:09:58.270 [info] > git show --textconv :gtkgreet/window.c [22ms]
2025-07-20 17:09:58.273 [info] > git ls-files --stage -- gtkgreet/window.c [7ms]
2025-07-20 17:09:58.288 [info] > git cat-file -s 19300328af027d81a148a1c990c9cd670b6e2d33 [5ms]
2025-07-20 17:10:03.938 [info] > git config --get commit.template [9ms]
2025-07-20 17:10:03.977 [info] > git for-each-ref --format=%(refname)%00%(upstream:short)%00%(objectname)%00%(upstream:track)%00%(upstream:remotename)%00%(upstream:remoteref) refs/heads/gtk3 refs/remotes/gtk3 [7ms]
2025-07-20 17:10:04.036 [info] > git status -z -uall [19ms]
2025-07-20 17:10:04.036 [info] > git for-each-ref --sort -committerdate --format %(refname)%00%(objectname)%00%(*objectname) [7ms]
2025-07-20 17:11:03.758 [info] > git config --get commit.template [20ms]
2025-07-20 17:11:03.763 [info] > git for-each-ref --format=%(refname)%00%(upstream:short)%00%(objectname)%00%(upstream:track)%00%(upstream:remotename)%00%(upstream:remoteref) refs/heads/gtk3 refs/remotes/gtk3 [7ms]
2025-07-20 17:11:03.807 [info] > git status -z -uall [24ms]
2025-07-20 17:11:03.815 [info] > git for-each-ref --sort -committerdate --format %(refname)%00%(objectname)%00%(*objectname) [10ms]
2025-07-20 17:11:08.891 [info] > git config --get commit.template [27ms]
2025-07-20 17:11:08.898 [info] > git for-each-ref --format=%(refname)%00%(upstream:short)%00%(objectname)%00%(upstream:track)%00%(upstream:remotename)%00%(upstream:remoteref) refs/heads/gtk3 refs/remotes/gtk3 [10ms]
2025-07-20 17:11:08.956 [info] > git status -z -uall [32ms]
2025-07-20 17:11:08.963 [info] > git for-each-ref --sort -committerdate --format %(refname)%00%(objectname)%00%(*objectname) [11ms]
2025-07-20 17:11:56.402 [info] > git config --get commit.template [25ms]
2025-07-20 17:11:56.406 [info] > git for-each-ref --format=%(refname)%00%(upstream:short)%00%(objectname)%00%(upstream:track)%00%(upstream:remotename)%00%(upstream:remoteref) refs/heads/gtk3 refs/remotes/gtk3 [6ms]
2025-07-20 17:11:56.424 [info] > git status -z -uall [9ms]
2025-07-20 17:11:56.426 [info] > git for-each-ref --sort -committerdate --format %(refname)%00%(objectname)%00%(*objectname) [3ms]
2025-07-20 17:12:03.323 [info] > git config --get commit.template [17ms]
2025-07-20 17:12:03.324 [info] > git for-each-ref --format=%(refname)%00%(upstream:short)%00%(objectname)%00%(upstream:track)%00%(upstream:remotename)%00%(upstream:remoteref) refs/heads/gtk3 refs/remotes/gtk3 [6ms]
2025-07-20 17:12:03.346 [info] > git status -z -uall [14ms]
2025-07-20 17:12:03.349 [info] > git for-each-ref --sort -committerdate --format %(refname)%00%(objectname)%00%(*objectname) [4ms]
2025-07-20 17:12:47.810 [info] > git config --get commit.template [12ms]
2025-07-20 17:12:47.813 [info] > git for-each-ref --format=%(refname)%00%(upstream:short)%00%(objectname)%00%(upstream:track)%00%(upstream:remotename)%00%(upstream:remoteref) refs/heads/gtk3 refs/remotes/gtk3 [3ms]
2025-07-20 17:12:47.834 [info] > git status -z -uall [11ms]
2025-07-20 17:12:47.836 [info] > git for-each-ref --sort -committerdate --format %(refname)%00%(objectname)%00%(*objectname) [3ms]
2025-07-20 17:12:52.880 [info] > git config --get commit.template [21ms]
2025-07-20 17:12:52.884 [info] > git for-each-ref --format=%(refname)%00%(upstream:short)%00%(objectname)%00%(upstream:track)%00%(upstream:remotename)%00%(upstream:remoteref) refs/heads/gtk3 refs/remotes/gtk3 [6ms]
2025-07-20 17:12:52.906 [info] > git status -z -uall [10ms]
2025-07-20 17:12:52.909 [info] > git for-each-ref --sort -committerdate --format %(refname)%00%(objectname)%00%(*objectname) [4ms]
2025-07-20 17:12:57.952 [info] > git config --get commit.template [12ms]
2025-07-20 17:12:57.954 [info] > git for-each-ref --format=%(refname)%00%(upstream:short)%00%(objectname)%00%(upstream:track)%00%(upstream:remotename)%00%(upstream:remoteref) refs/heads/gtk3 refs/remotes/gtk3 [3ms]
2025-07-20 17:12:57.969 [info] > git status -z -uall [8ms]
2025-07-20 17:12:57.972 [info] > git for-each-ref --sort -committerdate --format %(refname)%00%(objectname)%00%(*objectname) [3ms]
2025-07-20 17:13:06.602 [info] > git config --get commit.template [19ms]
2025-07-20 17:13:06.606 [info] > git for-each-ref --format=%(refname)%00%(upstream:short)%00%(objectname)%00%(upstream:track)%00%(upstream:remotename)%00%(upstream:remoteref) refs/heads/gtk3 refs/remotes/gtk3 [6ms]
2025-07-20 17:13:06.627 [info] > git status -z -uall [13ms]
2025-07-20 17:13:06.629 [info] > git for-each-ref --sort -committerdate --format %(refname)%00%(objectname)%00%(*objectname) [3ms]
2025-07-20 17:13:19.297 [info] > git config --get commit.template [24ms]
2025-07-20 17:13:19.301 [info] > git for-each-ref --format=%(refname)%00%(upstream:short)%00%(objectname)%00%(upstream:track)%00%(upstream:remotename)%00%(upstream:remoteref) refs/heads/gtk3 refs/remotes/gtk3 [7ms]
2025-07-20 17:13:19.320 [info] > git status -z -uall [9ms]
2025-07-20 17:13:19.322 [info] > git for-each-ref --sort -committerdate --format %(refname)%00%(objectname)%00%(*objectname) [3ms]
2025-07-20 17:13:26.646 [info] > git config --get commit.template [10ms]
2025-07-20 17:13:26.649 [info] > git for-each-ref --format=%(refname)%00%(upstream:short)%00%(objectname)%00%(upstream:track)%00%(upstream:remotename)%00%(upstream:remoteref) refs/heads/gtk3 refs/remotes/gtk3 [4ms]
2025-07-20 17:13:26.669 [info] > git status -z -uall [12ms]
2025-07-20 17:13:26.670 [info] > git for-each-ref --sort -committerdate --format %(refname)%00%(objectname)%00%(*objectname) [4ms]
2025-07-20 18:35:29.944 [info] > git config --get commit.template [30ms]
2025-07-20 18:35:29.959 [info] > git for-each-ref --format=%(refname)%00%(upstream:short)%00%(objectname)%00%(upstream:track)%00%(upstream:remotename)%00%(upstream:remoteref) refs/heads/gtk3 refs/remotes/gtk3 [13ms]
2025-07-20 18:35:30.022 [info] > git status -z -uall [32ms]
2025-07-20 18:35:30.022 [info] > git for-each-ref --sort -committerdate --format %(refname)%00%(objectname)%00%(*objectname) [7ms]
2025-07-20 18:42:23.819 [info] > git config --get commit.template [22ms]
2025-07-20 18:42:23.824 [info] > git for-each-ref --format=%(refname)%00%(upstream:short)%00%(objectname)%00%(upstream:track)%00%(upstream:remotename)%00%(upstream:remoteref) refs/heads/gtk3 refs/remotes/gtk3 [16ms]
2025-07-20 18:42:23.852 [info] > git status -z -uall [20ms]
2025-07-20 18:42:23.853 [info] > git for-each-ref --sort -committerdate --format %(refname)%00%(objectname)%00%(*objectname) [13ms]
2025-07-20 18:42:24.043 [info] > git check-ignore -v -z --stdin [6ms]
2025-07-20 18:42:57.173 [info] > git check-ignore -v -z --stdin [7ms]
2025-07-20 18:43:09.139 [info] > git ls-files --stage -- gtkgreet/window.c [4ms]
2025-07-20 18:43:09.153 [info] > git show --textconv :gtkgreet/window.c [32ms]
2025-07-20 18:43:09.156 [info] > git cat-file -s 19300328af027d81a148a1c990c9cd670b6e2d33 [4ms]
2025-07-20 18:52:44.413 [info] > git config --get commit.template [21ms]
2025-07-20 18:52:44.417 [info] > git for-each-ref --format=%(refname)%00%(upstream:short)%00%(objectname)%00%(upstream:track)%00%(upstream:remotename)%00%(upstream:remoteref) refs/heads/gtk3 refs/remotes/gtk3 [5ms]
2025-07-20 18:52:44.433 [info] > git status -z -uall [9ms]
2025-07-20 18:52:44.437 [info] > git for-each-ref --sort -committerdate --format %(refname)%00%(objectname)%00%(*objectname) [5ms]
2025-07-20 18:52:49.484 [info] > git config --get commit.template [19ms]
2025-07-20 18:52:49.490 [info] > git for-each-ref --format=%(refname)%00%(upstream:short)%00%(objectname)%00%(upstream:track)%00%(upstream:remotename)%00%(upstream:remoteref) refs/heads/gtk3 refs/remotes/gtk3 [8ms]
2025-07-20 18:52:49.510 [info] > git status -z -uall [8ms]
2025-07-20 18:52:49.513 [info] > git for-each-ref --sort -committerdate --format %(refname)%00%(objectname)%00%(*objectname) [3ms]
2025-07-20 18:53:04.544 [info] > git config --get commit.template [12ms]
2025-07-20 18:53:04.563 [info] > git for-each-ref --format=%(refname)%00%(upstream:short)%00%(objectname)%00%(upstream:track)%00%(upstream:remotename)%00%(upstream:remoteref) refs/heads/gtk3 refs/remotes/gtk3 [6ms]
2025-07-20 18:53:04.579 [info] > git status -z -uall [7ms]
2025-07-20 18:53:04.581 [info] > git for-each-ref --sort -committerdate --format %(refname)%00%(objectname)%00%(*objectname) [3ms]
2025-07-20 18:53:09.602 [info] > git config --get commit.template [3ms]
2025-07-20 18:53:09.612 [info] > git for-each-ref --format=%(refname)%00%(upstream:short)%00%(objectname)%00%(upstream:track)%00%(upstream:remotename)%00%(upstream:remoteref) refs/heads/gtk3 refs/remotes/gtk3 [3ms]
2025-07-20 18:53:09.627 [info] > git status -z -uall [8ms]
2025-07-20 18:53:09.629 [info] > git for-each-ref --sort -committerdate --format %(refname)%00%(objectname)%00%(*objectname) [3ms]
2025-07-20 18:53:14.672 [info] > git config --get commit.template [19ms]
2025-07-20 18:53:14.675 [info] > git for-each-ref --format=%(refname)%00%(upstream:short)%00%(objectname)%00%(upstream:track)%00%(upstream:remotename)%00%(upstream:remoteref) refs/heads/gtk3 refs/remotes/gtk3 [4ms]
2025-07-20 18:53:14.692 [info] > git status -z -uall [8ms]
2025-07-20 18:53:14.694 [info] > git for-each-ref --sort -committerdate --format %(refname)%00%(objectname)%00%(*objectname) [3ms]
2025-07-20 18:53:19.740 [info] > git config --get commit.template [21ms]
2025-07-20 18:53:19.745 [info] > git for-each-ref --format=%(refname)%00%(upstream:short)%00%(objectname)%00%(upstream:track)%00%(upstream:remotename)%00%(upstream:remoteref) refs/heads/gtk3 refs/remotes/gtk3 [7ms]
2025-07-20 18:53:19.765 [info] > git status -z -uall [9ms]
2025-07-20 18:53:19.768 [info] > git for-each-ref --sort -committerdate --format %(refname)%00%(objectname)%00%(*objectname) [4ms]
